#
# There is insufficient memory for the Java Runtime Environment to continue.
# Native memory allocation (mmap) failed to map 499122176 bytes for G1 virtual space
# Possible reasons:
#   The system is out of physical RAM or swap space
#   The process is running with CompressedOops enabled, and the Java Heap may be blocking the growth of the native heap
# Possible solutions:
#   Reduce memory load on the system
#   Increase physical memory or swap space
#   Check if swap backing store is full
#   Decrease Java heap size (-Xmx/-Xms)
#   Decrease number of Java threads
#   Decrease Java thread stack sizes (-Xss)
#   Set larger code cache with -XX:ReservedCodeCacheSize=
#   JVM is running with Zero Based Compressed Oops mode in which the Java heap is
#     placed in the first 32GB address space. The Java Heap base address is the
#     maximum limit for the native heap growth. Please use -XX:HeapBaseMinAddress
#     to set the Java Heap base and to place the Java Heap above 32GB virtual address.
# This output file may be truncated or incomplete.
#
#  Out of Memory Error (os_windows.cpp:3548), pid=19560, tid=21092
#
# JRE version: OpenJDK Runtime Environment Temurin-17.0.5+8 (17.0.5+8) (build 17.0.5+8)
# Java VM: OpenJDK 64-Bit Server VM Temurin-17.0.5+8 (17.0.5+8, mixed mode, emulated-client, tiered, compressed oops, compressed class ptrs, g1 gc, windows-amd64)
# No core dump will be written. Minidumps are not enabled by default on client versions of Windows
#

---------------  S U M M A R Y ------------

Command Line: -Dsts.lsp.client=vscode -Dsts.log.file=/dev/null -XX:TieredStopAtLevel=1 -Xlog:jni+resolve=off -Dspring.config.location=file:c:\Users\losni\.vscode\extensions\pivotal.vscode-spring-boot-1.43.0\language-server\BOOT-INF\classes\application.properties org.springframework.ide.vscode.boot.app.BootLanguageServerBootApp

Host: AMD Ryzen 5 5600X 6-Core Processor             , 12 cores, 19G,  Windows 10 , 64 bit Build 19041 (10.0.19041.2364)
Time: Sun Jan  8 18:05:43 2023 Argentina Standard Time elapsed time: 5.165343 seconds (0d 0h 0m 5s)

---------------  T H R E A D  ---------------

Current thread (0x000001dd37eb1700):  VMThread "VM Thread" [stack: 0x0000002286200000,0x0000002286300000] [id=21092]

Stack: [0x0000002286200000,0x0000002286300000]
Native frames: (J=compiled Java code, j=interpreted, Vv=VM code, C=native code)
V  [jvm.dll+0x676b3a]
V  [jvm.dll+0x831444]
V  [jvm.dll+0x832bee]
V  [jvm.dll+0x833253]
V  [jvm.dll+0x244ce5]
V  [jvm.dll+0x673a49]
V  [jvm.dll+0x66811a]
V  [jvm.dll+0x303ceb]
V  [jvm.dll+0x30b1e6]
V  [jvm.dll+0x35adbe]
V  [jvm.dll+0x35afef]
V  [jvm.dll+0x2dab88]
V  [jvm.dll+0x2d8e3c]
V  [jvm.dll+0x2d840c]
V  [jvm.dll+0x31c31b]
V  [jvm.dll+0x8376fb]
V  [jvm.dll+0x838434]
V  [jvm.dll+0x83894c]
V  [jvm.dll+0x838d24]
V  [jvm.dll+0x838df0]
V  [jvm.dll+0x7e17ea]
V  [jvm.dll+0x6759e5]
C  [ucrtbase.dll+0x21bb2]
C  [KERNEL32.DLL+0x17614]
C  [ntdll.dll+0x526a1]

VM_Operation (0x00000022897fe7a0): G1CollectForAllocation, mode: safepoint, requested by thread 0x000001dd3a1e5150


---------------  P R O C E S S  ---------------

Threads class SMR info:
_java_thread_list=0x000001dd3ceab810, length=48, elements={
0x000001dd37edc480, 0x000001dd37efe3b0, 0x000001dd38856130, 0x000001dd38858cc0,
0x000001dd3885a590, 0x000001dd3885ae50, 0x000001dd38866c20, 0x000001dd38869530,
0x000001dd38a59010, 0x000001dd38a63560, 0x000001dd38a6da90, 0x000001dd38a71f80,
0x000001dd397adcd0, 0x000001dd39df1840, 0x000001dd39f1d450, 0x000001dd3a03e650,
0x000001dd23549860, 0x000001dd39b0b0a0, 0x000001dd3a0c4d30, 0x000001dd3a051d40,
0x000001dd3a053a20, 0x000001dd3a050530, 0x000001dd3a051870, 0x000001dd3a0526e0,
0x000001dd3a0513a0, 0x000001dd3a052210, 0x000001dd3a050060, 0x000001dd3a052bb0,
0x000001dd3a053080, 0x000001dd3a050a00, 0x000001dd3a053550, 0x000001dd3a050ed0,
0x000001dd3a1e8fe0, 0x000001dd3a1e7300, 0x000001dd3a1e8640, 0x000001dd3a1e8170,
0x000001dd3a1e3470, 0x000001dd3a1e5af0, 0x000001dd3a1e94b0, 0x000001dd3a1e77d0,
0x000001dd3a1e9980, 0x000001dd3a1e5150, 0x000001dd3a1e3940, 0x000001dd3a1e3e10,
0x000001dd3a1e5620, 0x000001dd3a1e4c80, 0x000001dd3a1e2600, 0x000001dd3a1e5fc0
}

Java Threads: ( => current thread )
  0x000001dd37edc480 JavaThread "Reference Handler" daemon [_thread_blocked, id=2192, stack(0x0000002286300000,0x0000002286400000)]
  0x000001dd37efe3b0 JavaThread "Finalizer" daemon [_thread_blocked, id=8772, stack(0x0000002286400000,0x0000002286500000)]
  0x000001dd38856130 JavaThread "Signal Dispatcher" daemon [_thread_blocked, id=21236, stack(0x0000002286500000,0x0000002286600000)]
  0x000001dd38858cc0 JavaThread "Attach Listener" daemon [_thread_blocked, id=21716, stack(0x0000002286600000,0x0000002286700000)]
  0x000001dd3885a590 JavaThread "Service Thread" daemon [_thread_blocked, id=21636, stack(0x0000002286700000,0x0000002286800000)]
  0x000001dd3885ae50 JavaThread "Monitor Deflation Thread" daemon [_thread_blocked, id=19220, stack(0x0000002286800000,0x0000002286900000)]
  0x000001dd38866c20 JavaThread "C1 CompilerThread0" daemon [_thread_blocked, id=21056, stack(0x0000002286900000,0x0000002286a00000)]
  0x000001dd38869530 JavaThread "Sweeper thread" daemon [_thread_blocked, id=7512, stack(0x0000002286a00000,0x0000002286b00000)]
  0x000001dd38a59010 JavaThread "C1 CompilerThread1" daemon [_thread_blocked, id=19308, stack(0x0000002286b00000,0x0000002286c00000)]
  0x000001dd38a63560 JavaThread "C1 CompilerThread2" daemon [_thread_blocked, id=21872, stack(0x0000002286c00000,0x0000002286d00000)]
  0x000001dd38a6da90 JavaThread "Notification Thread" daemon [_thread_blocked, id=21664, stack(0x0000002286d00000,0x0000002286e00000)]
  0x000001dd38a71f80 JavaThread "Common-Cleaner" daemon [_thread_blocked, id=12120, stack(0x0000002286f00000,0x0000002287000000)]
  0x000001dd397adcd0 JavaThread "C1 CompilerThread3" daemon [_thread_blocked, id=21584, stack(0x0000002287600000,0x0000002287700000)]
  0x000001dd39df1840 JavaThread "boundedElastic-evictor-1" daemon [_thread_blocked, id=984, stack(0x0000002287700000,0x0000002287800000)]
  0x000001dd39f1d450 JavaThread "pool-11-thread-1" [_thread_blocked, id=18868, stack(0x0000002287d00000,0x0000002287e00000)]
  0x000001dd3a03e650 JavaThread "LanguageServerApp-lifecycle" [_thread_blocked, id=12516, stack(0x0000002287e00000,0x0000002287f00000)]
  0x000001dd23549860 JavaThread "DestroyJavaVM" [_thread_blocked, id=2136, stack(0x0000002285c00000,0x0000002285d00000)]
  0x000001dd39b0b0a0 JavaThread "pool-12-thread-1" [_thread_in_native, id=21856, stack(0x0000002287f00000,0x0000002288000000)]
  0x000001dd3a0c4d30 JavaThread "Simple-Language-Server main thread" daemon [_thread_blocked, id=14908, stack(0x0000002288000000,0x0000002288100000)]
  0x000001dd3a051d40 JavaThread "parallel-1" daemon [_thread_blocked, id=22428, stack(0x0000002288100000,0x0000002288200000)]
  0x000001dd3a053a20 JavaThread "ForkJoinPool.commonPool-worker-1" daemon [_thread_blocked, id=22484, stack(0x0000002288200000,0x0000002288300000)]
  0x000001dd3a050530 JavaThread "pool-5-thread-1" [_thread_blocked, id=21528, stack(0x0000002288300000,0x0000002288400000)]
  0x000001dd3a051870 JavaThread "ForkJoinPool.commonPool-worker-2" daemon [_thread_blocked, id=22052, stack(0x0000002288400000,0x0000002288500000)]
  0x000001dd3a0526e0 JavaThread "ClassGraph-worker-0" daemon [_thread_blocked, id=22396, stack(0x0000002288500000,0x0000002288600000)]
  0x000001dd3a0513a0 JavaThread "ClassGraph-worker-1" daemon [_thread_blocked, id=21668, stack(0x0000002288600000,0x0000002288700000)]
  0x000001dd3a052210 JavaThread "ClassGraph-worker-2" daemon [_thread_blocked, id=22264, stack(0x0000002288700000,0x0000002288800000)]
  0x000001dd3a050060 JavaThread "ClassGraph-worker-3" daemon [_thread_blocked, id=21876, stack(0x0000002288800000,0x0000002288900000)]
  0x000001dd3a052bb0 JavaThread "ClassGraph-worker-4" daemon [_thread_blocked, id=21968, stack(0x0000002288900000,0x0000002288a00000)]
  0x000001dd3a053080 JavaThread "ClassGraph-worker-5" daemon [_thread_blocked, id=22268, stack(0x0000002288a00000,0x0000002288b00000)]
  0x000001dd3a050a00 JavaThread "ClassGraph-worker-6" daemon [_thread_blocked, id=21588, stack(0x0000002288b00000,0x0000002288c00000)]
  0x000001dd3a053550 JavaThread "ClassGraph-worker-7" daemon [_thread_blocked, id=22416, stack(0x0000002288c00000,0x0000002288d00000)]
  0x000001dd3a050ed0 JavaThread "ClassGraph-worker-8" daemon [_thread_blocked, id=22072, stack(0x0000002288d00000,0x0000002288e00000)]
  0x000001dd3a1e8fe0 JavaThread "ClassGraph-worker-9" daemon [_thread_blocked, id=21984, stack(0x0000002288e00000,0x0000002288f00000)]
  0x000001dd3a1e7300 JavaThread "ClassGraph-worker-10" daemon [_thread_blocked, id=9204, stack(0x0000002288f00000,0x0000002289000000)]
  0x000001dd3a1e8640 JavaThread "ClassGraph-worker-11" daemon [_thread_blocked, id=18284, stack(0x0000002289000000,0x0000002289100000)]
  0x000001dd3a1e8170 JavaThread "ClassGraph-worker-12" daemon [_thread_blocked, id=22368, stack(0x0000002289100000,0x0000002289200000)]
  0x000001dd3a1e3470 JavaThread "ClassGraph-worker-13" daemon [_thread_blocked, id=7528, stack(0x0000002289200000,0x0000002289300000)]
  0x000001dd3a1e5af0 JavaThread "ClassGraph-worker-14" daemon [_thread_blocked, id=21924, stack(0x0000002289300000,0x0000002289400000)]
  0x000001dd3a1e94b0 JavaThread "ClassGraph-worker-15" daemon [_thread_blocked, id=19656, stack(0x0000002289400000,0x0000002289500000)]
  0x000001dd3a1e77d0 JavaThread "ClassGraph-worker-16" daemon [_thread_blocked, id=22064, stack(0x0000002289500000,0x0000002289600000)]
  0x000001dd3a1e9980 JavaThread "ClassGraph-worker-17" daemon [_thread_blocked, id=21904, stack(0x0000002289600000,0x0000002289700000)]
  0x000001dd3a1e5150 JavaThread "ClassGraph-worker-18" daemon [_thread_blocked, id=22444, stack(0x0000002289700000,0x0000002289800000)]
  0x000001dd3a1e3940 JavaThread "parallel-2" daemon [_thread_blocked, id=17456, stack(0x0000002289800000,0x0000002289900000)]
  0x000001dd3a1e3e10 JavaThread "Reconciler-1" daemon [_thread_blocked, id=9620, stack(0x0000002289a00000,0x0000002289b00000)]
  0x000001dd3a1e5620 JavaThread "pool-6-thread-1" [_thread_blocked, id=21436, stack(0x0000002289b00000,0x0000002289c00000)]
  0x000001dd3a1e4c80 JavaThread "pool-10-thread-1" [_thread_blocked, id=10516, stack(0x0000002289c00000,0x0000002289d00000)]
  0x000001dd3a1e2600 JavaThread "pool-10-thread-2" [_thread_blocked, id=18836, stack(0x0000002289d00000,0x0000002289e00000)]
  0x000001dd3a1e5fc0 JavaThread "Keep-Alive-Timer" daemon [_thread_blocked, id=18008, stack(0x000000228a100000,0x000000228a200000)]

Other Threads:
=>0x000001dd37eb1700 VMThread "VM Thread" [stack: 0x0000002286200000,0x0000002286300000] [id=21092]
  0x000001dd235efdf0 WatcherThread [stack: 0x0000002286e00000,0x0000002286f00000] [id=19300]
  0x000001dd235c0c80 GCTaskThread "GC Thread#0" [stack: 0x0000002285d00000,0x0000002285e00000] [id=800]
  0x000001dd39566a10 GCTaskThread "GC Thread#1" [stack: 0x0000002287000000,0x0000002287100000] [id=4020]
  0x000001dd39566cc0 GCTaskThread "GC Thread#2" [stack: 0x0000002287100000,0x0000002287200000] [id=3224]
  0x000001dd39566f70 GCTaskThread "GC Thread#3" [stack: 0x0000002287200000,0x0000002287300000] [id=17752]
  0x000001dd39567220 GCTaskThread "GC Thread#4" [stack: 0x0000002287300000,0x0000002287400000] [id=22292]
  0x000001dd395674d0 GCTaskThread "GC Thread#5" [stack: 0x0000002287400000,0x0000002287500000] [id=6720]
  0x000001dd39567780 GCTaskThread "GC Thread#6" [stack: 0x0000002287500000,0x0000002287600000] [id=16388]
  0x000001dd399496c0 GCTaskThread "GC Thread#7" [stack: 0x0000002287800000,0x0000002287900000] [id=19004]
  0x000001dd39967450 GCTaskThread "GC Thread#8" [stack: 0x0000002287900000,0x0000002287a00000] [id=11592]
  0x000001dd39967700 GCTaskThread "GC Thread#9" [stack: 0x0000002287a00000,0x0000002287b00000] [id=3400]
  0x000001dd235cca30 ConcurrentGCThread "G1 Main Marker" [stack: 0x0000002285e00000,0x0000002285f00000] [id=17728]
  0x000001dd235cdaf0 ConcurrentGCThread "G1 Conc#0" [stack: 0x0000002285f00000,0x0000002286000000] [id=22020]
  0x000001dd399de970 ConcurrentGCThread "G1 Conc#1" [stack: 0x0000002287b00000,0x0000002287c00000] [id=268]
  0x000001dd399f51f0 ConcurrentGCThread "G1 Conc#2" [stack: 0x0000002287c00000,0x0000002287d00000] [id=21640]
  0x000001dd37d5d130 ConcurrentGCThread "G1 Refine#0" [stack: 0x0000002286000000,0x0000002286100000] [id=20340]
  0x000001dd3a249f70 ConcurrentGCThread "G1 Refine#1" [stack: 0x0000002289900000,0x0000002289a00000] [id=14832]
  0x000001dd3c65b570 ConcurrentGCThread "G1 Refine#2" [stack: 0x0000002289e00000,0x0000002289f00000] [id=20336]
  0x000001dd3c65b290 ConcurrentGCThread "G1 Refine#3" [stack: 0x0000002289f00000,0x000000228a000000] [id=15804]
  0x000001dd3c65bb30 ConcurrentGCThread "G1 Refine#4" [stack: 0x000000228a000000,0x000000228a100000] [id=21940]
  0x000001dd37d5d960 ConcurrentGCThread "G1 Service" [stack: 0x0000002286100000,0x0000002286200000] [id=22160]

Threads with active compile tasks:

VM state: at safepoint (normal execution)

VM Mutex/Monitor currently owned by a thread:  ([mutex/lock_event])
[0x000001dd2139ad70] Threads_lock - owner thread: 0x000001dd37eb1700
[0x000001dd23538990] Heap_lock - owner thread: 0x000001dd3a1e5150

Heap address: 0x00000006c1400000, size: 5100 MB, Compressed Oops mode: Zero based, Oop shift amount: 3

CDS archive(s) not mapped
Compressed class space mapped at: 0x0000000800000000-0x0000000840000000, reserved size: 1073741824
Narrow klass base: 0x0000000800000000, Narrow klass shift: 0, Narrow klass range: 0x40000000

GC Precious Log:
 CPUs: 12 total, 12 available
 Memory: 20391M
 Large Page Support: Disabled
 NUMA Support: Disabled
 Compressed Oops: Enabled (Zero based)
 Heap Region Size: 4M
 Heap Min Capacity: 8M
 Heap Initial Capacity: 320M
 Heap Max Capacity: 5100M
 Pre-touch: Disabled
 Parallel Workers: 10
 Concurrent Workers: 3
 Concurrent Refinement Workers: 10
 Periodic GC: Disabled

Heap:
 garbage-first heap   total 745472K, used 186048K [0x00000006c1400000, 0x0000000800000000)
  region size 4096K, 10 young (40960K), 10 survivors (40960K)
 Metaspace       used 51921K, committed 52416K, reserved 1097728K
  class space    used 6539K, committed 6784K, reserved 1048576K

Heap Regions: E=young(eden), S=young(survivor), O=old, HS=humongous(starts), HC=humongous(continues), CS=collection set, F=free, OA=open archive, CA=closed archive, TAMS=top-at-mark-start (previous, next)
|   0|0x00000006c1400000, 0x00000006c1800000, 0x00000006c1800000|100%| O|  |TAMS 0x00000006c1800000, 0x00000006c1400000| Untracked 
|   1|0x00000006c1800000, 0x00000006c1c00000, 0x00000006c1c00000|100%| O|  |TAMS 0x00000006c1800000, 0x00000006c1800000| Untracked 
|   2|0x00000006c1c00000, 0x00000006c2000000, 0x00000006c2000000|100%| O|  |TAMS 0x00000006c2000000, 0x00000006c1c00000| Untracked 
|   3|0x00000006c2000000, 0x00000006c2400000, 0x00000006c2400000|100%| O|  |TAMS 0x00000006c2400000, 0x00000006c2000000| Untracked 
|   4|0x00000006c2400000, 0x00000006c2800000, 0x00000006c2800000|100%| O|  |TAMS 0x00000006c2400000, 0x00000006c2400000| Untracked 
|   5|0x00000006c2800000, 0x00000006c2c00000, 0x00000006c2c00000|100%| O|  |TAMS 0x00000006c2800000, 0x00000006c2800000| Untracked 
|   6|0x00000006c2c00000, 0x00000006c3000000, 0x00000006c3000000|100%| O|  |TAMS 0x00000006c2c00000, 0x00000006c2c00000| Untracked 
|   7|0x00000006c3000000, 0x00000006c3400000, 0x00000006c3400000|100%| O|  |TAMS 0x00000006c3000000, 0x00000006c3000000| Untracked 
|   8|0x00000006c3400000, 0x00000006c3800000, 0x00000006c3800000|100%| O|  |TAMS 0x00000006c3400000, 0x00000006c3400000| Untracked 
|   9|0x00000006c3800000, 0x00000006c3c00000, 0x00000006c3c00000|100%| O|  |TAMS 0x00000006c3800000, 0x00000006c3800000| Untracked 
|  10|0x00000006c3c00000, 0x00000006c4000000, 0x00000006c4000000|100%| O|  |TAMS 0x00000006c3c00000, 0x00000006c3c00000| Untracked 
|  11|0x00000006c4000000, 0x00000006c4400000, 0x00000006c4400000|100%| O|  |TAMS 0x00000006c4000000, 0x00000006c4000000| Untracked 
|  12|0x00000006c4400000, 0x00000006c4800000, 0x00000006c4800000|100%| O|  |TAMS 0x00000006c4400000, 0x00000006c4400000| Untracked 
|  13|0x00000006c4800000, 0x00000006c4c00000, 0x00000006c4c00000|100%| O|  |TAMS 0x00000006c4800000, 0x00000006c4800000| Untracked 
|  14|0x00000006c4c00000, 0x00000006c5000000, 0x00000006c5000000|100%| O|  |TAMS 0x00000006c4c00000, 0x00000006c4c00000| Untracked 
|  15|0x00000006c5000000, 0x00000006c5400000, 0x00000006c5400000|100%| O|  |TAMS 0x00000006c5000000, 0x00000006c5000000| Untracked 
|  16|0x00000006c5400000, 0x00000006c5800000, 0x00000006c5800000|100%| O|  |TAMS 0x00000006c5400000, 0x00000006c5400000| Untracked 
|  17|0x00000006c5800000, 0x00000006c5c00000, 0x00000006c5c00000|100%| O|  |TAMS 0x00000006c5800000, 0x00000006c5800000| Untracked 
|  18|0x00000006c5c00000, 0x00000006c6000000, 0x00000006c6000000|100%| O|  |TAMS 0x00000006c5c00000, 0x00000006c5c00000| Untracked 
|  19|0x00000006c6000000, 0x00000006c6400000, 0x00000006c6400000|100%| O|  |TAMS 0x00000006c6000000, 0x00000006c6000000| Untracked 
|  20|0x00000006c6400000, 0x00000006c6800000, 0x00000006c6800000|100%| O|  |TAMS 0x00000006c6400000, 0x00000006c6400000| Untracked 
|  21|0x00000006c6800000, 0x00000006c6c00000, 0x00000006c6c00000|100%| O|  |TAMS 0x00000006c6800000, 0x00000006c6800000| Untracked 
|  22|0x00000006c6c00000, 0x00000006c7000000, 0x00000006c7000000|100%| O|  |TAMS 0x00000006c6c00000, 0x00000006c6c00000| Untracked 
|  23|0x00000006c7000000, 0x00000006c7400000, 0x00000006c7400000|100%| O|  |TAMS 0x00000006c7000000, 0x00000006c7000000| Untracked 
|  24|0x00000006c7400000, 0x00000006c7800000, 0x00000006c7800000|100%| O|  |TAMS 0x00000006c7400000, 0x00000006c7400000| Untracked 
|  25|0x00000006c7800000, 0x00000006c7c00000, 0x00000006c7c00000|100%| O|  |TAMS 0x00000006c7800000, 0x00000006c7800000| Untracked 
|  26|0x00000006c7c00000, 0x00000006c8000000, 0x00000006c8000000|100%| O|  |TAMS 0x00000006c7c00000, 0x00000006c7c00000| Untracked 
|  27|0x00000006c8000000, 0x00000006c8400000, 0x00000006c8400000|100%| O|  |TAMS 0x00000006c8000000, 0x00000006c8000000| Untracked 
|  28|0x00000006c8400000, 0x00000006c8800000, 0x00000006c8800000|100%| O|  |TAMS 0x00000006c8400000, 0x00000006c8400000| Untracked 
|  29|0x00000006c8800000, 0x00000006c8c00000, 0x00000006c8c00000|100%| O|  |TAMS 0x00000006c8800000, 0x00000006c8800000| Untracked 
|  30|0x00000006c8c00000, 0x00000006c9000000, 0x00000006c9000000|100%| O|  |TAMS 0x00000006c8c00000, 0x00000006c8c00000| Untracked 
|  31|0x00000006c9000000, 0x00000006c9400000, 0x00000006c9400000|100%| O|  |TAMS 0x00000006c9000000, 0x00000006c9000000| Untracked 
|  32|0x00000006c9400000, 0x00000006c9800000, 0x00000006c9800000|100%| O|  |TAMS 0x00000006c9400000, 0x00000006c9400000| Untracked 
|  33|0x00000006c9800000, 0x00000006c9c00000, 0x00000006c9c00000|100%| O|  |TAMS 0x00000006c9800000, 0x00000006c9800000| Untracked 
|  34|0x00000006c9c00000, 0x00000006ca000000, 0x00000006ca000000|100%| O|  |TAMS 0x00000006c9c00000, 0x00000006c9c00000| Untracked 
|  35|0x00000006ca000000, 0x00000006ca317c00, 0x00000006ca400000| 77%| O|  |TAMS 0x00000006ca000000, 0x00000006ca000000| Untracked 
|  36|0x00000006ca400000, 0x00000006ca400000, 0x00000006ca800000|  0%| F|  |TAMS 0x00000006ca400000, 0x00000006ca400000| Untracked 
|  37|0x00000006ca800000, 0x00000006ca800000, 0x00000006cac00000|  0%| F|  |TAMS 0x00000006ca800000, 0x00000006ca800000| Untracked 
|  38|0x00000006cac00000, 0x00000006cac00000, 0x00000006cb000000|  0%| F|  |TAMS 0x00000006cac00000, 0x00000006cac00000| Untracked 
|  39|0x00000006cb000000, 0x00000006cb000000, 0x00000006cb400000|  0%| F|  |TAMS 0x00000006cb000000, 0x00000006cb000000| Untracked 
|  40|0x00000006cb400000, 0x00000006cb400000, 0x00000006cb800000|  0%| F|  |TAMS 0x00000006cb400000, 0x00000006cb400000| Untracked 
|  41|0x00000006cb800000, 0x00000006cb800000, 0x00000006cbc00000|  0%| F|  |TAMS 0x00000006cb800000, 0x00000006cb800000| Untracked 
|  42|0x00000006cbc00000, 0x00000006cbc00000, 0x00000006cc000000|  0%| F|  |TAMS 0x00000006cbc00000, 0x00000006cbc00000| Untracked 
|  43|0x00000006cc000000, 0x00000006cc000000, 0x00000006cc400000|  0%| F|  |TAMS 0x00000006cc000000, 0x00000006cc000000| Untracked 
|  44|0x00000006cc400000, 0x00000006cc400000, 0x00000006cc800000|  0%| F|  |TAMS 0x00000006cc400000, 0x00000006cc400000| Untracked 
|  45|0x00000006cc800000, 0x00000006cc800000, 0x00000006ccc00000|  0%| F|  |TAMS 0x00000006cc800000, 0x00000006cc800000| Untracked 
|  46|0x00000006ccc00000, 0x00000006ccc00000, 0x00000006cd000000|  0%| F|  |TAMS 0x00000006ccc00000, 0x00000006ccc00000| Untracked 
|  47|0x00000006cd000000, 0x00000006cd000000, 0x00000006cd400000|  0%| F|  |TAMS 0x00000006cd000000, 0x00000006cd000000| Untracked 
|  48|0x00000006cd400000, 0x00000006cd400000, 0x00000006cd800000|  0%| F|  |TAMS 0x00000006cd400000, 0x00000006cd400000| Untracked 
|  49|0x00000006cd800000, 0x00000006cd800000, 0x00000006cdc00000|  0%| F|  |TAMS 0x00000006cd800000, 0x00000006cd800000| Untracked 
|  50|0x00000006cdc00000, 0x00000006cdc00000, 0x00000006ce000000|  0%| F|  |TAMS 0x00000006cdc00000, 0x00000006cdc00000| Untracked 
|  51|0x00000006ce000000, 0x00000006ce000000, 0x00000006ce400000|  0%| F|  |TAMS 0x00000006ce000000, 0x00000006ce000000| Untracked 
|  52|0x00000006ce400000, 0x00000006ce400000, 0x00000006ce800000|  0%| F|  |TAMS 0x00000006ce400000, 0x00000006ce400000| Untracked 
|  53|0x00000006ce800000, 0x00000006ce800000, 0x00000006cec00000|  0%| F|  |TAMS 0x00000006ce800000, 0x00000006ce800000| Untracked 
|  54|0x00000006cec00000, 0x00000006cec00000, 0x00000006cf000000|  0%| F|  |TAMS 0x00000006cec00000, 0x00000006cec00000| Untracked 
|  55|0x00000006cf000000, 0x00000006cf000000, 0x00000006cf400000|  0%| F|  |TAMS 0x00000006cf000000, 0x00000006cf000000| Untracked 
|  56|0x00000006cf400000, 0x00000006cf400000, 0x00000006cf800000|  0%| F|  |TAMS 0x00000006cf400000, 0x00000006cf400000| Untracked 
|  57|0x00000006cf800000, 0x00000006cf800000, 0x00000006cfc00000|  0%| F|  |TAMS 0x00000006cf800000, 0x00000006cf800000| Untracked 
|  58|0x00000006cfc00000, 0x00000006cfc00000, 0x00000006d0000000|  0%| F|  |TAMS 0x00000006cfc00000, 0x00000006cfc00000| Untracked 
|  59|0x00000006d0000000, 0x00000006d0000000, 0x00000006d0400000|  0%| F|  |TAMS 0x00000006d0000000, 0x00000006d0000000| Untracked 
|  60|0x00000006d0400000, 0x00000006d0400000, 0x00000006d0800000|  0%| F|  |TAMS 0x00000006d0400000, 0x00000006d0400000| Untracked 
|  61|0x00000006d0800000, 0x00000006d0800000, 0x00000006d0c00000|  0%| F|  |TAMS 0x00000006d0800000, 0x00000006d0800000| Untracked 
|  62|0x00000006d0c00000, 0x00000006d0c00000, 0x00000006d1000000|  0%| F|  |TAMS 0x00000006d0c00000, 0x00000006d0c00000| Untracked 
|  63|0x00000006d1000000, 0x00000006d1298428, 0x00000006d1400000| 64%| S|CS|TAMS 0x00000006d1000000, 0x00000006d1000000| Complete 
|  64|0x00000006d1400000, 0x00000006d1800000, 0x00000006d1800000|100%| S|CS|TAMS 0x00000006d1400000, 0x00000006d1400000| Complete 
|  65|0x00000006d1800000, 0x00000006d1c00000, 0x00000006d1c00000|100%| S|CS|TAMS 0x00000006d1800000, 0x00000006d1800000| Complete 
|  66|0x00000006d1c00000, 0x00000006d2000000, 0x00000006d2000000|100%| S|CS|TAMS 0x00000006d1c00000, 0x00000006d1c00000| Complete 
|  67|0x00000006d2000000, 0x00000006d2400000, 0x00000006d2400000|100%| S|CS|TAMS 0x00000006d2000000, 0x00000006d2000000| Complete 
|  68|0x00000006d2400000, 0x00000006d2800000, 0x00000006d2800000|100%| S|CS|TAMS 0x00000006d2400000, 0x00000006d2400000| Complete 
|  69|0x00000006d2800000, 0x00000006d2c00000, 0x00000006d2c00000|100%| S|CS|TAMS 0x00000006d2800000, 0x00000006d2800000| Complete 
|  70|0x00000006d2c00000, 0x00000006d3000000, 0x00000006d3000000|100%| S|CS|TAMS 0x00000006d2c00000, 0x00000006d2c00000| Complete 
|  71|0x00000006d3000000, 0x00000006d3000000, 0x00000006d3400000|  0%| F|  |TAMS 0x00000006d3000000, 0x00000006d3000000| Untracked 
|  72|0x00000006d3400000, 0x00000006d3400000, 0x00000006d3800000|  0%| F|  |TAMS 0x00000006d3400000, 0x00000006d3400000| Untracked 
|  73|0x00000006d3800000, 0x00000006d3800000, 0x00000006d3c00000|  0%| F|  |TAMS 0x00000006d3800000, 0x00000006d3800000| Untracked 
|  74|0x00000006d3c00000, 0x00000006d3c00000, 0x00000006d4000000|  0%| F|  |TAMS 0x00000006d3c00000, 0x00000006d3c00000| Untracked 
|  75|0x00000006d4000000, 0x00000006d4000000, 0x00000006d4400000|  0%| F|  |TAMS 0x00000006d4000000, 0x00000006d4000000| Untracked 
|  76|0x00000006d4400000, 0x00000006d4400000, 0x00000006d4800000|  0%| F|  |TAMS 0x00000006d4400000, 0x00000006d4400000| Untracked 
|  77|0x00000006d4800000, 0x00000006d4c00000, 0x00000006d4c00000|100%| S|CS|TAMS 0x00000006d4800000, 0x00000006d4800000| Complete 
|  78|0x00000006d4c00000, 0x00000006d5000000, 0x00000006d5000000|100%| S|CS|TAMS 0x00000006d4c00000, 0x00000006d4c00000| Complete 
|  79|0x00000006d5000000, 0x00000006d5000000, 0x00000006d5400000|  0%| F|  |TAMS 0x00000006d5000000, 0x00000006d5000000| Untracked 
|  80|0x00000006d5400000, 0x00000006d5400000, 0x00000006d5800000|  0%| F|  |TAMS 0x00000006d5400000, 0x00000006d5400000| Untracked 
|  81|0x00000006d5800000, 0x00000006d5800000, 0x00000006d5c00000|  0%| F|  |TAMS 0x00000006d5800000, 0x00000006d5800000| Untracked 
|  82|0x00000006d5c00000, 0x00000006d5c00000, 0x00000006d6000000|  0%| F|  |TAMS 0x00000006d5c00000, 0x00000006d5c00000| Untracked 
|  83|0x00000006d6000000, 0x00000006d6000000, 0x00000006d6400000|  0%| F|  |TAMS 0x00000006d6000000, 0x00000006d6000000| Untracked 
|  84|0x00000006d6400000, 0x00000006d6400000, 0x00000006d6800000|  0%| F|  |TAMS 0x00000006d6400000, 0x00000006d6400000| Untracked 
|  85|0x00000006d6800000, 0x00000006d6800000, 0x00000006d6c00000|  0%| F|  |TAMS 0x00000006d6800000, 0x00000006d6800000| Untracked 
|  86|0x00000006d6c00000, 0x00000006d6c00000, 0x00000006d7000000|  0%| F|  |TAMS 0x00000006d6c00000, 0x00000006d6c00000| Untracked 
|  87|0x00000006d7000000, 0x00000006d7000000, 0x00000006d7400000|  0%| F|  |TAMS 0x00000006d7000000, 0x00000006d7000000| Untracked 
|  88|0x00000006d7400000, 0x00000006d7400000, 0x00000006d7800000|  0%| F|  |TAMS 0x00000006d7400000, 0x00000006d7400000| Untracked 
|  89|0x00000006d7800000, 0x00000006d7800000, 0x00000006d7c00000|  0%| F|  |TAMS 0x00000006d7800000, 0x00000006d7800000| Untracked 
|  90|0x00000006d7c00000, 0x00000006d7c00000, 0x00000006d8000000|  0%| F|  |TAMS 0x00000006d7c00000, 0x00000006d7c00000| Untracked 
|  91|0x00000006d8000000, 0x00000006d8000000, 0x00000006d8400000|  0%| F|  |TAMS 0x00000006d8000000, 0x00000006d8000000| Untracked 
|  92|0x00000006d8400000, 0x00000006d8400000, 0x00000006d8800000|  0%| F|  |TAMS 0x00000006d8400000, 0x00000006d8400000| Untracked 
|  93|0x00000006d8800000, 0x00000006d8800000, 0x00000006d8c00000|  0%| F|  |TAMS 0x00000006d8800000, 0x00000006d8800000| Untracked 
|  94|0x00000006d8c00000, 0x00000006d8c00000, 0x00000006d9000000|  0%| F|  |TAMS 0x00000006d8c00000, 0x00000006d8c00000| Untracked 
|  95|0x00000006d9000000, 0x00000006d9000000, 0x00000006d9400000|  0%| F|  |TAMS 0x00000006d9000000, 0x00000006d9000000| Untracked 
|  96|0x00000006d9400000, 0x00000006d9400000, 0x00000006d9800000|  0%| F|  |TAMS 0x00000006d9400000, 0x00000006d9400000| Untracked 
|  97|0x00000006d9800000, 0x00000006d9800000, 0x00000006d9c00000|  0%| F|  |TAMS 0x00000006d9800000, 0x00000006d9800000| Untracked 
|  98|0x00000006d9c00000, 0x00000006d9c00000, 0x00000006da000000|  0%| F|  |TAMS 0x00000006d9c00000, 0x00000006d9c00000| Untracked 
|  99|0x00000006da000000, 0x00000006da000000, 0x00000006da400000|  0%| F|  |TAMS 0x00000006da000000, 0x00000006da000000| Untracked 
| 100|0x00000006da400000, 0x00000006da400000, 0x00000006da800000|  0%| F|  |TAMS 0x00000006da400000, 0x00000006da400000| Untracked 
| 101|0x00000006da800000, 0x00000006da800000, 0x00000006dac00000|  0%| F|  |TAMS 0x00000006da800000, 0x00000006da800000| Untracked 
| 102|0x00000006dac00000, 0x00000006dac00000, 0x00000006db000000|  0%| F|  |TAMS 0x00000006dac00000, 0x00000006dac00000| Untracked 
| 103|0x00000006db000000, 0x00000006db000000, 0x00000006db400000|  0%| F|  |TAMS 0x00000006db000000, 0x00000006db000000| Untracked 
| 104|0x00000006db400000, 0x00000006db400000, 0x00000006db800000|  0%| F|  |TAMS 0x00000006db400000, 0x00000006db400000| Untracked 
| 105|0x00000006db800000, 0x00000006db800000, 0x00000006dbc00000|  0%| F|  |TAMS 0x00000006db800000, 0x00000006db800000| Untracked 
| 106|0x00000006dbc00000, 0x00000006dbc00000, 0x00000006dc000000|  0%| F|  |TAMS 0x00000006dbc00000, 0x00000006dbc00000| Untracked 
| 107|0x00000006dc000000, 0x00000006dc000000, 0x00000006dc400000|  0%| F|  |TAMS 0x00000006dc000000, 0x00000006dc000000| Untracked 
| 108|0x00000006dc400000, 0x00000006dc400000, 0x00000006dc800000|  0%| F|  |TAMS 0x00000006dc400000, 0x00000006dc400000| Untracked 
| 109|0x00000006dc800000, 0x00000006dc800000, 0x00000006dcc00000|  0%| F|  |TAMS 0x00000006dc800000, 0x00000006dc800000| Untracked 
| 110|0x00000006dcc00000, 0x00000006dcc00000, 0x00000006dd000000|  0%| F|  |TAMS 0x00000006dcc00000, 0x00000006dcc00000| Untracked 
| 111|0x00000006dd000000, 0x00000006dd000000, 0x00000006dd400000|  0%| F|  |TAMS 0x00000006dd000000, 0x00000006dd000000| Untracked 
| 112|0x00000006dd400000, 0x00000006dd400000, 0x00000006dd800000|  0%| F|  |TAMS 0x00000006dd400000, 0x00000006dd400000| Untracked 
| 113|0x00000006dd800000, 0x00000006dd800000, 0x00000006ddc00000|  0%| F|  |TAMS 0x00000006dd800000, 0x00000006dd800000| Untracked 
| 114|0x00000006ddc00000, 0x00000006ddc00000, 0x00000006de000000|  0%| F|  |TAMS 0x00000006ddc00000, 0x00000006ddc00000| Untracked 
| 115|0x00000006de000000, 0x00000006de000000, 0x00000006de400000|  0%| F|  |TAMS 0x00000006de000000, 0x00000006de000000| Untracked 
| 116|0x00000006de400000, 0x00000006de400000, 0x00000006de800000|  0%| F|  |TAMS 0x00000006de400000, 0x00000006de400000| Untracked 
| 117|0x00000006de800000, 0x00000006de800000, 0x00000006dec00000|  0%| F|  |TAMS 0x00000006de800000, 0x00000006de800000| Untracked 
| 118|0x00000006dec00000, 0x00000006dec00000, 0x00000006df000000|  0%| F|  |TAMS 0x00000006dec00000, 0x00000006dec00000| Untracked 
| 119|0x00000006df000000, 0x00000006df000000, 0x00000006df400000|  0%| F|  |TAMS 0x00000006df000000, 0x00000006df000000| Untracked 
| 120|0x00000006df400000, 0x00000006df400000, 0x00000006df800000|  0%| F|  |TAMS 0x00000006df400000, 0x00000006df400000| Untracked 
| 121|0x00000006df800000, 0x00000006df800000, 0x00000006dfc00000|  0%| F|  |TAMS 0x00000006df800000, 0x00000006df800000| Untracked 
| 122|0x00000006dfc00000, 0x00000006dfc00000, 0x00000006e0000000|  0%| F|  |TAMS 0x00000006dfc00000, 0x00000006dfc00000| Untracked 
| 123|0x00000006e0000000, 0x00000006e0000000, 0x00000006e0400000|  0%| F|  |TAMS 0x00000006e0000000, 0x00000006e0000000| Untracked 
| 124|0x00000006e0400000, 0x00000006e0400000, 0x00000006e0800000|  0%| F|  |TAMS 0x00000006e0400000, 0x00000006e0400000| Untracked 
| 125|0x00000006e0800000, 0x00000006e0800000, 0x00000006e0c00000|  0%| F|  |TAMS 0x00000006e0800000, 0x00000006e0800000| Untracked 
| 126|0x00000006e0c00000, 0x00000006e0c00000, 0x00000006e1000000|  0%| F|  |TAMS 0x00000006e0c00000, 0x00000006e0c00000| Untracked 
| 127|0x00000006e1000000, 0x00000006e1000000, 0x00000006e1400000|  0%| F|  |TAMS 0x00000006e1000000, 0x00000006e1000000| Untracked 
| 128|0x00000006e1400000, 0x00000006e1400000, 0x00000006e1800000|  0%| F|  |TAMS 0x00000006e1400000, 0x00000006e1400000| Untracked 
| 129|0x00000006e1800000, 0x00000006e1800000, 0x00000006e1c00000|  0%| F|  |TAMS 0x00000006e1800000, 0x00000006e1800000| Untracked 
| 130|0x00000006e1c00000, 0x00000006e1c00000, 0x00000006e2000000|  0%| F|  |TAMS 0x00000006e1c00000, 0x00000006e1c00000| Untracked 
| 131|0x00000006e2000000, 0x00000006e2000000, 0x00000006e2400000|  0%| F|  |TAMS 0x00000006e2000000, 0x00000006e2000000| Untracked 
| 132|0x00000006e2400000, 0x00000006e2400000, 0x00000006e2800000|  0%| F|  |TAMS 0x00000006e2400000, 0x00000006e2400000| Untracked 
| 133|0x00000006e2800000, 0x00000006e2800000, 0x00000006e2c00000|  0%| F|  |TAMS 0x00000006e2800000, 0x00000006e2800000| Untracked 
| 134|0x00000006e2c00000, 0x00000006e2c00000, 0x00000006e3000000|  0%| F|  |TAMS 0x00000006e2c00000, 0x00000006e2c00000| Untracked 
| 135|0x00000006e3000000, 0x00000006e3000000, 0x00000006e3400000|  0%| F|  |TAMS 0x00000006e3000000, 0x00000006e3000000| Untracked 
| 136|0x00000006e3400000, 0x00000006e3400000, 0x00000006e3800000|  0%| F|  |TAMS 0x00000006e3400000, 0x00000006e3400000| Untracked 
| 137|0x00000006e3800000, 0x00000006e3800000, 0x00000006e3c00000|  0%| F|  |TAMS 0x00000006e3800000, 0x00000006e3800000| Untracked 
| 138|0x00000006e3c00000, 0x00000006e3c00000, 0x00000006e4000000|  0%| F|  |TAMS 0x00000006e3c00000, 0x00000006e3c00000| Untracked 
| 139|0x00000006e4000000, 0x00000006e4000000, 0x00000006e4400000|  0%| F|  |TAMS 0x00000006e4000000, 0x00000006e4000000| Untracked 
| 140|0x00000006e4400000, 0x00000006e4400000, 0x00000006e4800000|  0%| F|  |TAMS 0x00000006e4400000, 0x00000006e4400000| Untracked 
| 141|0x00000006e4800000, 0x00000006e4800000, 0x00000006e4c00000|  0%| F|  |TAMS 0x00000006e4800000, 0x00000006e4800000| Untracked 
| 142|0x00000006e4c00000, 0x00000006e4c00000, 0x00000006e5000000|  0%| F|  |TAMS 0x00000006e4c00000, 0x00000006e4c00000| Untracked 
| 143|0x00000006e5000000, 0x00000006e5000000, 0x00000006e5400000|  0%| F|  |TAMS 0x00000006e5000000, 0x00000006e5000000| Untracked 
| 144|0x00000006e5400000, 0x00000006e5400000, 0x00000006e5800000|  0%| F|  |TAMS 0x00000006e5400000, 0x00000006e5400000| Untracked 
| 145|0x00000006e5800000, 0x00000006e5800000, 0x00000006e5c00000|  0%| F|  |TAMS 0x00000006e5800000, 0x00000006e5800000| Untracked 
| 146|0x00000006e5c00000, 0x00000006e5c00000, 0x00000006e6000000|  0%| F|  |TAMS 0x00000006e5c00000, 0x00000006e5c00000| Untracked 
| 147|0x00000006e6000000, 0x00000006e6000000, 0x00000006e6400000|  0%| F|  |TAMS 0x00000006e6000000, 0x00000006e6000000| Untracked 
| 148|0x00000006e6400000, 0x00000006e6400000, 0x00000006e6800000|  0%| F|  |TAMS 0x00000006e6400000, 0x00000006e6400000| Untracked 
| 149|0x00000006e6800000, 0x00000006e6800000, 0x00000006e6c00000|  0%| F|  |TAMS 0x00000006e6800000, 0x00000006e6800000| Untracked 
| 150|0x00000006e6c00000, 0x00000006e6c00000, 0x00000006e7000000|  0%| F|  |TAMS 0x00000006e6c00000, 0x00000006e6c00000| Untracked 
| 151|0x00000006e7000000, 0x00000006e7000000, 0x00000006e7400000|  0%| F|  |TAMS 0x00000006e7000000, 0x00000006e7000000| Untracked 
| 152|0x00000006e7400000, 0x00000006e7400000, 0x00000006e7800000|  0%| F|  |TAMS 0x00000006e7400000, 0x00000006e7400000| Untracked 
| 153|0x00000006e7800000, 0x00000006e7800000, 0x00000006e7c00000|  0%| F|  |TAMS 0x00000006e7800000, 0x00000006e7800000| Untracked 
| 154|0x00000006e7c00000, 0x00000006e7c00000, 0x00000006e8000000|  0%| F|  |TAMS 0x00000006e7c00000, 0x00000006e7c00000| Untracked 
| 155|0x00000006e8000000, 0x00000006e8000000, 0x00000006e8400000|  0%| F|  |TAMS 0x00000006e8000000, 0x00000006e8000000| Untracked 
| 156|0x00000006e8400000, 0x00000006e8400000, 0x00000006e8800000|  0%| F|  |TAMS 0x00000006e8400000, 0x00000006e8400000| Untracked 
| 157|0x00000006e8800000, 0x00000006e8800000, 0x00000006e8c00000|  0%| F|  |TAMS 0x00000006e8800000, 0x00000006e8800000| Untracked 
| 158|0x00000006e8c00000, 0x00000006e8c00000, 0x00000006e9000000|  0%| F|  |TAMS 0x00000006e8c00000, 0x00000006e8c00000| Untracked 
| 159|0x00000006e9000000, 0x00000006e9000000, 0x00000006e9400000|  0%| F|  |TAMS 0x00000006e9000000, 0x00000006e9000000| Untracked 
| 160|0x00000006e9400000, 0x00000006e9400000, 0x00000006e9800000|  0%| F|  |TAMS 0x00000006e9400000, 0x00000006e9400000| Untracked 
| 161|0x00000006e9800000, 0x00000006e9800000, 0x00000006e9c00000|  0%| F|  |TAMS 0x00000006e9800000, 0x00000006e9800000| Untracked 
| 162|0x00000006e9c00000, 0x00000006e9c00000, 0x00000006ea000000|  0%| F|  |TAMS 0x00000006e9c00000, 0x00000006e9c00000| Untracked 
| 163|0x00000006ea000000, 0x00000006ea000000, 0x00000006ea400000|  0%| F|  |TAMS 0x00000006ea000000, 0x00000006ea000000| Untracked 
| 164|0x00000006ea400000, 0x00000006ea400000, 0x00000006ea800000|  0%| F|  |TAMS 0x00000006ea400000, 0x00000006ea400000| Untracked 
| 165|0x00000006ea800000, 0x00000006ea800000, 0x00000006eac00000|  0%| F|  |TAMS 0x00000006ea800000, 0x00000006ea800000| Untracked 
| 166|0x00000006eac00000, 0x00000006eac00000, 0x00000006eb000000|  0%| F|  |TAMS 0x00000006eac00000, 0x00000006eac00000| Untracked 
| 167|0x00000006eb000000, 0x00000006eb000000, 0x00000006eb400000|  0%| F|  |TAMS 0x00000006eb000000, 0x00000006eb000000| Untracked 
| 168|0x00000006eb400000, 0x00000006eb400000, 0x00000006eb800000|  0%| F|  |TAMS 0x00000006eb400000, 0x00000006eb400000| Untracked 
| 169|0x00000006eb800000, 0x00000006eb800000, 0x00000006ebc00000|  0%| F|  |TAMS 0x00000006eb800000, 0x00000006eb800000| Untracked 
| 170|0x00000006ebc00000, 0x00000006ebc00000, 0x00000006ec000000|  0%| F|  |TAMS 0x00000006ebc00000, 0x00000006ebc00000| Untracked 
| 171|0x00000006ec000000, 0x00000006ec000000, 0x00000006ec400000|  0%| F|  |TAMS 0x00000006ec000000, 0x00000006ec000000| Untracked 
| 172|0x00000006ec400000, 0x00000006ec400000, 0x00000006ec800000|  0%| F|  |TAMS 0x00000006ec400000, 0x00000006ec400000| Untracked 
| 173|0x00000006ec800000, 0x00000006ec800000, 0x00000006ecc00000|  0%| F|  |TAMS 0x00000006ec800000, 0x00000006ec800000| Untracked 
| 174|0x00000006ecc00000, 0x00000006ecc00000, 0x00000006ed000000|  0%| F|  |TAMS 0x00000006ecc00000, 0x00000006ecc00000| Untracked 
| 175|0x00000006ed000000, 0x00000006ed000000, 0x00000006ed400000|  0%| F|  |TAMS 0x00000006ed000000, 0x00000006ed000000| Untracked 
| 176|0x00000006ed400000, 0x00000006ed400000, 0x00000006ed800000|  0%| F|  |TAMS 0x00000006ed400000, 0x00000006ed400000| Untracked 
| 177|0x00000006ed800000, 0x00000006ed800000, 0x00000006edc00000|  0%| F|  |TAMS 0x00000006ed800000, 0x00000006ed800000| Untracked 
| 178|0x00000006edc00000, 0x00000006edc00000, 0x00000006ee000000|  0%| F|  |TAMS 0x00000006edc00000, 0x00000006edc00000| Untracked 
| 179|0x00000006ee000000, 0x00000006ee000000, 0x00000006ee400000|  0%| F|  |TAMS 0x00000006ee000000, 0x00000006ee000000| Untracked 
| 180|0x00000006ee400000, 0x00000006ee400000, 0x00000006ee800000|  0%| F|  |TAMS 0x00000006ee400000, 0x00000006ee400000| Untracked 
| 181|0x00000006ee800000, 0x00000006ee800000, 0x00000006eec00000|  0%| F|  |TAMS 0x00000006ee800000, 0x00000006ee800000| Untracked 

Card table byte_map: [0x000001dd29f00000,0x000001dd2a900000] _byte_map_base: 0x000001dd268f6000

Marking Bits (Prev, Next): (CMBitMap*) 0x000001dd235c11a0, (CMBitMap*) 0x000001dd235c11e0
 Prev Bits: [0x000001dd2b300000, 0x000001dd302b0000)
 Next Bits: [0x000001dd302b0000, 0x000001dd35260000)

Polling page: 0x000001dd21350000

Metaspace:

Usage:
  Non-class:     44.32 MB used.
      Class:      6.39 MB used.
       Both:     50.70 MB used.

Virtual space:
  Non-class space:       48.00 MB reserved,      44.56 MB ( 93%) committed,  6 nodes.
      Class space:        1.00 GB reserved,       6.62 MB ( <1%) committed,  1 nodes.
             Both:        1.05 GB reserved,      51.19 MB (  5%) committed. 

Chunk freelists:
   Non-Class:  3.42 MB
       Class:  1.36 MB
        Both:  4.78 MB

MaxMetaspaceSize: unlimited
CompressedClassSpaceSize: 1.00 GB
Initial GC threshold: 21.00 MB
Current GC threshold: 59.00 MB
CDS: off
MetaspaceReclaimPolicy: balanced
 - commit_granule_bytes: 65536.
 - commit_granule_words: 8192.
 - virtual_space_node_default_size: 1048576.
 - enlarge_chunks_in_place: 1.
 - new_chunks_are_fully_committed: 0.
 - uncommit_free_chunks: 1.
 - use_allocation_guard: 0.
 - handle_deallocations: 1.


Internal statistics:

num_allocs_failed_limit: 8.
num_arena_births: 522.
num_arena_deaths: 0.
num_vsnodes_births: 7.
num_vsnodes_deaths: 0.
num_space_committed: 819.
num_space_uncommitted: 0.
num_chunks_returned_to_freelist: 8.
num_chunks_taken_from_freelist: 2039.
num_chunk_merges: 8.
num_chunk_splits: 1441.
num_chunks_enlarged: 1094.
num_purges: 0.
num_inconsistent_stats: 0.

CodeCache: size=49152Kb used=11855Kb max_used=11855Kb free=37296Kb
 bounds [0x000001dd261d0000, 0x000001dd26d70000, 0x000001dd291d0000]
 total_blobs=5746 nmethods=5107 adapters=563
 compilation: enabled
              stopped_count=0, restarted_count=0
 full_count=0

Compilation events (20 events):
Event: 5.095 Thread 0x000001dd38a59010 nmethod 5103 0x000001dd26d60a90 code [0x000001dd26d60c20, 0x000001dd26d60cf8]
Event: 5.095 Thread 0x000001dd38866c20 nmethod 5102 0x000001dd26d60d90 code [0x000001dd26d60f20, 0x000001dd26d61008]
Event: 5.095 Thread 0x000001dd397adcd0 5104   !   1       java.util.regex.Pattern::<init> (146 bytes)
Event: 5.095 Thread 0x000001dd38a59010 5105       1       java.util.Arrays::sort (47 bytes)
Event: 5.096 Thread 0x000001dd38a63560 5106       1       org.springframework.ide.vscode.commons.java.Version::compareTo (9 bytes)
Event: 5.096 Thread 0x000001dd38866c20 5107       1       org.springframework.ide.vscode.commons.java.Version::compareTo (52 bytes)
Event: 5.096 Thread 0x000001dd38a59010 nmethod 5105 0x000001dd26d61090 code [0x000001dd26d61260, 0x000001dd26d61458]
Event: 5.096 Thread 0x000001dd38a63560 nmethod 5106 0x000001dd26d61590 code [0x000001dd26d61720, 0x000001dd26d61828]
Event: 5.096 Thread 0x000001dd38866c20 nmethod 5107 0x000001dd26d61910 code [0x000001dd26d61aa0, 0x000001dd26d61bf8]
Event: 5.096 Thread 0x000001dd397adcd0 nmethod 5104 0x000001dd26d61c90 code [0x000001dd26d61ee0, 0x000001dd26d627d8]
Event: 5.096 Thread 0x000001dd38a63560 5108       1       org.springframework.ide.vscode.commons.java.Version::getMajor (5 bytes)
Event: 5.096 Thread 0x000001dd38866c20 5109       1       org.springframework.ide.vscode.commons.java.Version::getMinor (5 bytes)
Event: 5.096 Thread 0x000001dd38a63560 nmethod 5108 0x000001dd26d62b90 code [0x000001dd26d62d20, 0x000001dd26d62df8]
Event: 5.096 Thread 0x000001dd38866c20 nmethod 5109 0x000001dd26d62e90 code [0x000001dd26d63020, 0x000001dd26d630f8]
Event: 5.107 Thread 0x000001dd38a63560 5110       1       java.math.BigDecimal::checkScale (62 bytes)
Event: 5.107 Thread 0x000001dd38a63560 nmethod 5110 0x000001dd26d63190 code [0x000001dd26d63320, 0x000001dd26d634a8]
Event: 5.113 Thread 0x000001dd38a63560 5111       1       io.github.classgraph.AnnotationParameterValueList::<init> (5 bytes)
Event: 5.113 Thread 0x000001dd38866c20 5112       1       io.github.classgraph.MappableInfoList::<init> (5 bytes)
Event: 5.113 Thread 0x000001dd38866c20 nmethod 5112 0x000001dd26d63590 code [0x000001dd26d63720, 0x000001dd26d63858]
Event: 5.113 Thread 0x000001dd38a63560 nmethod 5111 0x000001dd26d63910 code [0x000001dd26d63aa0, 0x000001dd26d63bd8]

GC Heap History (20 events):
Event: 3.321 GC heap after
{Heap after GC invocations=16 (full 0):
 garbage-first heap   total 172032K, used 71066K [0x00000006c1400000, 0x0000000800000000)
  region size 4096K, 1 young (4096K), 1 survivors (4096K)
 Metaspace       used 40334K, committed 40832K, reserved 1089536K
  class space    used 5164K, committed 5376K, reserved 1048576K
}
Event: 3.344 GC heap before
{Heap before GC invocations=16 (full 0):
 garbage-first heap   total 172032K, used 116122K [0x00000006c1400000, 0x0000000800000000)
  region size 4096K, 13 young (53248K), 1 survivors (4096K)
 Metaspace       used 40339K, committed 40832K, reserved 1089536K
  class space    used 5166K, committed 5376K, reserved 1048576K
}
Event: 3.347 GC heap after
{Heap after GC invocations=17 (full 0):
 garbage-first heap   total 172032K, used 72257K [0x00000006c1400000, 0x0000000800000000)
  region size 4096K, 2 young (8192K), 2 survivors (8192K)
 Metaspace       used 40339K, committed 40832K, reserved 1089536K
  class space    used 5166K, committed 5376K, reserved 1048576K
}
Event: 3.373 GC heap before
{Heap before GC invocations=17 (full 0):
 garbage-first heap   total 172032K, used 117313K [0x00000006c1400000, 0x0000000800000000)
  region size 4096K, 14 young (57344K), 2 survivors (8192K)
 Metaspace       used 40576K, committed 41024K, reserved 1089536K
  class space    used 5179K, committed 5376K, reserved 1048576K
}
Event: 3.378 GC heap after
{Heap after GC invocations=18 (full 0):
 garbage-first heap   total 344064K, used 74336K [0x00000006c1400000, 0x0000000800000000)
  region size 4096K, 2 young (8192K), 2 survivors (8192K)
 Metaspace       used 40576K, committed 41024K, reserved 1089536K
  class space    used 5179K, committed 5376K, reserved 1048576K
}
Event: 3.441 GC heap before
{Heap before GC invocations=18 (full 0):
 garbage-first heap   total 344064K, used 225888K [0x00000006c1400000, 0x0000000800000000)
  region size 4096K, 40 young (163840K), 2 survivors (8192K)
 Metaspace       used 41238K, committed 41728K, reserved 1089536K
  class space    used 5223K, committed 5440K, reserved 1048576K
}
Event: 3.446 GC heap after
{Heap after GC invocations=19 (full 0):
 garbage-first heap   total 344064K, used 80167K [0x00000006c1400000, 0x0000000800000000)
  region size 4096K, 3 young (12288K), 3 survivors (12288K)
 Metaspace       used 41238K, committed 41728K, reserved 1089536K
  class space    used 5223K, committed 5440K, reserved 1048576K
}
Event: 3.492 GC heap before
{Heap before GC invocations=19 (full 0):
 garbage-first heap   total 344064K, used 256295K [0x00000006c1400000, 0x0000000800000000)
  region size 4096K, 47 young (192512K), 3 survivors (12288K)
 Metaspace       used 41549K, committed 42048K, reserved 1089536K
  class space    used 5251K, committed 5504K, reserved 1048576K
}
Event: 3.500 GC heap after
{Heap after GC invocations=20 (full 0):
 garbage-first heap   total 344064K, used 87767K [0x00000006c1400000, 0x0000000800000000)
  region size 4096K, 5 young (20480K), 5 survivors (20480K)
 Metaspace       used 41549K, committed 42048K, reserved 1089536K
  class space    used 5251K, committed 5504K, reserved 1048576K
}
Event: 3.542 GC heap before
{Heap before GC invocations=20 (full 0):
 garbage-first heap   total 344064K, used 259799K [0x00000006c1400000, 0x0000000800000000)
  region size 4096K, 48 young (196608K), 5 survivors (20480K)
 Metaspace       used 41557K, committed 42048K, reserved 1089536K
  class space    used 5253K, committed 5504K, reserved 1048576K
}
Event: 3.553 GC heap after
{Heap after GC invocations=21 (full 0):
 garbage-first heap   total 344064K, used 95711K [0x00000006c1400000, 0x0000000800000000)
  region size 4096K, 4 young (16384K), 4 survivors (16384K)
 Metaspace       used 41557K, committed 42048K, reserved 1089536K
  class space    used 5253K, committed 5504K, reserved 1048576K
}
Event: 3.613 GC heap before
{Heap before GC invocations=21 (full 0):
 garbage-first heap   total 344064K, used 267743K [0x00000006c1400000, 0x0000000800000000)
  region size 4096K, 47 young (192512K), 4 survivors (16384K)
 Metaspace       used 41999K, committed 42496K, reserved 1089536K
  class space    used 5279K, committed 5504K, reserved 1048576K
}
Event: 3.622 GC heap after
{Heap after GC invocations=22 (full 0):
 garbage-first heap   total 745472K, used 102893K [0x00000006c1400000, 0x0000000800000000)
  region size 4096K, 4 young (16384K), 4 survivors (16384K)
 Metaspace       used 41999K, committed 42496K, reserved 1089536K
  class space    used 5279K, committed 5504K, reserved 1048576K
}
Event: 3.764 GC heap before
{Heap before GC invocations=22 (full 0):
 garbage-first heap   total 745472K, used 528877K [0x00000006c1400000, 0x0000000800000000)
  region size 4096K, 109 young (446464K), 4 survivors (16384K)
 Metaspace       used 42706K, committed 43136K, reserved 1089536K
  class space    used 5357K, committed 5568K, reserved 1048576K
}
Event: 3.775 GC heap after
{Heap after GC invocations=23 (full 0):
 garbage-first heap   total 745472K, used 119796K [0x00000006c1400000, 0x0000000800000000)
  region size 4096K, 8 young (32768K), 8 survivors (32768K)
 Metaspace       used 42706K, committed 43136K, reserved 1089536K
  class space    used 5357K, committed 5568K, reserved 1048576K
}
Event: 4.351 GC heap before
{Heap before GC invocations=23 (full 0):
 garbage-first heap   total 745472K, used 529396K [0x00000006c1400000, 0x0000000800000000)
  region size 4096K, 109 young (446464K), 8 survivors (32768K)
 Metaspace       used 50404K, committed 50816K, reserved 1097728K
  class space    used 6338K, committed 6528K, reserved 1048576K
}
Event: 4.369 GC heap after
{Heap after GC invocations=24 (full 0):
 garbage-first heap   total 745472K, used 148252K [0x00000006c1400000, 0x0000000800000000)
  region size 4096K, 14 young (57344K), 14 survivors (57344K)
 Metaspace       used 50404K, committed 50816K, reserved 1097728K
  class space    used 6338K, committed 6528K, reserved 1048576K
}
Event: 4.705 GC heap before
{Heap before GC invocations=24 (full 0):
 garbage-first heap   total 745472K, used 533276K [0x00000006c1400000, 0x0000000800000000)
  region size 4096K, 109 young (446464K), 14 survivors (57344K)
 Metaspace       used 51229K, committed 51712K, reserved 1097728K
  class space    used 6464K, committed 6720K, reserved 1048576K
}
Event: 4.726 GC heap after
{Heap after GC invocations=25 (full 0):
 garbage-first heap   total 745472K, used 167936K [0x00000006c1400000, 0x0000000800000000)
  region size 4096K, 12 young (49152K), 12 survivors (49152K)
 Metaspace       used 51229K, committed 51712K, reserved 1097728K
  class space    used 6464K, committed 6720K, reserved 1048576K
}
Event: 5.137 GC heap before
{Heap before GC invocations=25 (full 0):
 garbage-first heap   total 745472K, used 561152K [0x00000006c1400000, 0x0000000800000000)
  region size 4096K, 109 young (446464K), 12 survivors (49152K)
 Metaspace       used 51921K, committed 52416K, reserved 1097728K
  class space    used 6539K, committed 6784K, reserved 1048576K
}

Dll operation events (9 events):
Event: 0.006 Loaded shared library c:\Users\losni\.vscode\extensions\redhat.java-1.13.0-win32-x64\jre\17.0.5-win32-x86_64\bin\java.dll
Event: 0.176 Loaded shared library C:\Users\losni\.vscode\extensions\redhat.java-1.13.0-win32-x64\jre\17.0.5-win32-x86_64\bin\net.dll
Event: 0.178 Loaded shared library C:\Users\losni\.vscode\extensions\redhat.java-1.13.0-win32-x64\jre\17.0.5-win32-x86_64\bin\nio.dll
Event: 0.184 Loaded shared library C:\Users\losni\.vscode\extensions\redhat.java-1.13.0-win32-x64\jre\17.0.5-win32-x86_64\bin\zip.dll
Event: 0.305 Loaded shared library C:\Users\losni\.vscode\extensions\redhat.java-1.13.0-win32-x64\jre\17.0.5-win32-x86_64\bin\jimage.dll
Event: 0.408 Loaded shared library c:\Users\losni\.vscode\extensions\redhat.java-1.13.0-win32-x64\jre\17.0.5-win32-x86_64\bin\verify.dll
Event: 2.366 Loaded shared library C:\Users\losni\.vscode\extensions\redhat.java-1.13.0-win32-x64\jre\17.0.5-win32-x86_64\bin\management.dll
Event: 2.367 Loaded shared library C:\Users\losni\.vscode\extensions\redhat.java-1.13.0-win32-x64\jre\17.0.5-win32-x86_64\bin\management_ext.dll
Event: 3.974 Loaded shared library C:\Users\losni\.vscode\extensions\redhat.java-1.13.0-win32-x64\jre\17.0.5-win32-x86_64\bin\sunmscapi.dll

Deoptimization events (14 events):
Event: 1.315 Thread 0x000001dd23549860 DEOPT PACKING pc=0x000001dd267790f9 sp=0x0000002285cfd250
Event: 1.315 Thread 0x000001dd23549860 DEOPT UNPACKING pc=0x000001dd26222b43 sp=0x0000002285cfc730 mode 3
Event: 2.572 Thread 0x000001dd3a0c4d30 DEOPT PACKING pc=0x000001dd26997ded sp=0x00000022880fd360
Event: 2.572 Thread 0x000001dd3a0c4d30 DEOPT UNPACKING pc=0x000001dd26222b43 sp=0x00000022880fc888 mode 3
Event: 2.670 Thread 0x000001dd3a053a20 DEOPT PACKING pc=0x000001dd269b6a93 sp=0x00000022882fe440
Event: 2.670 Thread 0x000001dd3a053a20 DEOPT UNPACKING pc=0x000001dd26222b43 sp=0x00000022882fd988 mode 3
Event: 2.734 Thread 0x000001dd39b0b0a0 DEOPT PACKING pc=0x000001dd2677a409 sp=0x0000002287ffdc10
Event: 2.734 Thread 0x000001dd39b0b0a0 DEOPT UNPACKING pc=0x000001dd26222b43 sp=0x0000002287ffd0a0 mode 3
Event: 3.145 Thread 0x000001dd3a052bb0 DEOPT PACKING pc=0x000001dd26775d9f sp=0x00000022889ff070
Event: 3.145 Thread 0x000001dd3a052bb0 DEOPT UNPACKING pc=0x000001dd26222b43 sp=0x00000022889fe4c8 mode 3
Event: 3.719 Thread 0x000001dd3a1e4c80 DEOPT PACKING pc=0x000001dd2644d92c sp=0x0000002289cfe380
Event: 3.719 Thread 0x000001dd3a1e4c80 DEOPT UNPACKING pc=0x000001dd26222b43 sp=0x0000002289cfd848 mode 0
Event: 4.323 Thread 0x000001dd3a1e5620 DEOPT PACKING pc=0x000001dd26cbd872 sp=0x0000002289bfd2f0
Event: 4.323 Thread 0x000001dd3a1e5620 DEOPT UNPACKING pc=0x000001dd26222b43 sp=0x0000002289bfc7e8 mode 3

Classes unloaded (0 events):
No events

Classes redefined (0 events):
No events

Internal exceptions (20 events):
Event: 5.135 Thread 0x000001dd3a1e3470 Exception <a 'sun/nio/fs/WindowsException'{0x00000006d724db78}> (0x00000006d724db78) 
thrown [s\src\hotspot\share\prims\jni.cpp, line 516]
Event: 5.135 Thread 0x000001dd3a1e3470 Exception <a 'sun/nio/fs/WindowsException'{0x00000006d724e048}> (0x00000006d724e048) 
thrown [s\src\hotspot\share\prims\jni.cpp, line 516]
Event: 5.135 Thread 0x000001dd3a0513a0 Exception <a 'sun/nio/fs/WindowsException'{0x00000006d57350e0}> (0x00000006d57350e0) 
thrown [s\src\hotspot\share\prims\jni.cpp, line 516]
Event: 5.135 Thread 0x000001dd3a0513a0 Exception <a 'sun/nio/fs/WindowsException'{0x00000006d57355a8}> (0x00000006d57355a8) 
thrown [s\src\hotspot\share\prims\jni.cpp, line 516]
Event: 5.135 Thread 0x000001dd3a1e3470 Exception <a 'sun/nio/fs/WindowsException'{0x00000006d724ed00}> (0x00000006d724ed00) 
thrown [s\src\hotspot\share\prims\jni.cpp, line 516]
Event: 5.135 Thread 0x000001dd3a1e3470 Exception <a 'sun/nio/fs/WindowsException'{0x00000006d724f1b0}> (0x00000006d724f1b0) 
thrown [s\src\hotspot\share\prims\jni.cpp, line 516]
Event: 5.135 Thread 0x000001dd3a053550 Exception <a 'sun/nio/fs/WindowsException'{0x00000006d7224428}> (0x00000006d7224428) 
thrown [s\src\hotspot\share\prims\jni.cpp, line 516]
Event: 5.135 Thread 0x000001dd3a053550 Exception <a 'sun/nio/fs/WindowsException'{0x00000006d7224908}> (0x00000006d7224908) 
thrown [s\src\hotspot\share\prims\jni.cpp, line 516]
Event: 5.135 Thread 0x000001dd3a1e7300 Exception <a 'sun/nio/fs/WindowsException'{0x00000006d77fd7f0}> (0x00000006d77fd7f0) 
thrown [s\src\hotspot\share\prims\jni.cpp, line 516]
Event: 5.135 Thread 0x000001dd3a1e7300 Exception <a 'sun/nio/fs/WindowsException'{0x00000006d77fdcd0}> (0x00000006d77fdcd0) 
thrown [s\src\hotspot\share\prims\jni.cpp, line 516]
Event: 5.136 Thread 0x000001dd3a1e8170 Exception <a 'sun/nio/fs/WindowsException'{0x00000006d519cac0}> (0x00000006d519cac0) 
thrown [s\src\hotspot\share\prims\jni.cpp, line 516]
Event: 5.136 Thread 0x000001dd3a1e8170 Exception <a 'sun/nio/fs/WindowsException'{0x00000006d519cef8}> (0x00000006d519cef8) 
thrown [s\src\hotspot\share\prims\jni.cpp, line 516]
Event: 5.136 Thread 0x000001dd3a1e7300 Exception <a 'sun/nio/fs/WindowsException'{0x00000006d77fe978}> (0x00000006d77fe978) 
thrown [s\src\hotspot\share\prims\jni.cpp, line 516]
Event: 5.136 Thread 0x000001dd3a1e7300 Exception <a 'sun/nio/fs/WindowsException'{0x00000006d77fee20}> (0x00000006d77fee20) 
thrown [s\src\hotspot\share\prims\jni.cpp, line 516]
Event: 5.136 Thread 0x000001dd3a050ed0 Exception <a 'sun/nio/fs/WindowsException'{0x00000006d52da558}> (0x00000006d52da558) 
thrown [s\src\hotspot\share\prims\jni.cpp, line 516]
Event: 5.137 Thread 0x000001dd3a050ed0 Exception <a 'sun/nio/fs/WindowsException'{0x00000006d52daa38}> (0x00000006d52daa38) 
thrown [s\src\hotspot\share\prims\jni.cpp, line 516]
Event: 5.137 Thread 0x000001dd3a052bb0 Exception <a 'sun/nio/fs/WindowsException'{0x00000006d51cbcd8}> (0x00000006d51cbcd8) 
thrown [s\src\hotspot\share\prims\jni.cpp, line 516]
Event: 5.137 Thread 0x000001dd3a052bb0 Exception <a 'sun/nio/fs/WindowsException'{0x00000006d51cc158}> (0x00000006d51cc158) 
thrown [s\src\hotspot\share\prims\jni.cpp, line 516]
Event: 5.137 Thread 0x000001dd3a050060 Exception <a 'sun/nio/fs/WindowsException'{0x00000006d73b1d78}> (0x00000006d73b1d78) 
thrown [s\src\hotspot\share\prims\jni.cpp, line 516]
Event: 5.137 Thread 0x000001dd3a050060 Exception <a 'sun/nio/fs/WindowsException'{0x00000006d73b2220}> (0x00000006d73b2220) 
thrown [s\src\hotspot\share\prims\jni.cpp, line 516]

VM Operations (20 events):
Event: 3.781 Executing VM operation: HandshakeAllThreads done
Event: 3.835 Executing VM operation: HandshakeAllThreads
Event: 3.836 Executing VM operation: HandshakeAllThreads done
Event: 4.177 Executing VM operation: HandshakeAllThreads
Event: 4.177 Executing VM operation: HandshakeAllThreads done
Event: 4.258 Executing VM operation: HandshakeAllThreads
Event: 4.259 Executing VM operation: HandshakeAllThreads done
Event: 4.276 Executing VM operation: HandshakeAllThreads
Event: 4.276 Executing VM operation: HandshakeAllThreads done
Event: 4.320 Executing VM operation: ICBufferFull
Event: 4.320 Executing VM operation: ICBufferFull done
Event: 4.350 Executing VM operation: G1CollectForAllocation
Event: 4.369 Executing VM operation: G1CollectForAllocation done
Event: 4.377 Executing VM operation: HandshakeAllThreads
Event: 4.377 Executing VM operation: HandshakeAllThreads done
Event: 4.705 Executing VM operation: G1CollectForAllocation
Event: 4.728 Executing VM operation: G1CollectForAllocation done
Event: 4.972 Executing VM operation: HandshakeAllThreads
Event: 4.972 Executing VM operation: HandshakeAllThreads done
Event: 5.137 Executing VM operation: G1CollectForAllocation

Events (20 events):
Event: 4.590 loading class sun/net/www/protocol/http/AuthCache
Event: 4.590 loading class sun/net/www/protocol/http/AuthCache done
Event: 4.590 loading class sun/net/www/protocol/http/AuthCacheImpl done
Event: 4.931 loading class sun/net/www/HeaderParser
Event: 4.931 loading class sun/net/www/HeaderParser done
Event: 4.931 loading class sun/net/www/http/ChunkedInputStream
Event: 4.932 loading class sun/net/www/http/Hurryable
Event: 4.932 loading class sun/net/www/http/Hurryable done
Event: 4.932 loading class sun/net/www/http/ChunkedInputStream done
Event: 4.932 loading class sun/net/www/protocol/http/HttpURLConnection$HttpInputStream
Event: 4.932 loading class sun/net/www/protocol/http/HttpURLConnection$HttpInputStream done
Event: 5.088 loading class java/io/OutputStream$1
Event: 5.088 loading class java/io/OutputStream$1 done
Event: 5.088 loading class sun/net/www/http/KeepAliveCache$1
Event: 5.088 loading class sun/net/www/http/KeepAliveCache$1 done
Event: 5.088 Thread 0x000001dd3a1e5fc0 Thread added: 0x000001dd3a1e5fc0
Event: 5.088 loading class sun/net/www/http/ClientVector
Event: 5.088 loading class sun/net/www/http/ClientVector done
Event: 5.088 loading class sun/net/www/http/KeepAliveEntry
Event: 5.088 loading class sun/net/www/http/KeepAliveEntry done


Dynamic libraries:
0x00007ff6a9ce0000 - 0x00007ff6a9cee000 	c:\Users\losni\.vscode\extensions\redhat.java-1.13.0-win32-x64\jre\17.0.5-win32-x86_64\bin\java.exe
0x00007ff8a0570000 - 0x00007ff8a0768000 	C:\Windows\SYSTEM32\ntdll.dll
0x00007ff8a0470000 - 0x00007ff8a052f000 	C:\Windows\System32\KERNEL32.DLL
0x00007ff89de90000 - 0x00007ff89e162000 	C:\Windows\System32\KERNELBASE.dll
0x00007ff89dd00000 - 0x00007ff89de00000 	C:\Windows\System32\ucrtbase.dll
0x00007fffdcfb0000 - 0x00007fffdcfc9000 	c:\Users\losni\.vscode\extensions\redhat.java-1.13.0-win32-x64\jre\17.0.5-win32-x86_64\bin\VCRUNTIME140.dll
0x00007fffe3ed0000 - 0x00007fffe3ee7000 	c:\Users\losni\.vscode\extensions\redhat.java-1.13.0-win32-x64\jre\17.0.5-win32-x86_64\bin\jli.dll
0x00007ff89fc00000 - 0x00007ff89fda1000 	C:\Windows\System32\USER32.dll
0x00007ff887a40000 - 0x00007ff887cda000 	C:\Windows\WinSxS\amd64_microsoft.windows.common-controls_6595b64144ccf1df_6.0.19041.1110_none_60b5254171f9507e\COMCTL32.dll
0x00007ff89e580000 - 0x00007ff89e5a2000 	C:\Windows\System32\win32u.dll
0x00007ff89f000000 - 0x00007ff89f09e000 	C:\Windows\System32\msvcrt.dll
0x00007ff89fdb0000 - 0x00007ff89fddb000 	C:\Windows\System32\GDI32.dll
0x00007ff89e220000 - 0x00007ff89e32f000 	C:\Windows\System32\gdi32full.dll
0x00007ff89dc60000 - 0x00007ff89dcfd000 	C:\Windows\System32\msvcp_win.dll
0x00007ff89f0a0000 - 0x00007ff89f0d2000 	C:\Windows\System32\IMM32.DLL
0x00007ff8734e0000 - 0x00007ff8734ec000 	c:\Users\losni\.vscode\extensions\redhat.java-1.13.0-win32-x64\jre\17.0.5-win32-x86_64\bin\vcruntime140_1.dll
0x00007fffdcf10000 - 0x00007fffdcfa1000 	c:\Users\losni\.vscode\extensions\redhat.java-1.13.0-win32-x64\jre\17.0.5-win32-x86_64\bin\msvcp140.dll
0x00007fffdc2c0000 - 0x00007fffdcf04000 	c:\Users\losni\.vscode\extensions\redhat.java-1.13.0-win32-x64\jre\17.0.5-win32-x86_64\bin\server\jvm.dll
0x00007ff89f5b0000 - 0x00007ff89f65e000 	C:\Windows\System32\ADVAPI32.dll
0x00007ff89f510000 - 0x00007ff89f5ac000 	C:\Windows\System32\sechost.dll
0x00007ff89e5b0000 - 0x00007ff89e6d5000 	C:\Windows\System32\RPCRT4.dll
0x00007ff888d10000 - 0x00007ff888d19000 	C:\Windows\SYSTEM32\WSOCK32.dll
0x00007ff896200000 - 0x00007ff89620a000 	C:\Windows\SYSTEM32\VERSION.dll
0x00007ff8935f0000 - 0x00007ff893617000 	C:\Windows\SYSTEM32\WINMM.dll
0x00007ff89fb90000 - 0x00007ff89fbfb000 	C:\Windows\System32\WS2_32.dll
0x00007ff89c4d0000 - 0x00007ff89c4e2000 	C:\Windows\SYSTEM32\kernel.appcore.dll
0x00007ff869320000 - 0x00007ff86932a000 	c:\Users\losni\.vscode\extensions\redhat.java-1.13.0-win32-x64\jre\17.0.5-win32-x86_64\bin\jimage.dll
0x00007ff89b9a0000 - 0x00007ff89bb84000 	C:\Windows\SYSTEM32\DBGHELP.DLL
0x00007ff8875b0000 - 0x00007ff8875e5000 	C:\Windows\SYSTEM32\dbgcore.DLL
0x00007ff89de00000 - 0x00007ff89de82000 	C:\Windows\System32\bcryptPrimitives.dll
0x00007fffdc290000 - 0x00007fffdc2b5000 	c:\Users\losni\.vscode\extensions\redhat.java-1.13.0-win32-x64\jre\17.0.5-win32-x86_64\bin\java.dll
0x00007fffdc270000 - 0x00007fffdc288000 	c:\Users\losni\.vscode\extensions\redhat.java-1.13.0-win32-x64\jre\17.0.5-win32-x86_64\bin\zip.dll
0x00007ff89e880000 - 0x00007ff89efc4000 	C:\Windows\System32\SHELL32.dll
0x00007ff89bb90000 - 0x00007ff89c322000 	C:\Windows\SYSTEM32\windows.storage.dll
0x00007ff89f660000 - 0x00007ff89f9b5000 	C:\Windows\System32\combase.dll
0x00007ff89d5e0000 - 0x00007ff89d610000 	C:\Windows\SYSTEM32\Wldp.dll
0x00007ff89fae0000 - 0x00007ff89fb8d000 	C:\Windows\System32\SHCORE.dll
0x00007ff89e760000 - 0x00007ff89e7b5000 	C:\Windows\System32\shlwapi.dll
0x00007ff89dba0000 - 0x00007ff89dbbf000 	C:\Windows\SYSTEM32\profapi.dll
0x00007fffdc250000 - 0x00007fffdc269000 	C:\Users\losni\.vscode\extensions\redhat.java-1.13.0-win32-x64\jre\17.0.5-win32-x86_64\bin\net.dll
0x00007ff8960c0000 - 0x00007ff8961cc000 	C:\Windows\SYSTEM32\WINHTTP.dll
0x00007ff89d340000 - 0x00007ff89d3aa000 	C:\Windows\system32\mswsock.dll
0x00007fffdc230000 - 0x00007fffdc245000 	C:\Users\losni\.vscode\extensions\redhat.java-1.13.0-win32-x64\jre\17.0.5-win32-x86_64\bin\nio.dll
0x00007ff846030000 - 0x00007ff846040000 	c:\Users\losni\.vscode\extensions\redhat.java-1.13.0-win32-x64\jre\17.0.5-win32-x86_64\bin\verify.dll
0x00007ff89d530000 - 0x00007ff89d548000 	C:\Windows\SYSTEM32\CRYPTSP.dll
0x00007ff89cc60000 - 0x00007ff89cc94000 	C:\Windows\system32\rsaenh.dll
0x00007ff89e380000 - 0x00007ff89e3a7000 	C:\Windows\System32\bcrypt.dll
0x00007ff89db20000 - 0x00007ff89db4e000 	C:\Windows\SYSTEM32\USERENV.dll
0x00007ff89d550000 - 0x00007ff89d55c000 	C:\Windows\SYSTEM32\CRYPTBASE.dll
0x00007ff89d030000 - 0x00007ff89d06b000 	C:\Windows\SYSTEM32\IPHLPAPI.DLL
0x00007ff89efd0000 - 0x00007ff89efd8000 	C:\Windows\System32\NSI.dll
0x00007ff8975d0000 - 0x00007ff8975e7000 	C:\Windows\SYSTEM32\dhcpcsvc6.DLL
0x00007ff8975b0000 - 0x00007ff8975cd000 	C:\Windows\SYSTEM32\dhcpcsvc.DLL
0x00007ff89d070000 - 0x00007ff89d13a000 	C:\Windows\SYSTEM32\DNSAPI.dll
0x00007ff887150000 - 0x00007ff887159000 	C:\Users\losni\.vscode\extensions\redhat.java-1.13.0-win32-x64\jre\17.0.5-win32-x86_64\bin\management.dll
0x00007ff8870f0000 - 0x00007ff8870fb000 	C:\Users\losni\.vscode\extensions\redhat.java-1.13.0-win32-x64\jre\17.0.5-win32-x86_64\bin\management_ext.dll
0x00007ff89f210000 - 0x00007ff89f218000 	C:\Windows\System32\PSAPI.DLL
0x00007ff873540000 - 0x00007ff87354e000 	C:\Users\losni\.vscode\extensions\redhat.java-1.13.0-win32-x64\jre\17.0.5-win32-x86_64\bin\sunmscapi.dll
0x00007ff89e3b0000 - 0x00007ff89e506000 	C:\Windows\System32\CRYPT32.dll
0x00007ff89d650000 - 0x00007ff89d677000 	C:\Windows\SYSTEM32\ncrypt.dll
0x00007ff89d610000 - 0x00007ff89d64b000 	C:\Windows\SYSTEM32\NTASN1.dll
0x00007ff894f80000 - 0x00007ff894f8a000 	C:\Windows\System32\rasadhlp.dll
0x00007ff894b90000 - 0x00007ff894c10000 	C:\Windows\System32\fwpuclnt.dll

dbghelp: loaded successfully - version: 4.0.5 - missing functions: none
symbol engine: initialized successfully - sym options: 0x614 - pdb path: .;c:\Users\losni\.vscode\extensions\redhat.java-1.13.0-win32-x64\jre\17.0.5-win32-x86_64\bin;C:\Windows\SYSTEM32;C:\Windows\WinSxS\amd64_microsoft.windows.common-controls_6595b64144ccf1df_6.0.19041.1110_none_60b5254171f9507e;c:\Users\losni\.vscode\extensions\redhat.java-1.13.0-win32-x64\jre\17.0.5-win32-x86_64\bin\server

VM Arguments:
jvm_args: -Dsts.lsp.client=vscode -Dsts.log.file=/dev/null -XX:TieredStopAtLevel=1 -Xlog:jni+resolve=off -Dspring.config.location=file:c:\Users\losni\.vscode\extensions\pivotal.vscode-spring-boot-1.43.0\language-server\BOOT-INF\classes\application.properties 
java_command: org.springframework.ide.vscode.boot.app.BootLanguageServerBootApp
java_class_path (initial): c:\Users\losni\.vscode\extensions\pivotal.vscode-spring-boot-1.43.0\language-server\BOOT-INF\classes;c:\Users\losni\.vscode\extensions\pivotal.vscode-spring-boot-1.43.0\language-server\BOOT-INF\lib\annotations-23.1.0.jar;c:\Users\losni\.vscode\extensions\pivotal.vscode-spring-boot-1.43.0\language-server\BOOT-INF\lib\ant-1.10.12.jar;c:\Users\losni\.vscode\extensions\pivotal.vscode-spring-boot-1.43.0\language-server\BOOT-INF\lib\ant-launcher-1.10.12.jar;c:\Users\losni\.vscode\extensions\pivotal.vscode-spring-boot-1.43.0\language-server\BOOT-INF\lib\antlr-runtime-3.5.2.jar;c:\Users\losni\.vscode\extensions\pivotal.vscode-spring-boot-1.43.0\language-server\BOOT-INF\lib\antlr4-4.9.3.jar;c:\Users\losni\.vscode\extensions\pivotal.vscode-spring-boot-1.43.0\language-server\BOOT-INF\lib\antlr4-runtime-4.9.3.jar;c:\Users\losni\.vscode\extensions\pivotal.vscode-spring-boot-1.43.0\language-server\BOOT-INF\lib\apiguardian-api-1.1.2.jar;c:\Users\losni\.vscode\extensions\pivotal.vscode-spring-boot-1.43.0\language-server\BOOT-INF\lib\asm-9.4.jar;c:\Users\losni\.vscode\extensions\pivotal.vscode-spring-boot-1.43.0\language-server\BOOT-INF\lib\asm-analysis-9.4.jar;c:\Users\losni\.vscode\extensions\pivotal.vscode-spring-boot-1.43.0\language-server\BOOT-INF\lib\asm-tree-9.4.jar;c:\Users\losni\.vscode\extensions\pivotal.vscode-spring-boot-1.43.0\language-server\BOOT-INF\lib\asm-util-9.4.jar;c:\Users\losni\.vscode\extensions\pivotal.vscode-spring-boot-1.43.0\language-server\BOOT-INF\lib\caffeine-3.1.2.jar;c:\Users\losni\.vscode\extensions\pivotal.vscode-spring-boot-1.43.0\language-server\BOOT-INF\lib\checker-qual-3.12.0.jar;c:\Users\losni\.vscode\extensions\pivotal.vscode-spring-boot-1.43.0\language-server\BOOT-INF\lib\ci-environment-9.1.0.jar;c:\Users\losni\.vscode\extensions\pivotal.vscode-spring-boot-1.43.0\language-server\BOOT-INF\lib\classgraph-4.8.149.jar;c:\Users\losni\.vscode\extensions\pivotal.vscode-spring-boot-1.43.0\language-server\BOOT-INF\lib\comm
Launcher Type: SUN_STANDARD

[Global flags]
     intx CICompilerCount                          = 4                                         {product} {ergonomic}
     uint ConcGCThreads                            = 3                                         {product} {ergonomic}
     uint G1ConcRefinementThreads                  = 10                                        {product} {ergonomic}
   size_t G1HeapRegionSize                         = 4194304                                   {product} {ergonomic}
    uintx GCDrainStackTargetSize                   = 64                                        {product} {ergonomic}
   size_t InitialHeapSize                          = 335544320                                 {product} {ergonomic}
   size_t MarkStackSize                            = 4194304                                   {product} {ergonomic}
   size_t MaxHeapSize                              = 5347737600                                {product} {ergonomic}
   size_t MaxNewSize                               = 3208642560                                {product} {ergonomic}
   size_t MinHeapDeltaBytes                        = 4194304                                   {product} {ergonomic}
   size_t MinHeapSize                              = 8388608                                   {product} {ergonomic}
    uintx NonProfiledCodeHeapSize                  = 0                                      {pd product} {ergonomic}
     bool ProfileInterpreter                       = false                                  {pd product} {command line}
    uintx ProfiledCodeHeapSize                     = 0                                      {pd product} {ergonomic}
   size_t SoftMaxHeapSize                          = 5347737600                             {manageable} {ergonomic}
     intx TieredStopAtLevel                        = 1                                         {product} {command line}
     bool UseCompressedClassPointers               = true                           {product lp64_product} {ergonomic}
     bool UseCompressedOops                        = true                           {product lp64_product} {ergonomic}
     bool UseG1GC                                  = true                                      {product} {ergonomic}
     bool UseLargePagesIndividualAllocation        = false                                  {pd product} {ergonomic}

Logging:
Log output configuration:
 #0: stdout all=warning,jni+resolve=off uptime,level,tags
 #1: stderr all=off uptime,level,tags

Environment Variables:
JAVA_HOME=C:\Program Files\Java\jdk-17.0.1
PATH=C:\Program Files\Eclipse Adoptium\jdk-17.0.5.8-hotspot\bin;C:\Python310\Scripts\;C:\Python310\;C:\Program Files (x86)\NVIDIA Corporation\PhysX\Common;C:\Program Files\Common Files\Oracle\Java\javapath;C:\Program Files (x86)\Common Files\Oracle\Java\javapath;C:\Windows\system32;C:\Windows;C:\Windows\System32\Wbem;C:\Windows\System32\WindowsPowerShell\v1.0\;C:\Windows\System32\OpenSSH\;C:\Program Files\Git\cmd;C:\Program Files\Microsoft SQL Server\150\Tools\Binn\;C:\Users\losni\Documents\Cosas programacion\apache-ant-1.9.16\bin;C:\Users\losni\Documents\Cosas programacion\gradle-7.4\bin;C:\Program Files\Java\jdk-17.0.1\bin;C:\apache-maven-3.8.5\bin;C:\Program Files\nodejs\;C:\ProgramData\chocolatey\bin;C:\Program Files\dotnet\;C:\Python310\Scripts\;C:\Python310\;C:\Program Files (x86)\NVIDIA Corporation\PhysX\Common;C:\Program Files\Common Files\Oracle\Java\javapath;C:\Program Files (x86)\Common Files\Oracle\Java\javapath;C:\Windows\system32;C:\Windows;C:\Windows\System32\Wbem;C:\Windows\System32\WindowsPowerShell\v1.0\;C:\Windows\System32\OpenSSH\;C:\Program Files\Git\cmd;C:\Program Files\Microsoft SQL Server\150\Tools\Binn\;C:\Program Files\Microsoft SQL Server\Client SDK\ODBC\170\Tools\Binn\;C:\Users\losni\Documents\Cosas programacion\apache-ant-1.9.16\bin;C:\Users\losni\Documents\Cosas programacion\gradle-7.4\bin;C:\Program Files\Java\jdk-17.0.1\bin;C:\apache-maven-3.8.5\bin;C:\Program Files\nodejs\;C:\ProgramData\chocolatey\bin;C:\Program Files\Go\bin;C:\Program Files\dotnet\;C:\Program Files\MySQL\MySQL Shell 8.0\bin\;C:\Users\losni\AppData\Local\Microsoft\WindowsApps;D:\IntelliJ IDEA Community Edition 2021.3.2\bin;C:\Users\losni\AppData\Roaming\npm;C:\Program Files\heroku\bin;C:\Users\losni\go\bin;C:\Users\losni\AppData\Loc;;C:\Users\losni\AppData\Local\Programs\Microsoft VS Code\bin
USERNAME=losni
OS=Windows_NT
PROCESSOR_IDENTIFIER=AMD64 Family 25 Model 33 Stepping 0, AuthenticAMD
TMP=C:\Users\losni\AppData\Local\Temp
TEMP=C:\Users\losni\AppData\Local\Temp



---------------  S Y S T E M  ---------------

OS:
 Windows 10 , 64 bit Build 19041 (10.0.19041.2364)
OS uptime: 0 days 9:06 hours

CPU: total 12 (initial active 12) (12 cores per cpu, 2 threads per core) family 25 model 33 stepping 0 microcode 0x0, cx8, cmov, fxsr, ht, mmx, 3dnowpref, sse, sse2, sse3, ssse3, sse4a, sse4.1, sse4.2, popcnt, lzcnt, tsc, tscinvbit, avx, avx2, aes, erms, clmul, bmi1, bmi2, adx, sha, fma, vzeroupper, clflush, clflushopt

Memory: 4k page, system-wide physical 20391M (6625M free)
TotalPageFile size 26423M (AvailPageFile size 249M)
current process WorkingSet (physical memory assigned to process): 896M, peak: 896M
current process commit charge ("private bytes"): 922M, peak: 1398M

vm_info: OpenJDK 64-Bit Server VM (17.0.5+8) for windows-amd64 JRE (17.0.5+8), built on Oct 19 2022 04:48:13 by "temurin" with MS VC++ 16.7 (VS2019)

END.
