#
# There is insufficient memory for the Java Runtime Environment to continue.
# Native memory allocation (mmap) failed to map 578813952 bytes for G1 virtual space
# Possible reasons:
#   The system is out of physical RAM or swap space
#   The process is running with CompressedOops enabled, and the Java Heap may be blocking the growth of the native heap
# Possible solutions:
#   Reduce memory load on the system
#   Increase physical memory or swap space
#   Check if swap backing store is full
#   Decrease Java heap size (-Xmx/-Xms)
#   Decrease number of Java threads
#   Decrease Java thread stack sizes (-Xss)
#   Set larger code cache with -XX:ReservedCodeCacheSize=
#   JVM is running with Zero Based Compressed Oops mode in which the Java heap is
#     placed in the first 32GB address space. The Java Heap base address is the
#     maximum limit for the native heap growth. Please use -XX:HeapBaseMinAddress
#     to set the Java Heap base and to place the Java Heap above 32GB virtual address.
# This output file may be truncated or incomplete.
#
#  Out of Memory Error (os_windows.cpp:3548), pid=8260, tid=18064
#
# JRE version: OpenJDK Runtime Environment Temurin-17.0.5+8 (17.0.5+8) (build 17.0.5+8)
# Java VM: OpenJDK 64-Bit Server VM Temurin-17.0.5+8 (17.0.5+8, mixed mode, emulated-client, tiered, compressed oops, compressed class ptrs, g1 gc, windows-amd64)
# No core dump will be written. Minidumps are not enabled by default on client versions of Windows
#

---------------  S U M M A R Y ------------

Command Line: -Dsts.lsp.client=vscode -Dsts.log.file=/dev/null -XX:TieredStopAtLevel=1 -Xlog:jni+resolve=off -Dspring.config.location=file:c:\Users\losni\.vscode\extensions\pivotal.vscode-spring-boot-1.43.0\language-server\BOOT-INF\classes\application.properties org.springframework.ide.vscode.boot.app.BootLanguageServerBootApp

Host: AMD Ryzen 5 5600X 6-Core Processor             , 12 cores, 19G,  Windows 10 , 64 bit Build 19041 (10.0.19041.2364)
Time: Sun Jan  8 18:05:34 2023 Argentina Standard Time elapsed time: 10.745402 seconds (0d 0h 0m 10s)

---------------  T H R E A D  ---------------

Current thread (0x000001d990ed65a0):  VMThread "VM Thread" [stack: 0x0000000f65000000,0x0000000f65100000] [id=18064]

Stack: [0x0000000f65000000,0x0000000f65100000]
Native frames: (J=compiled Java code, j=interpreted, Vv=VM code, C=native code)
V  [jvm.dll+0x676b3a]
V  [jvm.dll+0x831444]
V  [jvm.dll+0x832bee]
V  [jvm.dll+0x833253]
V  [jvm.dll+0x244ce5]
V  [jvm.dll+0x673a49]
V  [jvm.dll+0x66811a]
V  [jvm.dll+0x303ceb]
V  [jvm.dll+0x30b1e6]
V  [jvm.dll+0x35adbe]
V  [jvm.dll+0x35afef]
V  [jvm.dll+0x2dab88]
V  [jvm.dll+0x2d8e3c]
V  [jvm.dll+0x2d840c]
V  [jvm.dll+0x31c31b]
V  [jvm.dll+0x8376fb]
V  [jvm.dll+0x838434]
V  [jvm.dll+0x83894c]
V  [jvm.dll+0x838d24]
V  [jvm.dll+0x838df0]
V  [jvm.dll+0x7e17ea]
V  [jvm.dll+0x6759e5]
C  [ucrtbase.dll+0x21bb2]
C  [KERNEL32.DLL+0x17614]
C  [ntdll.dll+0x526a1]

VM_Operation (0x0000000f685fe0d0): G1CollectForAllocation, mode: safepoint, requested by thread 0x000001d993169440


---------------  P R O C E S S  ---------------

Threads class SMR info:
_java_thread_list=0x000001d996288670, length=47, elements={
0x000001d991817b60, 0x000001d991818b10, 0x000001d990ee9ba0, 0x000001d990eea920,
0x000001d990eee2f0, 0x000001d991838510, 0x000001d991838dd0, 0x000001d99183a6e0,
0x000001d991a4cd00, 0x000001d991a51630, 0x000001d99194c210, 0x000001d99258b880,
0x000001d992800cc0, 0x000001d992d92d70, 0x000001d992fac850, 0x000001d992ffcfa0,
0x000001d9fc47a7d0, 0x000001d99303f300, 0x000001d99306ea90, 0x000001d9930bd080,
0x000001d9930bb3a0, 0x000001d9930ba060, 0x000001d9930bbd40, 0x000001d9930ba530,
0x000001d9930bc210, 0x000001d9930baa00, 0x000001d9930baed0, 0x000001d9930bc6e0,
0x000001d9930bda20, 0x000001d9930bd550, 0x000001d9930bcbb0, 0x000001d9930bb870,
0x000001d993166420, 0x000001d993167c30, 0x000001d99316a2b0, 0x000001d993168f70,
0x000001d993165f50, 0x000001d993162a60, 0x000001d993168aa0, 0x000001d993168100,
0x000001d9931685d0, 0x000001d993169440, 0x000001d993164270, 0x000001d993169910,
0x000001d993162f30, 0x000001d993164c10, 0x000001d9931655b0
}

Java Threads: ( => current thread )
  0x000001d991817b60 JavaThread "Reference Handler" daemon [_thread_blocked, id=19468, stack(0x0000000f65100000,0x0000000f65200000)]
  0x000001d991818b10 JavaThread "Finalizer" daemon [_thread_blocked, id=20360, stack(0x0000000f65200000,0x0000000f65300000)]
  0x000001d990ee9ba0 JavaThread "Signal Dispatcher" daemon [_thread_blocked, id=10184, stack(0x0000000f65300000,0x0000000f65400000)]
  0x000001d990eea920 JavaThread "Attach Listener" daemon [_thread_blocked, id=22316, stack(0x0000000f65400000,0x0000000f65500000)]
  0x000001d990eee2f0 JavaThread "Service Thread" daemon [_thread_blocked, id=18364, stack(0x0000000f65500000,0x0000000f65600000)]
  0x000001d991838510 JavaThread "Monitor Deflation Thread" daemon [_thread_blocked, id=22308, stack(0x0000000f65600000,0x0000000f65700000)]
  0x000001d991838dd0 JavaThread "C1 CompilerThread0" daemon [_thread_blocked, id=18156, stack(0x0000000f65700000,0x0000000f65800000)]
  0x000001d99183a6e0 JavaThread "Sweeper thread" daemon [_thread_blocked, id=15316, stack(0x0000000f65800000,0x0000000f65900000)]
  0x000001d991a4cd00 JavaThread "Notification Thread" daemon [_thread_blocked, id=17468, stack(0x0000000f65a00000,0x0000000f65b00000)]
  0x000001d991a51630 JavaThread "Common-Cleaner" daemon [_thread_blocked, id=19308, stack(0x0000000f65c00000,0x0000000f65d00000)]
  0x000001d99194c210 JavaThread "C1 CompilerThread1" daemon [_thread_blocked, id=2136, stack(0x0000000f65900000,0x0000000f65a00000)]
  0x000001d99258b880 JavaThread "C1 CompilerThread2" daemon [_thread_blocked, id=5732, stack(0x0000000f66300000,0x0000000f66400000)]
  0x000001d992800cc0 JavaThread "C1 CompilerThread3" daemon [_thread_blocked, id=21056, stack(0x0000000f66400000,0x0000000f66500000)]
  0x000001d992d92d70 JavaThread "boundedElastic-evictor-1" daemon [_thread_blocked, id=800, stack(0x0000000f66500000,0x0000000f66600000)]
  0x000001d992fac850 JavaThread "pool-11-thread-1" [_thread_blocked, id=2192, stack(0x0000000f66b00000,0x0000000f66c00000)]
  0x000001d992ffcfa0 JavaThread "LanguageServerApp-lifecycle" [_thread_blocked, id=21636, stack(0x0000000f66c00000,0x0000000f66d00000)]
  0x000001d9fc47a7d0 JavaThread "DestroyJavaVM" [_thread_blocked, id=17872, stack(0x0000000f64a00000,0x0000000f64b00000)]
  0x000001d99303f300 JavaThread "pool-12-thread-1" [_thread_in_native, id=21716, stack(0x0000000f66d00000,0x0000000f66e00000)]
  0x000001d99306ea90 JavaThread "Simple-Language-Server main thread" daemon [_thread_blocked, id=21664, stack(0x0000000f66e00000,0x0000000f66f00000)]
  0x000001d9930bd080 JavaThread "parallel-1" daemon [_thread_blocked, id=21236, stack(0x0000000f66f00000,0x0000000f67000000)]
  0x000001d9930bb3a0 JavaThread "ForkJoinPool.commonPool-worker-1" daemon [_thread_blocked, id=17728, stack(0x0000000f67000000,0x0000000f67100000)]
  0x000001d9930ba060 JavaThread "parallel-2" daemon [_thread_blocked, id=9500, stack(0x0000000f67100000,0x0000000f67200000)]
  0x000001d9930bbd40 JavaThread "pool-5-thread-1" [_thread_blocked, id=9936, stack(0x0000000f67200000,0x0000000f67300000)]
  0x000001d9930ba530 JavaThread "ClassGraph-worker-0" daemon [_thread_blocked, id=7512, stack(0x0000000f67300000,0x0000000f67400000)]
  0x000001d9930bc210 JavaThread "ForkJoinPool.commonPool-worker-2" daemon [_thread_blocked, id=19220, stack(0x0000000f67400000,0x0000000f67500000)]
  0x000001d9930baa00 JavaThread "ClassGraph-worker-1" daemon [_thread_blocked, id=17960, stack(0x0000000f67500000,0x0000000f67600000)]
  0x000001d9930baed0 JavaThread "ClassGraph-worker-2" daemon [_thread_blocked, id=21092, stack(0x0000000f67600000,0x0000000f67700000)]
  0x000001d9930bc6e0 JavaThread "ClassGraph-worker-3" daemon [_thread_blocked, id=22160, stack(0x0000000f67700000,0x0000000f67800000)]
  0x000001d9930bda20 JavaThread "ClassGraph-worker-4" daemon [_thread_blocked, id=20340, stack(0x0000000f67800000,0x0000000f67900000)]
  0x000001d9930bd550 JavaThread "ClassGraph-worker-5" daemon [_thread_blocked, id=22180, stack(0x0000000f67900000,0x0000000f67a00000)]
  0x000001d9930bcbb0 JavaThread "ClassGraph-worker-6" daemon [_thread_blocked, id=21816, stack(0x0000000f67a00000,0x0000000f67b00000)]
  0x000001d9930bb870 JavaThread "ClassGraph-worker-7" daemon [_thread_blocked, id=21848, stack(0x0000000f67b00000,0x0000000f67c00000)]
  0x000001d993166420 JavaThread "ClassGraph-worker-8" daemon [_thread_blocked, id=17636, stack(0x0000000f67c00000,0x0000000f67d00000)]
  0x000001d993167c30 JavaThread "ClassGraph-worker-9" daemon [_thread_blocked, id=4768, stack(0x0000000f67d00000,0x0000000f67e00000)]
  0x000001d99316a2b0 JavaThread "ClassGraph-worker-10" daemon [_thread_blocked, id=21640, stack(0x0000000f67e00000,0x0000000f67f00000)]
  0x000001d993168f70 JavaThread "ClassGraph-worker-11" daemon [_thread_blocked, id=11592, stack(0x0000000f67f00000,0x0000000f68000000)]
  0x000001d993165f50 JavaThread "ClassGraph-worker-12" daemon [_thread_blocked, id=21348, stack(0x0000000f68000000,0x0000000f68100000)]
  0x000001d993162a60 JavaThread "ClassGraph-worker-13" daemon [_thread_blocked, id=17752, stack(0x0000000f68100000,0x0000000f68200000)]
  0x000001d993168aa0 JavaThread "ClassGraph-worker-14" daemon [_thread_blocked, id=4020, stack(0x0000000f68200000,0x0000000f68300000)]
  0x000001d993168100 JavaThread "ClassGraph-worker-15" daemon [_thread_blocked, id=3224, stack(0x0000000f68300000,0x0000000f68400000)]
  0x000001d9931685d0 JavaThread "ClassGraph-worker-16" daemon [_thread_blocked, id=7884, stack(0x0000000f68400000,0x0000000f68500000)]
  0x000001d993169440 JavaThread "ClassGraph-worker-17" daemon [_thread_blocked, id=14668, stack(0x0000000f68500000,0x0000000f68600000)]
  0x000001d993164270 JavaThread "ClassGraph-worker-18" daemon [_thread_blocked, id=268, stack(0x0000000f68600000,0x0000000f68700000)]
  0x000001d993169910 JavaThread "Reconciler-1" daemon [_thread_blocked, id=3400, stack(0x0000000f68700000,0x0000000f68800000)]
  0x000001d993162f30 JavaThread "pool-6-thread-1" [_thread_blocked, id=11872, stack(0x0000000f68800000,0x0000000f68900000)]
  0x000001d993164c10 JavaThread "pool-10-thread-1" [_thread_in_native, id=21948, stack(0x0000000f68900000,0x0000000f68a00000)]
  0x000001d9931655b0 JavaThread "pool-10-thread-2" [_thread_blocked, id=21584, stack(0x0000000f68a00000,0x0000000f68b00000)]

Other Threads:
=>0x000001d990ed65a0 VMThread "VM Thread" [stack: 0x0000000f65000000,0x0000000f65100000] [id=18064]
  0x000001d991a4d1d0 WatcherThread [stack: 0x0000000f65b00000,0x0000000f65c00000] [id=11876]
  0x000001d9fc4f2740 GCTaskThread "GC Thread#0" [stack: 0x0000000f64b00000,0x0000000f64c00000] [id=20668]
  0x000001d9923ce720 GCTaskThread "GC Thread#1" [stack: 0x0000000f65d00000,0x0000000f65e00000] [id=12120]
  0x000001d9923ce9d0 GCTaskThread "GC Thread#2" [stack: 0x0000000f65e00000,0x0000000f65f00000] [id=19560]
  0x000001d9923cec80 GCTaskThread "GC Thread#3" [stack: 0x0000000f65f00000,0x0000000f66000000] [id=8772]
  0x000001d9923cef30 GCTaskThread "GC Thread#4" [stack: 0x0000000f66000000,0x0000000f66100000] [id=8236]
  0x000001d9923cf1e0 GCTaskThread "GC Thread#5" [stack: 0x0000000f66100000,0x0000000f66200000] [id=22136]
  0x000001d9919ab700 GCTaskThread "GC Thread#6" [stack: 0x0000000f66200000,0x0000000f66300000] [id=22000]
  0x000001d992a3c880 GCTaskThread "GC Thread#7" [stack: 0x0000000f66600000,0x0000000f66700000] [id=19300]
  0x000001d992a3cf40 GCTaskThread "GC Thread#8" [stack: 0x0000000f66700000,0x0000000f66800000] [id=21872]
  0x000001d992a3d1f0 GCTaskThread "GC Thread#9" [stack: 0x0000000f66800000,0x0000000f66900000] [id=17292]
  0x000001d9fc4ff5f0 ConcurrentGCThread "G1 Main Marker" [stack: 0x0000000f64c00000,0x0000000f64d00000] [id=21120]
  0x000001d9fc5007a0 ConcurrentGCThread "G1 Conc#0" [stack: 0x0000000f64d00000,0x0000000f64e00000] [id=16700]
  0x000001d992a44970 ConcurrentGCThread "G1 Conc#1" [stack: 0x0000000f66900000,0x0000000f66a00000] [id=11920]
  0x000001d992a8c870 ConcurrentGCThread "G1 Conc#2" [stack: 0x0000000f66a00000,0x0000000f66b00000] [id=22056]
  0x000001d9fc53e0f0 ConcurrentGCThread "G1 Refine#0" [stack: 0x0000000f64e00000,0x0000000f64f00000] [id=13064]
  0x000001d9fc53eb10 ConcurrentGCThread "G1 Service" [stack: 0x0000000f64f00000,0x0000000f65000000] [id=21456]

Threads with active compile tasks:

VM state: at safepoint (normal execution)

VM Mutex/Monitor currently owned by a thread:  ([mutex/lock_event])
[0x000001d9fc4759b0] Threads_lock - owner thread: 0x000001d990ed65a0
[0x000001d9fc474840] Heap_lock - owner thread: 0x000001d993169440

Heap address: 0x00000006c1400000, size: 5100 MB, Compressed Oops mode: Zero based, Oop shift amount: 3

CDS archive(s) not mapped
Compressed class space mapped at: 0x0000000800000000-0x0000000840000000, reserved size: 1073741824
Narrow klass base: 0x0000000800000000, Narrow klass shift: 0, Narrow klass range: 0x40000000

GC Precious Log:
 CPUs: 12 total, 12 available
 Memory: 20391M
 Large Page Support: Disabled
 NUMA Support: Disabled
 Compressed Oops: Enabled (Zero based)
 Heap Region Size: 4M
 Heap Min Capacity: 8M
 Heap Initial Capacity: 320M
 Heap Max Capacity: 5100M
 Pre-touch: Disabled
 Parallel Workers: 10
 Concurrent Workers: 3
 Concurrent Refinement Workers: 10
 Periodic GC: Disabled

Heap:
 garbage-first heap   total 565248K, used 136855K [0x00000006c1400000, 0x0000000800000000)
  region size 4096K, 9 young (36864K), 9 survivors (36864K)
 Metaspace       used 47832K, committed 48256K, reserved 1097728K
  class space    used 6004K, committed 6208K, reserved 1048576K

Heap Regions: E=young(eden), S=young(survivor), O=old, HS=humongous(starts), HC=humongous(continues), CS=collection set, F=free, OA=open archive, CA=closed archive, TAMS=top-at-mark-start (previous, next)
|   0|0x00000006c1400000, 0x00000006c1800000, 0x00000006c1800000|100%| O|  |TAMS 0x00000006c1800000, 0x00000006c1400000| Untracked 
|   1|0x00000006c1800000, 0x00000006c1c00000, 0x00000006c1c00000|100%| O|  |TAMS 0x00000006c1800000, 0x00000006c1800000| Untracked 
|   2|0x00000006c1c00000, 0x00000006c2000000, 0x00000006c2000000|100%| O|  |TAMS 0x00000006c2000000, 0x00000006c1c00000| Untracked 
|   3|0x00000006c2000000, 0x00000006c2400000, 0x00000006c2400000|100%| O|  |TAMS 0x00000006c2400000, 0x00000006c2000000| Untracked 
|   4|0x00000006c2400000, 0x00000006c2800000, 0x00000006c2800000|100%| O|  |TAMS 0x00000006c25cc400, 0x00000006c2400000| Untracked 
|   5|0x00000006c2800000, 0x00000006c2c00000, 0x00000006c2c00000|100%| O|  |TAMS 0x00000006c2800000, 0x00000006c2800000| Untracked 
|   6|0x00000006c2c00000, 0x00000006c3000000, 0x00000006c3000000|100%| O|  |TAMS 0x00000006c2c00000, 0x00000006c2c00000| Untracked 
|   7|0x00000006c3000000, 0x00000006c3400000, 0x00000006c3400000|100%| O|  |TAMS 0x00000006c3000000, 0x00000006c3000000| Untracked 
|   8|0x00000006c3400000, 0x00000006c3800000, 0x00000006c3800000|100%| O|  |TAMS 0x00000006c3400000, 0x00000006c3400000| Untracked 
|   9|0x00000006c3800000, 0x00000006c3c00000, 0x00000006c3c00000|100%| O|  |TAMS 0x00000006c3800000, 0x00000006c3800000| Untracked 
|  10|0x00000006c3c00000, 0x00000006c4000000, 0x00000006c4000000|100%| O|  |TAMS 0x00000006c3c00000, 0x00000006c3c00000| Untracked 
|  11|0x00000006c4000000, 0x00000006c4400000, 0x00000006c4400000|100%| O|  |TAMS 0x00000006c4000000, 0x00000006c4000000| Untracked 
|  12|0x00000006c4400000, 0x00000006c4800000, 0x00000006c4800000|100%| O|  |TAMS 0x00000006c4400000, 0x00000006c4400000| Untracked 
|  13|0x00000006c4800000, 0x00000006c4c00000, 0x00000006c4c00000|100%| O|  |TAMS 0x00000006c4800000, 0x00000006c4800000| Untracked 
|  14|0x00000006c4c00000, 0x00000006c5000000, 0x00000006c5000000|100%| O|  |TAMS 0x00000006c4c00000, 0x00000006c4c00000| Untracked 
|  15|0x00000006c5000000, 0x00000006c5400000, 0x00000006c5400000|100%| O|  |TAMS 0x00000006c5000000, 0x00000006c5000000| Untracked 
|  16|0x00000006c5400000, 0x00000006c5800000, 0x00000006c5800000|100%| O|  |TAMS 0x00000006c5400000, 0x00000006c5400000| Untracked 
|  17|0x00000006c5800000, 0x00000006c5c00000, 0x00000006c5c00000|100%| O|  |TAMS 0x00000006c5800000, 0x00000006c5800000| Untracked 
|  18|0x00000006c5c00000, 0x00000006c6000000, 0x00000006c6000000|100%| O|  |TAMS 0x00000006c5c00000, 0x00000006c5c00000| Untracked 
|  19|0x00000006c6000000, 0x00000006c6400000, 0x00000006c6400000|100%| O|  |TAMS 0x00000006c6000000, 0x00000006c6000000| Untracked 
|  20|0x00000006c6400000, 0x00000006c6800000, 0x00000006c6800000|100%| O|  |TAMS 0x00000006c6400000, 0x00000006c6400000| Untracked 
|  21|0x00000006c6800000, 0x00000006c6c00000, 0x00000006c6c00000|100%| O|  |TAMS 0x00000006c6800000, 0x00000006c6800000| Untracked 
|  22|0x00000006c6c00000, 0x00000006c7000000, 0x00000006c7000000|100%| O|  |TAMS 0x00000006c6c00000, 0x00000006c6c00000| Untracked 
|  23|0x00000006c7000000, 0x00000006c7400000, 0x00000006c7400000|100%| O|  |TAMS 0x00000006c7000000, 0x00000006c7000000| Untracked 
|  24|0x00000006c7400000, 0x00000006c7800000, 0x00000006c7800000|100%| O|  |TAMS 0x00000006c7400000, 0x00000006c7400000| Untracked 
|  25|0x00000006c7800000, 0x00000006c7923800, 0x00000006c7c00000| 28%| O|  |TAMS 0x00000006c7800000, 0x00000006c7800000| Untracked 
|  26|0x00000006c7c00000, 0x00000006c7c00000, 0x00000006c8000000|  0%| F|  |TAMS 0x00000006c7c00000, 0x00000006c7c00000| Untracked 
|  27|0x00000006c8000000, 0x00000006c8000000, 0x00000006c8400000|  0%| F|  |TAMS 0x00000006c8000000, 0x00000006c8000000| Untracked 
|  28|0x00000006c8400000, 0x00000006c8400000, 0x00000006c8800000|  0%| F|  |TAMS 0x00000006c8400000, 0x00000006c8400000| Untracked 
|  29|0x00000006c8800000, 0x00000006c8800000, 0x00000006c8c00000|  0%| F|  |TAMS 0x00000006c8800000, 0x00000006c8800000| Untracked 
|  30|0x00000006c8c00000, 0x00000006c8c00000, 0x00000006c9000000|  0%| F|  |TAMS 0x00000006c8c00000, 0x00000006c8c00000| Untracked 
|  31|0x00000006c9000000, 0x00000006c9000000, 0x00000006c9400000|  0%| F|  |TAMS 0x00000006c9000000, 0x00000006c9000000| Untracked 
|  32|0x00000006c9400000, 0x00000006c9400000, 0x00000006c9800000|  0%| F|  |TAMS 0x00000006c9400000, 0x00000006c9400000| Untracked 
|  33|0x00000006c9800000, 0x00000006c9800000, 0x00000006c9c00000|  0%| F|  |TAMS 0x00000006c9800000, 0x00000006c9800000| Untracked 
|  34|0x00000006c9c00000, 0x00000006c9c00000, 0x00000006ca000000|  0%| F|  |TAMS 0x00000006c9c00000, 0x00000006c9c00000| Untracked 
|  35|0x00000006ca000000, 0x00000006ca000000, 0x00000006ca400000|  0%| F|  |TAMS 0x00000006ca000000, 0x00000006ca000000| Untracked 
|  36|0x00000006ca400000, 0x00000006ca400000, 0x00000006ca800000|  0%| F|  |TAMS 0x00000006ca400000, 0x00000006ca400000| Untracked 
|  37|0x00000006ca800000, 0x00000006ca800000, 0x00000006cac00000|  0%| F|  |TAMS 0x00000006ca800000, 0x00000006ca800000| Untracked 
|  38|0x00000006cac00000, 0x00000006cac00000, 0x00000006cb000000|  0%| F|  |TAMS 0x00000006cac00000, 0x00000006cac00000| Untracked 
|  39|0x00000006cb000000, 0x00000006cb000000, 0x00000006cb400000|  0%| F|  |TAMS 0x00000006cb000000, 0x00000006cb000000| Untracked 
|  40|0x00000006cb400000, 0x00000006cb400000, 0x00000006cb800000|  0%| F|  |TAMS 0x00000006cb400000, 0x00000006cb400000| Untracked 
|  41|0x00000006cb800000, 0x00000006cb800000, 0x00000006cbc00000|  0%| F|  |TAMS 0x00000006cb800000, 0x00000006cb800000| Untracked 
|  42|0x00000006cbc00000, 0x00000006cbc00000, 0x00000006cc000000|  0%| F|  |TAMS 0x00000006cbc00000, 0x00000006cbc00000| Untracked 
|  43|0x00000006cc000000, 0x00000006cc000000, 0x00000006cc400000|  0%| F|  |TAMS 0x00000006cc000000, 0x00000006cc000000| Untracked 
|  44|0x00000006cc400000, 0x00000006cc400000, 0x00000006cc800000|  0%| F|  |TAMS 0x00000006cc400000, 0x00000006cc400000| Untracked 
|  45|0x00000006cc800000, 0x00000006cc800000, 0x00000006ccc00000|  0%| F|  |TAMS 0x00000006cc800000, 0x00000006cc800000| Untracked 
|  46|0x00000006ccc00000, 0x00000006ccc00000, 0x00000006cd000000|  0%| F|  |TAMS 0x00000006ccc00000, 0x00000006ccc00000| Untracked 
|  47|0x00000006cd000000, 0x00000006cd082400, 0x00000006cd400000| 12%| S|CS|TAMS 0x00000006cd000000, 0x00000006cd000000| Complete 
|  48|0x00000006cd400000, 0x00000006cd800000, 0x00000006cd800000|100%| S|CS|TAMS 0x00000006cd400000, 0x00000006cd400000| Complete 
|  49|0x00000006cd800000, 0x00000006cdc00000, 0x00000006cdc00000|100%| S|CS|TAMS 0x00000006cd800000, 0x00000006cd800000| Complete 
|  50|0x00000006cdc00000, 0x00000006ce000000, 0x00000006ce000000|100%| S|CS|TAMS 0x00000006cdc00000, 0x00000006cdc00000| Complete 
|  51|0x00000006ce000000, 0x00000006ce400000, 0x00000006ce400000|100%| S|CS|TAMS 0x00000006ce000000, 0x00000006ce000000| Complete 
|  52|0x00000006ce400000, 0x00000006ce800000, 0x00000006ce800000|100%| S|CS|TAMS 0x00000006ce400000, 0x00000006ce400000| Complete 
|  53|0x00000006ce800000, 0x00000006cec00000, 0x00000006cec00000|100%| S|CS|TAMS 0x00000006ce800000, 0x00000006ce800000| Complete 
|  54|0x00000006cec00000, 0x00000006cf000000, 0x00000006cf000000|100%| S|CS|TAMS 0x00000006cec00000, 0x00000006cec00000| Complete 
|  55|0x00000006cf000000, 0x00000006cf000000, 0x00000006cf400000|  0%| F|  |TAMS 0x00000006cf000000, 0x00000006cf000000| Untracked 
|  56|0x00000006cf400000, 0x00000006cf400000, 0x00000006cf800000|  0%| F|  |TAMS 0x00000006cf400000, 0x00000006cf400000| Untracked 
|  57|0x00000006cf800000, 0x00000006cf800000, 0x00000006cfc00000|  0%| F|  |TAMS 0x00000006cf800000, 0x00000006cf800000| Untracked 
|  58|0x00000006cfc00000, 0x00000006cfc00000, 0x00000006d0000000|  0%| F|  |TAMS 0x00000006cfc00000, 0x00000006cfc00000| Untracked 
|  59|0x00000006d0000000, 0x00000006d0400000, 0x00000006d0400000|100%| S|CS|TAMS 0x00000006d0000000, 0x00000006d0000000| Complete 
|  60|0x00000006d0400000, 0x00000006d0400000, 0x00000006d0800000|  0%| F|  |TAMS 0x00000006d0400000, 0x00000006d0400000| Untracked 
|  61|0x00000006d0800000, 0x00000006d0800000, 0x00000006d0c00000|  0%| F|  |TAMS 0x00000006d0800000, 0x00000006d0800000| Untracked 
|  62|0x00000006d0c00000, 0x00000006d0c00000, 0x00000006d1000000|  0%| F|  |TAMS 0x00000006d0c00000, 0x00000006d0c00000| Untracked 
|  63|0x00000006d1000000, 0x00000006d1000000, 0x00000006d1400000|  0%| F|  |TAMS 0x00000006d1000000, 0x00000006d1000000| Untracked 
|  64|0x00000006d1400000, 0x00000006d1400000, 0x00000006d1800000|  0%| F|  |TAMS 0x00000006d1400000, 0x00000006d1400000| Untracked 
|  65|0x00000006d1800000, 0x00000006d1800000, 0x00000006d1c00000|  0%| F|  |TAMS 0x00000006d1800000, 0x00000006d1800000| Untracked 
|  66|0x00000006d1c00000, 0x00000006d1c00000, 0x00000006d2000000|  0%| F|  |TAMS 0x00000006d1c00000, 0x00000006d1c00000| Untracked 
|  67|0x00000006d2000000, 0x00000006d2000000, 0x00000006d2400000|  0%| F|  |TAMS 0x00000006d2000000, 0x00000006d2000000| Untracked 
|  68|0x00000006d2400000, 0x00000006d2400000, 0x00000006d2800000|  0%| F|  |TAMS 0x00000006d2400000, 0x00000006d2400000| Untracked 
|  69|0x00000006d2800000, 0x00000006d2800000, 0x00000006d2c00000|  0%| F|  |TAMS 0x00000006d2800000, 0x00000006d2800000| Untracked 
|  70|0x00000006d2c00000, 0x00000006d2c00000, 0x00000006d3000000|  0%| F|  |TAMS 0x00000006d2c00000, 0x00000006d2c00000| Untracked 
|  71|0x00000006d3000000, 0x00000006d3000000, 0x00000006d3400000|  0%| F|  |TAMS 0x00000006d3000000, 0x00000006d3000000| Untracked 
|  72|0x00000006d3400000, 0x00000006d3400000, 0x00000006d3800000|  0%| F|  |TAMS 0x00000006d3400000, 0x00000006d3400000| Untracked 
|  73|0x00000006d3800000, 0x00000006d3800000, 0x00000006d3c00000|  0%| F|  |TAMS 0x00000006d3800000, 0x00000006d3800000| Untracked 
|  74|0x00000006d3c00000, 0x00000006d3c00000, 0x00000006d4000000|  0%| F|  |TAMS 0x00000006d3c00000, 0x00000006d3c00000| Untracked 
|  75|0x00000006d4000000, 0x00000006d4000000, 0x00000006d4400000|  0%| F|  |TAMS 0x00000006d4000000, 0x00000006d4000000| Untracked 
|  76|0x00000006d4400000, 0x00000006d4400000, 0x00000006d4800000|  0%| F|  |TAMS 0x00000006d4400000, 0x00000006d4400000| Untracked 
|  77|0x00000006d4800000, 0x00000006d4800000, 0x00000006d4c00000|  0%| F|  |TAMS 0x00000006d4800000, 0x00000006d4800000| Untracked 
|  78|0x00000006d4c00000, 0x00000006d4c00000, 0x00000006d5000000|  0%| F|  |TAMS 0x00000006d4c00000, 0x00000006d4c00000| Untracked 
|  79|0x00000006d5000000, 0x00000006d5000000, 0x00000006d5400000|  0%| F|  |TAMS 0x00000006d5000000, 0x00000006d5000000| Untracked 
|  80|0x00000006d5400000, 0x00000006d5400000, 0x00000006d5800000|  0%| F|  |TAMS 0x00000006d5400000, 0x00000006d5400000| Untracked 
|  81|0x00000006d5800000, 0x00000006d5800000, 0x00000006d5c00000|  0%| F|  |TAMS 0x00000006d5800000, 0x00000006d5800000| Untracked 
|  82|0x00000006d5c00000, 0x00000006d5c00000, 0x00000006d6000000|  0%| F|  |TAMS 0x00000006d5c00000, 0x00000006d5c00000| Untracked 
|  83|0x00000006d6000000, 0x00000006d6000000, 0x00000006d6400000|  0%| F|  |TAMS 0x00000006d6000000, 0x00000006d6000000| Untracked 
|  84|0x00000006d6400000, 0x00000006d6400000, 0x00000006d6800000|  0%| F|  |TAMS 0x00000006d6400000, 0x00000006d6400000| Untracked 
|  85|0x00000006d6800000, 0x00000006d6800000, 0x00000006d6c00000|  0%| F|  |TAMS 0x00000006d6800000, 0x00000006d6800000| Untracked 
|  86|0x00000006d6c00000, 0x00000006d6c00000, 0x00000006d7000000|  0%| F|  |TAMS 0x00000006d6c00000, 0x00000006d6c00000| Untracked 
|  87|0x00000006d7000000, 0x00000006d7000000, 0x00000006d7400000|  0%| F|  |TAMS 0x00000006d7000000, 0x00000006d7000000| Untracked 
|  88|0x00000006d7400000, 0x00000006d7400000, 0x00000006d7800000|  0%| F|  |TAMS 0x00000006d7400000, 0x00000006d7400000| Untracked 
|  89|0x00000006d7800000, 0x00000006d7800000, 0x00000006d7c00000|  0%| F|  |TAMS 0x00000006d7800000, 0x00000006d7800000| Untracked 
|  90|0x00000006d7c00000, 0x00000006d7c00000, 0x00000006d8000000|  0%| F|  |TAMS 0x00000006d7c00000, 0x00000006d7c00000| Untracked 
|  91|0x00000006d8000000, 0x00000006d8000000, 0x00000006d8400000|  0%| F|  |TAMS 0x00000006d8000000, 0x00000006d8000000| Untracked 
|  92|0x00000006d8400000, 0x00000006d8400000, 0x00000006d8800000|  0%| F|  |TAMS 0x00000006d8400000, 0x00000006d8400000| Untracked 
|  93|0x00000006d8800000, 0x00000006d8800000, 0x00000006d8c00000|  0%| F|  |TAMS 0x00000006d8800000, 0x00000006d8800000| Untracked 
|  94|0x00000006d8c00000, 0x00000006d8c00000, 0x00000006d9000000|  0%| F|  |TAMS 0x00000006d8c00000, 0x00000006d8c00000| Untracked 
|  95|0x00000006d9000000, 0x00000006d9000000, 0x00000006d9400000|  0%| F|  |TAMS 0x00000006d9000000, 0x00000006d9000000| Untracked 
|  96|0x00000006d9400000, 0x00000006d9400000, 0x00000006d9800000|  0%| F|  |TAMS 0x00000006d9400000, 0x00000006d9400000| Untracked 
|  97|0x00000006d9800000, 0x00000006d9800000, 0x00000006d9c00000|  0%| F|  |TAMS 0x00000006d9800000, 0x00000006d9800000| Untracked 
|  98|0x00000006d9c00000, 0x00000006d9c00000, 0x00000006da000000|  0%| F|  |TAMS 0x00000006d9c00000, 0x00000006d9c00000| Untracked 
|  99|0x00000006da000000, 0x00000006da000000, 0x00000006da400000|  0%| F|  |TAMS 0x00000006da000000, 0x00000006da000000| Untracked 
| 100|0x00000006da400000, 0x00000006da400000, 0x00000006da800000|  0%| F|  |TAMS 0x00000006da400000, 0x00000006da400000| Untracked 
| 101|0x00000006da800000, 0x00000006da800000, 0x00000006dac00000|  0%| F|  |TAMS 0x00000006da800000, 0x00000006da800000| Untracked 
| 102|0x00000006dac00000, 0x00000006dac00000, 0x00000006db000000|  0%| F|  |TAMS 0x00000006dac00000, 0x00000006dac00000| Untracked 
| 103|0x00000006db000000, 0x00000006db000000, 0x00000006db400000|  0%| F|  |TAMS 0x00000006db000000, 0x00000006db000000| Untracked 
| 104|0x00000006db400000, 0x00000006db400000, 0x00000006db800000|  0%| F|  |TAMS 0x00000006db400000, 0x00000006db400000| Untracked 
| 105|0x00000006db800000, 0x00000006db800000, 0x00000006dbc00000|  0%| F|  |TAMS 0x00000006db800000, 0x00000006db800000| Untracked 
| 106|0x00000006dbc00000, 0x00000006dbc00000, 0x00000006dc000000|  0%| F|  |TAMS 0x00000006dbc00000, 0x00000006dbc00000| Untracked 
| 107|0x00000006dc000000, 0x00000006dc000000, 0x00000006dc400000|  0%| F|  |TAMS 0x00000006dc000000, 0x00000006dc000000| Untracked 
| 108|0x00000006dc400000, 0x00000006dc400000, 0x00000006dc800000|  0%| F|  |TAMS 0x00000006dc400000, 0x00000006dc400000| Untracked 
| 109|0x00000006dc800000, 0x00000006dc800000, 0x00000006dcc00000|  0%| F|  |TAMS 0x00000006dc800000, 0x00000006dc800000| Untracked 
| 110|0x00000006dcc00000, 0x00000006dcc00000, 0x00000006dd000000|  0%| F|  |TAMS 0x00000006dcc00000, 0x00000006dcc00000| Untracked 
| 111|0x00000006dd000000, 0x00000006dd000000, 0x00000006dd400000|  0%| F|  |TAMS 0x00000006dd000000, 0x00000006dd000000| Untracked 
| 112|0x00000006dd400000, 0x00000006dd400000, 0x00000006dd800000|  0%| F|  |TAMS 0x00000006dd400000, 0x00000006dd400000| Untracked 
| 113|0x00000006dd800000, 0x00000006dd800000, 0x00000006ddc00000|  0%| F|  |TAMS 0x00000006dd800000, 0x00000006dd800000| Untracked 
| 114|0x00000006ddc00000, 0x00000006ddc00000, 0x00000006de000000|  0%| F|  |TAMS 0x00000006ddc00000, 0x00000006ddc00000| Untracked 
| 115|0x00000006de000000, 0x00000006de000000, 0x00000006de400000|  0%| F|  |TAMS 0x00000006de000000, 0x00000006de000000| Untracked 
| 116|0x00000006de400000, 0x00000006de400000, 0x00000006de800000|  0%| F|  |TAMS 0x00000006de400000, 0x00000006de400000| Untracked 
| 117|0x00000006de800000, 0x00000006de800000, 0x00000006dec00000|  0%| F|  |TAMS 0x00000006de800000, 0x00000006de800000| Untracked 
| 118|0x00000006dec00000, 0x00000006dec00000, 0x00000006df000000|  0%| F|  |TAMS 0x00000006dec00000, 0x00000006dec00000| Untracked 
| 119|0x00000006df000000, 0x00000006df000000, 0x00000006df400000|  0%| F|  |TAMS 0x00000006df000000, 0x00000006df000000| Untracked 
| 120|0x00000006df400000, 0x00000006df400000, 0x00000006df800000|  0%| F|  |TAMS 0x00000006df400000, 0x00000006df400000| Untracked 
| 121|0x00000006df800000, 0x00000006df800000, 0x00000006dfc00000|  0%| F|  |TAMS 0x00000006df800000, 0x00000006df800000| Untracked 
| 122|0x00000006dfc00000, 0x00000006dfc00000, 0x00000006e0000000|  0%| F|  |TAMS 0x00000006dfc00000, 0x00000006dfc00000| Untracked 
| 123|0x00000006e0000000, 0x00000006e0000000, 0x00000006e0400000|  0%| F|  |TAMS 0x00000006e0000000, 0x00000006e0000000| Untracked 
| 124|0x00000006e0400000, 0x00000006e0400000, 0x00000006e0800000|  0%| F|  |TAMS 0x00000006e0400000, 0x00000006e0400000| Untracked 
| 125|0x00000006e0800000, 0x00000006e0800000, 0x00000006e0c00000|  0%| F|  |TAMS 0x00000006e0800000, 0x00000006e0800000| Untracked 
| 126|0x00000006e0c00000, 0x00000006e0c00000, 0x00000006e1000000|  0%| F|  |TAMS 0x00000006e0c00000, 0x00000006e0c00000| Untracked 
| 127|0x00000006e1000000, 0x00000006e1000000, 0x00000006e1400000|  0%| F|  |TAMS 0x00000006e1000000, 0x00000006e1000000| Untracked 
| 128|0x00000006e1400000, 0x00000006e1400000, 0x00000006e1800000|  0%| F|  |TAMS 0x00000006e1400000, 0x00000006e1400000| Untracked 
| 129|0x00000006e1800000, 0x00000006e1800000, 0x00000006e1c00000|  0%| F|  |TAMS 0x00000006e1800000, 0x00000006e1800000| Untracked 
| 130|0x00000006e1c00000, 0x00000006e1c00000, 0x00000006e2000000|  0%| F|  |TAMS 0x00000006e1c00000, 0x00000006e1c00000| Untracked 
| 131|0x00000006e2000000, 0x00000006e2000000, 0x00000006e2400000|  0%| F|  |TAMS 0x00000006e2000000, 0x00000006e2000000| Untracked 
| 132|0x00000006e2400000, 0x00000006e2400000, 0x00000006e2800000|  0%| F|  |TAMS 0x00000006e2400000, 0x00000006e2400000| Untracked 
| 133|0x00000006e2800000, 0x00000006e2800000, 0x00000006e2c00000|  0%| F|  |TAMS 0x00000006e2800000, 0x00000006e2800000| Untracked 
| 134|0x00000006e2c00000, 0x00000006e2c00000, 0x00000006e3000000|  0%| F|  |TAMS 0x00000006e2c00000, 0x00000006e2c00000| Untracked 
| 135|0x00000006e3000000, 0x00000006e3000000, 0x00000006e3400000|  0%| F|  |TAMS 0x00000006e3000000, 0x00000006e3000000| Untracked 
| 136|0x00000006e3400000, 0x00000006e3400000, 0x00000006e3800000|  0%| F|  |TAMS 0x00000006e3400000, 0x00000006e3400000| Untracked 
| 137|0x00000006e3800000, 0x00000006e3800000, 0x00000006e3c00000|  0%| F|  |TAMS 0x00000006e3800000, 0x00000006e3800000| Untracked 

Card table byte_map: [0x000001d983000000,0x000001d983a00000] _byte_map_base: 0x000001d97f9f6000

Marking Bits (Prev, Next): (CMBitMap*) 0x000001d9fc4f2d50, (CMBitMap*) 0x000001d9fc4f2d90
 Prev Bits: [0x000001d984400000, 0x000001d9893b0000)
 Next Bits: [0x000001d9893b0000, 0x000001d98e360000)

Polling page: 0x000001d9fbc40000

Metaspace:

Usage:
  Non-class:     40.85 MB used.
      Class:      5.86 MB used.
       Both:     46.71 MB used.

Virtual space:
  Non-class space:       48.00 MB reserved,      41.06 MB ( 86%) committed,  6 nodes.
      Class space:        1.00 GB reserved,       6.06 MB ( <1%) committed,  1 nodes.
             Both:        1.05 GB reserved,      47.12 MB (  4%) committed. 

Chunk freelists:
   Non-Class:  2.14 MB
       Class:  1.88 MB
        Both:  4.02 MB

MaxMetaspaceSize: unlimited
CompressedClassSpaceSize: 1.00 GB
Initial GC threshold: 21.00 MB
Current GC threshold: 58.88 MB
CDS: off
MetaspaceReclaimPolicy: balanced
 - commit_granule_bytes: 65536.
 - commit_granule_words: 8192.
 - virtual_space_node_default_size: 1048576.
 - enlarge_chunks_in_place: 1.
 - new_chunks_are_fully_committed: 0.
 - uncommit_free_chunks: 1.
 - use_allocation_guard: 0.
 - handle_deallocations: 1.


Internal statistics:

num_allocs_failed_limit: 6.
num_arena_births: 518.
num_arena_deaths: 0.
num_vsnodes_births: 7.
num_vsnodes_deaths: 0.
num_space_committed: 754.
num_space_uncommitted: 0.
num_chunks_returned_to_freelist: 6.
num_chunks_taken_from_freelist: 1956.
num_chunk_merges: 6.
num_chunk_splits: 1372.
num_chunks_enlarged: 1022.
num_purges: 0.
num_inconsistent_stats: 0.

CodeCache: size=49152Kb used=10681Kb max_used=10681Kb free=38470Kb
 bounds [0x000001d980000000, 0x000001d980a70000, 0x000001d983000000]
 total_blobs=5160 nmethods=4548 adapters=535
 compilation: enabled
              stopped_count=0, restarted_count=0
 full_count=0

Compilation events (20 events):
Event: 10.679 Thread 0x000001d991838dd0 nmethod 4539 0x000001d980a5f610 code [0x000001d980a5f7c0, 0x000001d980a5f938]
Event: 10.679 Thread 0x000001d992800cc0 nmethod 4540 0x000001d980a5fa10 code [0x000001d980a5fbc0, 0x000001d980a5fdb8]
Event: 10.679 Thread 0x000001d991838dd0 4541       1       org.eclipse.jdt.internal.compiler.parser.Scanner::areRestrictedModuleKeywordsActive (21 bytes)
Event: 10.679 Thread 0x000001d992800cc0 4542       1       org.eclipse.jdt.internal.compiler.parser.Scanner::getNextToken (182 bytes)
Event: 10.679 Thread 0x000001d99194c210 4543   !   1       org.eclipse.jdt.internal.compiler.parser.Scanner::getNextToken0 (2562 bytes)
Event: 10.679 Thread 0x000001d99258b880 4544       1       org.eclipse.jdt.internal.compiler.parser.Scanner::updateCase (20 bytes)
Event: 10.679 Thread 0x000001d991838dd0 nmethod 4541 0x000001d980a60210 code [0x000001d980a603a0, 0x000001d980a604b8]
Event: 10.679 Thread 0x000001d99258b880 nmethod 4544 0x000001d980a60510 code [0x000001d980a606a0, 0x000001d980a60778]
Event: 10.679 Thread 0x000001d991838dd0 4545       1       org.eclipse.jdt.internal.compiler.parser.Scanner::addTokenToLookBack (53 bytes)
Event: 10.679 Thread 0x000001d99258b880 4546       1       org.eclipse.jdt.internal.compiler.parser.Parser::consumeToken (2309 bytes)
Event: 10.680 Thread 0x000001d991838dd0 nmethod 4545 0x000001d980a60810 code [0x000001d980a609a0, 0x000001d980a60af8]
Event: 10.680 Thread 0x000001d992800cc0 nmethod 4542 0x000001d980a60c10 code [0x000001d980a60e20, 0x000001d980a61278]
Event: 10.680 Thread 0x000001d992800cc0 4548       1       org.eclipse.jdt.core.compiler.CharOperation::indexOf (270 bytes)
Event: 10.680 Thread 0x000001d991838dd0 4547       1       org.eclipse.jdt.internal.compiler.parser.Parser::fetchNextToken (8 bytes)
Event: 10.680 Thread 0x000001d991838dd0 nmethod 4547 0x000001d980a61490 code [0x000001d980a61620, 0x000001d980a61708]
Event: 10.680 Thread 0x000001d992800cc0 nmethod 4548 0x000001d980a61790 code [0x000001d980a619e0, 0x000001d980a61ff8]
Event: 10.681 Thread 0x000001d992800cc0 4549       1       java.util.Hashtable::rehash (142 bytes)
Event: 10.681 Thread 0x000001d992800cc0 nmethod 4549 0x000001d980a62490 code [0x000001d980a62680, 0x000001d980a62b28]
Event: 10.686 Thread 0x000001d99258b880 nmethod 4546 0x000001d980a63010 code [0x000001d980a63ae0, 0x000001d980a66c78]
Event: 10.687 Thread 0x000001d99194c210 nmethod 4543 0x000001d980a68810 code [0x000001d980a69040, 0x000001d980a6c408]

GC Heap History (20 events):
Event: 9.595 GC heap after
{Heap after GC invocations=13 (full 0):
 garbage-first heap   total 110592K, used 46895K [0x00000006c1400000, 0x0000000800000000)
  region size 4096K, 2 young (8192K), 2 survivors (8192K)
 Metaspace       used 38515K, committed 38912K, reserved 1089536K
  class space    used 4941K, committed 5120K, reserved 1048576K
}
Event: 9.739 GC heap before
{Heap before GC invocations=13 (full 0):
 garbage-first heap   total 110592K, used 75567K [0x00000006c1400000, 0x0000000800000000)
  region size 4096K, 9 young (36864K), 2 survivors (8192K)
 Metaspace       used 39563K, committed 40000K, reserved 1089536K
  class space    used 5055K, committed 5248K, reserved 1048576K
}
Event: 9.745 GC heap after
{Heap after GC invocations=14 (full 0):
 garbage-first heap   total 110592K, used 53056K [0x00000006c1400000, 0x0000000800000000)
  region size 4096K, 2 young (8192K), 2 survivors (8192K)
 Metaspace       used 39563K, committed 40000K, reserved 1089536K
  class space    used 5055K, committed 5248K, reserved 1048576K
}
Event: 9.814 GC heap before
{Heap before GC invocations=14 (full 0):
 garbage-first heap   total 110592K, used 77632K [0x00000006c1400000, 0x0000000800000000)
  region size 4096K, 8 young (32768K), 2 survivors (8192K)
 Metaspace       used 39847K, committed 40256K, reserved 1089536K
  class space    used 5113K, committed 5312K, reserved 1048576K
}
Event: 9.822 GC heap after
{Heap after GC invocations=15 (full 0):
 garbage-first heap   total 212992K, used 63917K [0x00000006c1400000, 0x0000000800000000)
  region size 4096K, 1 young (4096K), 1 survivors (4096K)
 Metaspace       used 39847K, committed 40256K, reserved 1089536K
  class space    used 5113K, committed 5312K, reserved 1048576K
}
Event: 9.874 GC heap before
{Heap before GC invocations=15 (full 0):
 garbage-first heap   total 212992K, used 125357K [0x00000006c1400000, 0x0000000800000000)
  region size 4096K, 17 young (69632K), 1 survivors (4096K)
 Metaspace       used 40389K, committed 40768K, reserved 1089536K
  class space    used 5152K, committed 5312K, reserved 1048576K
}
Event: 9.887 GC heap after
{Heap after GC invocations=16 (full 0):
 garbage-first heap   total 212992K, used 70162K [0x00000006c1400000, 0x0000000800000000)
  region size 4096K, 3 young (12288K), 3 survivors (12288K)
 Metaspace       used 40389K, committed 40768K, reserved 1089536K
  class space    used 5152K, committed 5312K, reserved 1048576K
}
Event: 9.910 GC heap before
{Heap before GC invocations=16 (full 0):
 garbage-first heap   total 212992K, used 131602K [0x00000006c1400000, 0x0000000800000000)
  region size 4096K, 19 young (77824K), 3 survivors (12288K)
 Metaspace       used 40499K, committed 40832K, reserved 1089536K
  class space    used 5162K, committed 5312K, reserved 1048576K
}
Event: 9.921 GC heap after
{Heap after GC invocations=17 (full 0):
 garbage-first heap   total 212992K, used 73016K [0x00000006c1400000, 0x0000000800000000)
  region size 4096K, 3 young (12288K), 3 survivors (12288K)
 Metaspace       used 40499K, committed 40832K, reserved 1089536K
  class space    used 5162K, committed 5312K, reserved 1048576K
}
Event: 9.945 GC heap before
{Heap before GC invocations=17 (full 0):
 garbage-first heap   total 212992K, used 134456K [0x00000006c1400000, 0x0000000800000000)
  region size 4096K, 19 young (77824K), 3 survivors (12288K)
 Metaspace       used 40801K, committed 41152K, reserved 1089536K
  class space    used 5163K, committed 5312K, reserved 1048576K
}
Event: 9.955 GC heap after
{Heap after GC invocations=18 (full 0):
 garbage-first heap   total 212992K, used 76192K [0x00000006c1400000, 0x0000000800000000)
  region size 4096K, 2 young (8192K), 2 survivors (8192K)
 Metaspace       used 40801K, committed 41152K, reserved 1089536K
  class space    used 5163K, committed 5312K, reserved 1048576K
}
Event: 9.981 GC heap before
{Heap before GC invocations=18 (full 0):
 garbage-first heap   total 212992K, used 141728K [0x00000006c1400000, 0x0000000800000000)
  region size 4096K, 19 young (77824K), 2 survivors (8192K)
 Metaspace       used 41022K, committed 41408K, reserved 1089536K
  class space    used 5177K, committed 5376K, reserved 1048576K
}
Event: 9.987 GC heap after
{Heap after GC invocations=19 (full 0):
 garbage-first heap   total 565248K, used 78674K [0x00000006c1400000, 0x0000000800000000)
  region size 4096K, 3 young (12288K), 3 survivors (12288K)
 Metaspace       used 41022K, committed 41408K, reserved 1089536K
  class space    used 5177K, committed 5376K, reserved 1048576K
}
Event: 10.171 GC heap before
{Heap before GC invocations=19 (full 0):
 garbage-first heap   total 565248K, used 398162K [0x00000006c1400000, 0x0000000800000000)
  region size 4096K, 82 young (335872K), 3 survivors (12288K)
 Metaspace       used 42649K, committed 43136K, reserved 1089536K
  class space    used 5350K, committed 5568K, reserved 1048576K
}
Event: 10.183 GC heap after
{Heap after GC invocations=20 (full 0):
 garbage-first heap   total 565248K, used 90892K [0x00000006c1400000, 0x0000000800000000)
  region size 4096K, 6 young (24576K), 6 survivors (24576K)
 Metaspace       used 42649K, committed 43136K, reserved 1089536K
  class space    used 5350K, committed 5568K, reserved 1048576K
}
Event: 10.365 GC heap before
{Heap before GC invocations=20 (full 0):
 garbage-first heap   total 565248K, used 398092K [0x00000006c1400000, 0x0000000800000000)
  region size 4096K, 82 young (335872K), 6 survivors (24576K)
 Metaspace       used 44694K, committed 45120K, reserved 1089536K
  class space    used 5612K, committed 5824K, reserved 1048576K
}
Event: 10.379 GC heap after
{Heap after GC invocations=21 (full 0):
 garbage-first heap   total 565248K, used 104145K [0x00000006c1400000, 0x0000000800000000)
  region size 4096K, 9 young (36864K), 9 survivors (36864K)
 Metaspace       used 44694K, committed 45120K, reserved 1089536K
  class space    used 5612K, committed 5824K, reserved 1048576K
}
Event: 10.572 GC heap before
{Heap before GC invocations=21 (full 0):
 garbage-first heap   total 565248K, used 399057K [0x00000006c1400000, 0x0000000800000000)
  region size 4096K, 82 young (335872K), 9 survivors (36864K)
 Metaspace       used 46983K, committed 47360K, reserved 1097728K
  class space    used 5911K, committed 6080K, reserved 1048576K
}
Event: 10.589 GC heap after
{Heap after GC invocations=22 (full 0):
 garbage-first heap   total 565248K, used 117458K [0x00000006c1400000, 0x0000000800000000)
  region size 4096K, 7 young (28672K), 7 survivors (28672K)
 Metaspace       used 46983K, committed 47360K, reserved 1097728K
  class space    used 5911K, committed 6080K, reserved 1048576K
}
Event: 10.727 GC heap before
{Heap before GC invocations=22 (full 0):
 garbage-first heap   total 565248K, used 420562K [0x00000006c1400000, 0x0000000800000000)
  region size 4096K, 82 young (335872K), 7 survivors (28672K)
 Metaspace       used 47832K, committed 48256K, reserved 1097728K
  class space    used 6004K, committed 6208K, reserved 1048576K
}

Dll operation events (9 events):
Event: 0.007 Loaded shared library c:\Users\losni\.vscode\extensions\redhat.java-1.13.0-win32-x64\jre\17.0.5-win32-x86_64\bin\java.dll
Event: 0.205 Loaded shared library C:\Users\losni\.vscode\extensions\redhat.java-1.13.0-win32-x64\jre\17.0.5-win32-x86_64\bin\net.dll
Event: 0.206 Loaded shared library C:\Users\losni\.vscode\extensions\redhat.java-1.13.0-win32-x64\jre\17.0.5-win32-x86_64\bin\nio.dll
Event: 0.446 Loaded shared library C:\Users\losni\.vscode\extensions\redhat.java-1.13.0-win32-x64\jre\17.0.5-win32-x86_64\bin\zip.dll
Event: 4.832 Loaded shared library C:\Users\losni\.vscode\extensions\redhat.java-1.13.0-win32-x64\jre\17.0.5-win32-x86_64\bin\jimage.dll
Event: 5.446 Loaded shared library c:\Users\losni\.vscode\extensions\redhat.java-1.13.0-win32-x64\jre\17.0.5-win32-x86_64\bin\verify.dll
Event: 8.871 Loaded shared library C:\Users\losni\.vscode\extensions\redhat.java-1.13.0-win32-x64\jre\17.0.5-win32-x86_64\bin\management.dll
Event: 8.898 Loaded shared library C:\Users\losni\.vscode\extensions\redhat.java-1.13.0-win32-x64\jre\17.0.5-win32-x86_64\bin\management_ext.dll
Event: 10.551 Loaded shared library C:\Users\losni\.vscode\extensions\redhat.java-1.13.0-win32-x64\jre\17.0.5-win32-x86_64\bin\sunmscapi.dll

Deoptimization events (12 events):
Event: 6.398 Thread 0x000001d9fc47a7d0 DEOPT PACKING pc=0x000001d9805a3af9 sp=0x0000000f64afd890
Event: 6.398 Thread 0x000001d9fc47a7d0 DEOPT UNPACKING pc=0x000001d980052b43 sp=0x0000000f64afcd70 mode 3
Event: 9.148 Thread 0x000001d99306ea90 DEOPT PACKING pc=0x000001d9807c13ed sp=0x0000000f66efd160
Event: 9.148 Thread 0x000001d99306ea90 DEOPT UNPACKING pc=0x000001d980052b43 sp=0x0000000f66efc688 mode 3
Event: 9.240 Thread 0x000001d9930bb3a0 DEOPT PACKING pc=0x000001d9807dd793 sp=0x0000000f670fe750
Event: 9.240 Thread 0x000001d9930bb3a0 DEOPT UNPACKING pc=0x000001d980052b43 sp=0x0000000f670fdc98 mode 3
Event: 9.310 Thread 0x000001d99303f300 DEOPT PACKING pc=0x000001d9805a4e09 sp=0x0000000f66dfd730
Event: 9.310 Thread 0x000001d99303f300 DEOPT UNPACKING pc=0x000001d980052b43 sp=0x0000000f66dfcbc0 mode 3
Event: 9.409 Thread 0x000001d993168aa0 DEOPT PACKING pc=0x000001d9805a209f sp=0x0000000f682ff1d0
Event: 9.409 Thread 0x000001d993168aa0 DEOPT UNPACKING pc=0x000001d980052b43 sp=0x0000000f682fe628 mode 3
Event: 10.248 Thread 0x000001d993164c10 DEOPT PACKING pc=0x000001d9801f602c sp=0x0000000f689fe3a0
Event: 10.248 Thread 0x000001d993164c10 DEOPT UNPACKING pc=0x000001d980052b43 sp=0x0000000f689fd868 mode 0

Classes unloaded (0 events):
No events

Classes redefined (0 events):
No events

Internal exceptions (20 events):
Event: 9.278 Thread 0x000001d9930baa00 Exception <a 'sun/nio/fs/WindowsException'{0x00000006d53f4d90}> (0x00000006d53f4d90) 
thrown [s\src\hotspot\share\prims\jni.cpp, line 516]
Event: 9.279 Thread 0x000001d9930baa00 Exception <a 'sun/nio/fs/WindowsException'{0x00000006d53f5790}> (0x00000006d53f5790) 
thrown [s\src\hotspot\share\prims\jni.cpp, line 516]
Event: 9.279 Thread 0x000001d9930baa00 Exception <a 'sun/nio/fs/WindowsException'{0x00000006d53f5b50}> (0x00000006d53f5b50) 
thrown [s\src\hotspot\share\prims\jni.cpp, line 516]
Event: 9.279 Thread 0x000001d9930baa00 Exception <a 'sun/nio/fs/WindowsException'{0x00000006d53f6550}> (0x00000006d53f6550) 
thrown [s\src\hotspot\share\prims\jni.cpp, line 516]
Event: 9.279 Thread 0x000001d9930baa00 Exception <a 'sun/nio/fs/WindowsException'{0x00000006d53f6900}> (0x00000006d53f6900) 
thrown [s\src\hotspot\share\prims\jni.cpp, line 516]
Event: 9.279 Thread 0x000001d9930baa00 Exception <a 'sun/nio/fs/WindowsException'{0x00000006d53f7300}> (0x00000006d53f7300) 
thrown [s\src\hotspot\share\prims\jni.cpp, line 516]
Event: 9.279 Thread 0x000001d9930baa00 Exception <a 'sun/nio/fs/WindowsException'{0x00000006d53f76c0}> (0x00000006d53f76c0) 
thrown [s\src\hotspot\share\prims\jni.cpp, line 516]
Event: 9.279 Thread 0x000001d9930baa00 Exception <a 'sun/nio/fs/WindowsException'{0x00000006d53f80e8}> (0x00000006d53f80e8) 
thrown [s\src\hotspot\share\prims\jni.cpp, line 516]
Event: 9.279 Thread 0x000001d9930baa00 Exception <a 'sun/nio/fs/WindowsException'{0x00000006d53f84c8}> (0x00000006d53f84c8) 
thrown [s\src\hotspot\share\prims\jni.cpp, line 516]
Event: 9.279 Thread 0x000001d9930baa00 Exception <a 'sun/nio/fs/WindowsException'{0x00000006d53f8f00}> (0x00000006d53f8f00) 
thrown [s\src\hotspot\share\prims\jni.cpp, line 516]
Event: 9.279 Thread 0x000001d9930baa00 Exception <a 'sun/nio/fs/WindowsException'{0x00000006d53f92f0}> (0x00000006d53f92f0) 
thrown [s\src\hotspot\share\prims\jni.cpp, line 516]
Event: 9.279 Thread 0x000001d9930baa00 Exception <a 'sun/nio/fs/WindowsException'{0x00000006d53f9d18}> (0x00000006d53f9d18) 
thrown [s\src\hotspot\share\prims\jni.cpp, line 516]
Event: 9.280 Thread 0x000001d9930baa00 Exception <a 'sun/nio/fs/WindowsException'{0x00000006d53fa108}> (0x00000006d53fa108) 
thrown [s\src\hotspot\share\prims\jni.cpp, line 516]
Event: 9.692 Thread 0x000001d99306ea90 Exception <a 'java/lang/NoSuchMethodError'{0x00000006c6d0fdc0}: 'java.lang.Object java.lang.invoke.Invokers$Holder.invoke_MT(java.lang.Object, java.lang.Object, java.lang.Object)'> (0x00000006c6d0fdc0) 
thrown [s\src\hotspot\share\interpreter\linkResolver.cpp, line 759]
Event: 9.781 Thread 0x000001d99306ea90 Exception <a 'java/lang/NoSuchMethodError'{0x00000006d230b730}: 'java.lang.Object java.lang.invoke.DirectMethodHandle$Holder.newInvokeSpecial(java.lang.Object, java.lang.Object, int)'> (0x00000006d230b730) 
thrown [s\src\hotspot\share\interpreter\linkResolver.cpp, line 759]
Event: 10.125 Thread 0x000001d993164c10 Exception <a 'java/lang/NoSuchMethodError'{0x00000006d6bab608}: 'void java.lang.invoke.DirectMethodHandle$Holder.invokeVirtual(java.lang.Object, java.lang.Object, java.lang.Object, java.lang.Object)'> (0x00000006d6bab608) 
thrown [s\src\hotspot\share\interpreter\linkResolver.cpp, line 759]
Event: 10.316 Thread 0x000001d993164c10 Exception <a 'sun/nio/fs/WindowsException'{0x00000006d5a72a18}> (0x00000006d5a72a18) 
thrown [s\src\hotspot\share\prims\jni.cpp, line 516]
Event: 10.326 Thread 0x000001d993164c10 Exception <a 'java/lang/NoSuchMethodError'{0x00000006d44f6310}: 'int java.lang.invoke.DirectMethodHandle$Holder.invokeStaticInit(java.lang.Object, java.lang.Object, java.lang.Object, java.lang.Object)'> (0x00000006d44f6310) 
thrown [s\src\hotspot\share\interpreter\linkResolver.cpp, line 759]
Event: 10.527 Thread 0x000001d993162f30 Exception <a 'java/lang/IncompatibleClassChangeError'{0x00000006d60eac90}: Found class java.lang.Object, but interface was expected> (0x00000006d60eac90) 
thrown [s\src\hotspot\share\interpreter\linkResolver.cpp, line 826]
Event: 10.612 Thread 0x000001d993162f30 Exception <a 'java/lang/NoSuchMethodError'{0x00000006e021e298}: 'int java.lang.invoke.DirectMethodHandle$Holder.invokeSpecialIFC(java.lang.Object, java.lang.Object, java.lang.Object)'> (0x00000006e021e298) 
thrown [s\src\hotspot\share\interpreter\linkResolver.cpp, line 759]

VM Operations (20 events):
Event: 10.244 Executing VM operation: HandshakeAllThreads done
Event: 10.249 Executing VM operation: HandshakeAllThreads
Event: 10.260 Executing VM operation: HandshakeAllThreads done
Event: 10.265 Executing VM operation: HandshakeAllThreads
Event: 10.290 Executing VM operation: HandshakeAllThreads done
Event: 10.317 Executing VM operation: HandshakeAllThreads
Event: 10.318 Executing VM operation: HandshakeAllThreads done
Event: 10.364 Executing VM operation: G1CollectForAllocation
Event: 10.364 Executing VM operation: G1CollectForAllocation done
Event: 10.364 Executing VM operation: G1CollectForAllocation
Event: 10.379 Executing VM operation: G1CollectForAllocation done
Event: 10.570 Executing VM operation: G1CollectForAllocation
Event: 10.571 Executing VM operation: G1CollectForAllocation done
Event: 10.571 Executing VM operation: G1CollectForAllocation
Event: 10.589 Executing VM operation: G1CollectForAllocation done
Event: 10.662 Executing VM operation: HandshakeAllThreads
Event: 10.663 Executing VM operation: HandshakeAllThreads done
Event: 10.724 Executing VM operation: G1CollectForAllocation
Event: 10.725 Executing VM operation: G1CollectForAllocation done
Event: 10.725 Executing VM operation: G1CollectForAllocation

Events (20 events):
Event: 10.657 loading class jdk/net/ExtendedSocketOptions
Event: 10.657 loading class jdk/net/ExtendedSocketOptions done
Event: 10.657 loading class jdk/net/ExtendedSocketOptions$ExtSocketOption
Event: 10.658 loading class java/net/SocketOption
Event: 10.658 loading class java/net/SocketOption done
Event: 10.658 loading class jdk/net/ExtendedSocketOptions$ExtSocketOption done
Event: 10.658 loading class jdk/net/UnixDomainPrincipal
Event: 10.658 loading class jdk/net/UnixDomainPrincipal done
Event: 10.658 loading class jdk/net/ExtendedSocketOptions$PlatformSocketOptions
Event: 10.658 loading class jdk/net/ExtendedSocketOptions$PlatformSocketOptions done
Event: 10.658 loading class jdk/net/ExtendedSocketOptions$PlatformSocketOptions$1
Event: 10.658 loading class jdk/net/ExtendedSocketOptions$PlatformSocketOptions$1 done
Event: 10.658 loading class jdk/net/ExtendedSocketOptions$1
Event: 10.658 loading class jdk/net/ExtendedSocketOptions$1 done
Event: 10.658 loading class java/net/StandardProtocolFamily
Event: 10.658 loading class java/net/StandardProtocolFamily done
Event: 10.659 loading class java/net/SocksSocketImpl$3
Event: 10.659 loading class java/net/SocksSocketImpl$3 done
Event: 10.660 loading class sun/net/NetHooks
Event: 10.661 loading class sun/net/NetHooks done


Dynamic libraries:
0x00007ff6a9ce0000 - 0x00007ff6a9cee000 	c:\Users\losni\.vscode\extensions\redhat.java-1.13.0-win32-x64\jre\17.0.5-win32-x86_64\bin\java.exe
0x00007ff8a0570000 - 0x00007ff8a0768000 	C:\Windows\SYSTEM32\ntdll.dll
0x00007ff8a0470000 - 0x00007ff8a052f000 	C:\Windows\System32\KERNEL32.DLL
0x00007ff89de90000 - 0x00007ff89e162000 	C:\Windows\System32\KERNELBASE.dll
0x00007ff89dd00000 - 0x00007ff89de00000 	C:\Windows\System32\ucrtbase.dll
0x00007fffe3ed0000 - 0x00007fffe3ee7000 	c:\Users\losni\.vscode\extensions\redhat.java-1.13.0-win32-x64\jre\17.0.5-win32-x86_64\bin\jli.dll
0x00007ff89fc00000 - 0x00007ff89fda1000 	C:\Windows\System32\USER32.dll
0x00007ff89e580000 - 0x00007ff89e5a2000 	C:\Windows\System32\win32u.dll
0x00007fffdcfb0000 - 0x00007fffdcfc9000 	c:\Users\losni\.vscode\extensions\redhat.java-1.13.0-win32-x64\jre\17.0.5-win32-x86_64\bin\VCRUNTIME140.dll
0x00007ff887a40000 - 0x00007ff887cda000 	C:\Windows\WinSxS\amd64_microsoft.windows.common-controls_6595b64144ccf1df_6.0.19041.1110_none_60b5254171f9507e\COMCTL32.dll
0x00007ff89fdb0000 - 0x00007ff89fddb000 	C:\Windows\System32\GDI32.dll
0x00007ff89f000000 - 0x00007ff89f09e000 	C:\Windows\System32\msvcrt.dll
0x00007ff89e220000 - 0x00007ff89e32f000 	C:\Windows\System32\gdi32full.dll
0x00007ff89dc60000 - 0x00007ff89dcfd000 	C:\Windows\System32\msvcp_win.dll
0x00007ff89f0a0000 - 0x00007ff89f0d2000 	C:\Windows\System32\IMM32.DLL
0x00007ff8734e0000 - 0x00007ff8734ec000 	c:\Users\losni\.vscode\extensions\redhat.java-1.13.0-win32-x64\jre\17.0.5-win32-x86_64\bin\vcruntime140_1.dll
0x00007fffdcf10000 - 0x00007fffdcfa1000 	c:\Users\losni\.vscode\extensions\redhat.java-1.13.0-win32-x64\jre\17.0.5-win32-x86_64\bin\msvcp140.dll
0x00007fffdc2c0000 - 0x00007fffdcf04000 	c:\Users\losni\.vscode\extensions\redhat.java-1.13.0-win32-x64\jre\17.0.5-win32-x86_64\bin\server\jvm.dll
0x00007ff89f5b0000 - 0x00007ff89f65e000 	C:\Windows\System32\ADVAPI32.dll
0x00007ff89f510000 - 0x00007ff89f5ac000 	C:\Windows\System32\sechost.dll
0x00007ff89e5b0000 - 0x00007ff89e6d5000 	C:\Windows\System32\RPCRT4.dll
0x00007ff896200000 - 0x00007ff89620a000 	C:\Windows\SYSTEM32\VERSION.dll
0x00007ff8935f0000 - 0x00007ff893617000 	C:\Windows\SYSTEM32\WINMM.dll
0x00007ff888d10000 - 0x00007ff888d19000 	C:\Windows\SYSTEM32\WSOCK32.dll
0x00007ff89fb90000 - 0x00007ff89fbfb000 	C:\Windows\System32\WS2_32.dll
0x00007ff89c4d0000 - 0x00007ff89c4e2000 	C:\Windows\SYSTEM32\kernel.appcore.dll
0x00007ff869320000 - 0x00007ff86932a000 	c:\Users\losni\.vscode\extensions\redhat.java-1.13.0-win32-x64\jre\17.0.5-win32-x86_64\bin\jimage.dll
0x00007ff89b9a0000 - 0x00007ff89bb84000 	C:\Windows\SYSTEM32\DBGHELP.DLL
0x00007ff8875b0000 - 0x00007ff8875e5000 	C:\Windows\SYSTEM32\dbgcore.DLL
0x00007ff89de00000 - 0x00007ff89de82000 	C:\Windows\System32\bcryptPrimitives.dll
0x00007fffdc290000 - 0x00007fffdc2b5000 	c:\Users\losni\.vscode\extensions\redhat.java-1.13.0-win32-x64\jre\17.0.5-win32-x86_64\bin\java.dll
0x00007fffdc270000 - 0x00007fffdc288000 	c:\Users\losni\.vscode\extensions\redhat.java-1.13.0-win32-x64\jre\17.0.5-win32-x86_64\bin\zip.dll
0x00007ff89e880000 - 0x00007ff89efc4000 	C:\Windows\System32\SHELL32.dll
0x00007ff89bb90000 - 0x00007ff89c322000 	C:\Windows\SYSTEM32\windows.storage.dll
0x00007ff89f660000 - 0x00007ff89f9b5000 	C:\Windows\System32\combase.dll
0x00007ff89d5e0000 - 0x00007ff89d610000 	C:\Windows\SYSTEM32\Wldp.dll
0x00007ff89fae0000 - 0x00007ff89fb8d000 	C:\Windows\System32\SHCORE.dll
0x00007ff89e760000 - 0x00007ff89e7b5000 	C:\Windows\System32\shlwapi.dll
0x00007ff89dba0000 - 0x00007ff89dbbf000 	C:\Windows\SYSTEM32\profapi.dll
0x00007fffdc250000 - 0x00007fffdc269000 	C:\Users\losni\.vscode\extensions\redhat.java-1.13.0-win32-x64\jre\17.0.5-win32-x86_64\bin\net.dll
0x00007ff8960c0000 - 0x00007ff8961cc000 	C:\Windows\SYSTEM32\WINHTTP.dll
0x00007ff89d340000 - 0x00007ff89d3aa000 	C:\Windows\system32\mswsock.dll
0x00007fffdc230000 - 0x00007fffdc245000 	C:\Users\losni\.vscode\extensions\redhat.java-1.13.0-win32-x64\jre\17.0.5-win32-x86_64\bin\nio.dll
0x00007ff846030000 - 0x00007ff846040000 	c:\Users\losni\.vscode\extensions\redhat.java-1.13.0-win32-x64\jre\17.0.5-win32-x86_64\bin\verify.dll
0x00007ff89d530000 - 0x00007ff89d548000 	C:\Windows\SYSTEM32\CRYPTSP.dll
0x00007ff89cc60000 - 0x00007ff89cc94000 	C:\Windows\system32\rsaenh.dll
0x00007ff89e380000 - 0x00007ff89e3a7000 	C:\Windows\System32\bcrypt.dll
0x00007ff89db20000 - 0x00007ff89db4e000 	C:\Windows\SYSTEM32\USERENV.dll
0x00007ff89d550000 - 0x00007ff89d55c000 	C:\Windows\SYSTEM32\CRYPTBASE.dll
0x00007ff89d030000 - 0x00007ff89d06b000 	C:\Windows\SYSTEM32\IPHLPAPI.DLL
0x00007ff89efd0000 - 0x00007ff89efd8000 	C:\Windows\System32\NSI.dll
0x00007ff8975d0000 - 0x00007ff8975e7000 	C:\Windows\SYSTEM32\dhcpcsvc6.DLL
0x00007ff8975b0000 - 0x00007ff8975cd000 	C:\Windows\SYSTEM32\dhcpcsvc.DLL
0x00007ff89d070000 - 0x00007ff89d13a000 	C:\Windows\SYSTEM32\DNSAPI.dll
0x00007ff887150000 - 0x00007ff887159000 	C:\Users\losni\.vscode\extensions\redhat.java-1.13.0-win32-x64\jre\17.0.5-win32-x86_64\bin\management.dll
0x00007ff8870f0000 - 0x00007ff8870fb000 	C:\Users\losni\.vscode\extensions\redhat.java-1.13.0-win32-x64\jre\17.0.5-win32-x86_64\bin\management_ext.dll
0x00007ff89f210000 - 0x00007ff89f218000 	C:\Windows\System32\PSAPI.DLL
0x00007ff873540000 - 0x00007ff87354e000 	C:\Users\losni\.vscode\extensions\redhat.java-1.13.0-win32-x64\jre\17.0.5-win32-x86_64\bin\sunmscapi.dll
0x00007ff89e3b0000 - 0x00007ff89e506000 	C:\Windows\System32\CRYPT32.dll
0x00007ff89d650000 - 0x00007ff89d677000 	C:\Windows\SYSTEM32\ncrypt.dll
0x00007ff89d610000 - 0x00007ff89d64b000 	C:\Windows\SYSTEM32\NTASN1.dll
0x00007ff894f80000 - 0x00007ff894f8a000 	C:\Windows\System32\rasadhlp.dll
0x00007ff894b90000 - 0x00007ff894c10000 	C:\Windows\System32\fwpuclnt.dll

dbghelp: loaded successfully - version: 4.0.5 - missing functions: none
symbol engine: initialized successfully - sym options: 0x614 - pdb path: .;c:\Users\losni\.vscode\extensions\redhat.java-1.13.0-win32-x64\jre\17.0.5-win32-x86_64\bin;C:\Windows\SYSTEM32;C:\Windows\WinSxS\amd64_microsoft.windows.common-controls_6595b64144ccf1df_6.0.19041.1110_none_60b5254171f9507e;c:\Users\losni\.vscode\extensions\redhat.java-1.13.0-win32-x64\jre\17.0.5-win32-x86_64\bin\server

VM Arguments:
jvm_args: -Dsts.lsp.client=vscode -Dsts.log.file=/dev/null -XX:TieredStopAtLevel=1 -Xlog:jni+resolve=off -Dspring.config.location=file:c:\Users\losni\.vscode\extensions\pivotal.vscode-spring-boot-1.43.0\language-server\BOOT-INF\classes\application.properties 
java_command: org.springframework.ide.vscode.boot.app.BootLanguageServerBootApp
java_class_path (initial): c:\Users\losni\.vscode\extensions\pivotal.vscode-spring-boot-1.43.0\language-server\BOOT-INF\classes;c:\Users\losni\.vscode\extensions\pivotal.vscode-spring-boot-1.43.0\language-server\BOOT-INF\lib\annotations-23.1.0.jar;c:\Users\losni\.vscode\extensions\pivotal.vscode-spring-boot-1.43.0\language-server\BOOT-INF\lib\ant-1.10.12.jar;c:\Users\losni\.vscode\extensions\pivotal.vscode-spring-boot-1.43.0\language-server\BOOT-INF\lib\ant-launcher-1.10.12.jar;c:\Users\losni\.vscode\extensions\pivotal.vscode-spring-boot-1.43.0\language-server\BOOT-INF\lib\antlr-runtime-3.5.2.jar;c:\Users\losni\.vscode\extensions\pivotal.vscode-spring-boot-1.43.0\language-server\BOOT-INF\lib\antlr4-4.9.3.jar;c:\Users\losni\.vscode\extensions\pivotal.vscode-spring-boot-1.43.0\language-server\BOOT-INF\lib\antlr4-runtime-4.9.3.jar;c:\Users\losni\.vscode\extensions\pivotal.vscode-spring-boot-1.43.0\language-server\BOOT-INF\lib\apiguardian-api-1.1.2.jar;c:\Users\losni\.vscode\extensions\pivotal.vscode-spring-boot-1.43.0\language-server\BOOT-INF\lib\asm-9.4.jar;c:\Users\losni\.vscode\extensions\pivotal.vscode-spring-boot-1.43.0\language-server\BOOT-INF\lib\asm-analysis-9.4.jar;c:\Users\losni\.vscode\extensions\pivotal.vscode-spring-boot-1.43.0\language-server\BOOT-INF\lib\asm-tree-9.4.jar;c:\Users\losni\.vscode\extensions\pivotal.vscode-spring-boot-1.43.0\language-server\BOOT-INF\lib\asm-util-9.4.jar;c:\Users\losni\.vscode\extensions\pivotal.vscode-spring-boot-1.43.0\language-server\BOOT-INF\lib\caffeine-3.1.2.jar;c:\Users\losni\.vscode\extensions\pivotal.vscode-spring-boot-1.43.0\language-server\BOOT-INF\lib\checker-qual-3.12.0.jar;c:\Users\losni\.vscode\extensions\pivotal.vscode-spring-boot-1.43.0\language-server\BOOT-INF\lib\ci-environment-9.1.0.jar;c:\Users\losni\.vscode\extensions\pivotal.vscode-spring-boot-1.43.0\language-server\BOOT-INF\lib\classgraph-4.8.149.jar;c:\Users\losni\.vscode\extensions\pivotal.vscode-spring-boot-1.43.0\language-server\BOOT-INF\lib\comm
Launcher Type: SUN_STANDARD

[Global flags]
     intx CICompilerCount                          = 4                                         {product} {ergonomic}
     uint ConcGCThreads                            = 3                                         {product} {ergonomic}
     uint G1ConcRefinementThreads                  = 10                                        {product} {ergonomic}
   size_t G1HeapRegionSize                         = 4194304                                   {product} {ergonomic}
    uintx GCDrainStackTargetSize                   = 64                                        {product} {ergonomic}
   size_t InitialHeapSize                          = 335544320                                 {product} {ergonomic}
   size_t MarkStackSize                            = 4194304                                   {product} {ergonomic}
   size_t MaxHeapSize                              = 5347737600                                {product} {ergonomic}
   size_t MaxNewSize                               = 3208642560                                {product} {ergonomic}
   size_t MinHeapDeltaBytes                        = 4194304                                   {product} {ergonomic}
   size_t MinHeapSize                              = 8388608                                   {product} {ergonomic}
    uintx NonProfiledCodeHeapSize                  = 0                                      {pd product} {ergonomic}
     bool ProfileInterpreter                       = false                                  {pd product} {command line}
    uintx ProfiledCodeHeapSize                     = 0                                      {pd product} {ergonomic}
   size_t SoftMaxHeapSize                          = 5347737600                             {manageable} {ergonomic}
     intx TieredStopAtLevel                        = 1                                         {product} {command line}
     bool UseCompressedClassPointers               = true                           {product lp64_product} {ergonomic}
     bool UseCompressedOops                        = true                           {product lp64_product} {ergonomic}
     bool UseG1GC                                  = true                                      {product} {ergonomic}
     bool UseLargePagesIndividualAllocation        = false                                  {pd product} {ergonomic}

Logging:
Log output configuration:
 #0: stdout all=warning,jni+resolve=off uptime,level,tags
 #1: stderr all=off uptime,level,tags

Environment Variables:
JAVA_HOME=C:\Program Files\Java\jdk-17.0.1
PATH=C:\Program Files\Eclipse Adoptium\jdk-17.0.5.8-hotspot\bin;C:\Python310\Scripts\;C:\Python310\;C:\Program Files (x86)\NVIDIA Corporation\PhysX\Common;C:\Program Files\Common Files\Oracle\Java\javapath;C:\Program Files (x86)\Common Files\Oracle\Java\javapath;C:\Windows\system32;C:\Windows;C:\Windows\System32\Wbem;C:\Windows\System32\WindowsPowerShell\v1.0\;C:\Windows\System32\OpenSSH\;C:\Program Files\Git\cmd;C:\Program Files\Microsoft SQL Server\150\Tools\Binn\;C:\Users\losni\Documents\Cosas programacion\apache-ant-1.9.16\bin;C:\Users\losni\Documents\Cosas programacion\gradle-7.4\bin;C:\Program Files\Java\jdk-17.0.1\bin;C:\apache-maven-3.8.5\bin;C:\Program Files\nodejs\;C:\ProgramData\chocolatey\bin;C:\Program Files\dotnet\;C:\Python310\Scripts\;C:\Python310\;C:\Program Files (x86)\NVIDIA Corporation\PhysX\Common;C:\Program Files\Common Files\Oracle\Java\javapath;C:\Program Files (x86)\Common Files\Oracle\Java\javapath;C:\Windows\system32;C:\Windows;C:\Windows\System32\Wbem;C:\Windows\System32\WindowsPowerShell\v1.0\;C:\Windows\System32\OpenSSH\;C:\Program Files\Git\cmd;C:\Program Files\Microsoft SQL Server\150\Tools\Binn\;C:\Program Files\Microsoft SQL Server\Client SDK\ODBC\170\Tools\Binn\;C:\Users\losni\Documents\Cosas programacion\apache-ant-1.9.16\bin;C:\Users\losni\Documents\Cosas programacion\gradle-7.4\bin;C:\Program Files\Java\jdk-17.0.1\bin;C:\apache-maven-3.8.5\bin;C:\Program Files\nodejs\;C:\ProgramData\chocolatey\bin;C:\Program Files\Go\bin;C:\Program Files\dotnet\;C:\Program Files\MySQL\MySQL Shell 8.0\bin\;C:\Users\losni\AppData\Local\Microsoft\WindowsApps;D:\IntelliJ IDEA Community Edition 2021.3.2\bin;C:\Users\losni\AppData\Roaming\npm;C:\Program Files\heroku\bin;C:\Users\losni\go\bin;C:\Users\losni\AppData\Loc;;C:\Users\losni\AppData\Local\Programs\Microsoft VS Code\bin
USERNAME=losni
OS=Windows_NT
PROCESSOR_IDENTIFIER=AMD64 Family 25 Model 33 Stepping 0, AuthenticAMD
TMP=C:\Users\losni\AppData\Local\Temp
TEMP=C:\Users\losni\AppData\Local\Temp



---------------  S Y S T E M  ---------------

OS:
 Windows 10 , 64 bit Build 19041 (10.0.19041.2364)
OS uptime: 0 days 9:06 hours

CPU: total 12 (initial active 12) (12 cores per cpu, 2 threads per core) family 25 model 33 stepping 0 microcode 0x0, cx8, cmov, fxsr, ht, mmx, 3dnowpref, sse, sse2, sse3, ssse3, sse4a, sse4.1, sse4.2, popcnt, lzcnt, tsc, tscinvbit, avx, avx2, aes, erms, clmul, bmi1, bmi2, adx, sha, fma, vzeroupper, clflush, clflushopt

Memory: 4k page, system-wide physical 20391M (6818M free)
TotalPageFile size 26423M (AvailPageFile size 304M)
current process WorkingSet (physical memory assigned to process): 686M, peak: 686M
current process commit charge ("private bytes"): 732M, peak: 1284M

vm_info: OpenJDK 64-Bit Server VM (17.0.5+8) for windows-amd64 JRE (17.0.5+8), built on Oct 19 2022 04:48:13 by "temurin" with MS VC++ 16.7 (VS2019)

END.
