#
# There is insufficient memory for the Java Runtime Environment to continue.
# Native memory allocation (mmap) failed to map 704643072 bytes for G1 virtual space
# Possible reasons:
#   The system is out of physical RAM or swap space
#   The process is running with CompressedOops enabled, and the Java Heap may be blocking the growth of the native heap
# Possible solutions:
#   Reduce memory load on the system
#   Increase physical memory or swap space
#   Check if swap backing store is full
#   Decrease Java heap size (-Xmx/-Xms)
#   Decrease number of Java threads
#   Decrease Java thread stack sizes (-Xss)
#   Set larger code cache with -XX:ReservedCodeCacheSize=
#   JVM is running with Zero Based Compressed Oops mode in which the Java heap is
#     placed in the first 32GB address space. The Java Heap base address is the
#     maximum limit for the native heap growth. Please use -XX:HeapBaseMinAddress
#     to set the Java Heap base and to place the Java Heap above 32GB virtual address.
# This output file may be truncated or incomplete.
#
#  Out of Memory Error (os_windows.cpp:3548), pid=12184, tid=22440
#
# JRE version: OpenJDK Runtime Environment Temurin-17.0.5+8 (17.0.5+8) (build 17.0.5+8)
# Java VM: OpenJDK 64-Bit Server VM Temurin-17.0.5+8 (17.0.5+8, mixed mode, emulated-client, tiered, compressed oops, compressed class ptrs, g1 gc, windows-amd64)
# No core dump will be written. Minidumps are not enabled by default on client versions of Windows
#

---------------  S U M M A R Y ------------

Command Line: -Dsts.lsp.client=vscode -Dsts.log.file=/dev/null -XX:TieredStopAtLevel=1 -Xlog:jni+resolve=off -Dspring.config.location=file:c:\Users\losni\.vscode\extensions\pivotal.vscode-spring-boot-1.43.0\language-server\BOOT-INF\classes\application.properties org.springframework.ide.vscode.boot.app.BootLanguageServerBootApp

Host: AMD Ryzen 5 5600X 6-Core Processor             , 12 cores, 19G,  Windows 10 , 64 bit Build 19041 (10.0.19041.2364)
Time: Sun Jan  8 18:05:48 2023 Argentina Standard Time elapsed time: 4.777850 seconds (0d 0h 0m 4s)

---------------  T H R E A D  ---------------

Current thread (0x000002b1531c36f0):  VMThread "VM Thread" [stack: 0x000000d593800000,0x000000d593900000] [id=22440]

Stack: [0x000000d593800000,0x000000d593900000]
Native frames: (J=compiled Java code, j=interpreted, Vv=VM code, C=native code)
V  [jvm.dll+0x676b3a]
V  [jvm.dll+0x831444]
V  [jvm.dll+0x832bee]
V  [jvm.dll+0x833253]
V  [jvm.dll+0x244ce5]
V  [jvm.dll+0x673a49]
V  [jvm.dll+0x66811a]
V  [jvm.dll+0x303ceb]
V  [jvm.dll+0x30b1e6]
V  [jvm.dll+0x35adbe]
V  [jvm.dll+0x35afef]
V  [jvm.dll+0x2dab88]
V  [jvm.dll+0x2d8e3c]
V  [jvm.dll+0x2d840c]
V  [jvm.dll+0x31c31b]
V  [jvm.dll+0x8376fb]
V  [jvm.dll+0x838434]
V  [jvm.dll+0x83894c]
V  [jvm.dll+0x838d24]
V  [jvm.dll+0x838df0]
V  [jvm.dll+0x7e17ea]
V  [jvm.dll+0x6759e5]
C  [ucrtbase.dll+0x21bb2]
C  [KERNEL32.DLL+0x17614]
C  [ntdll.dll+0x526a1]

VM_Operation (0x000000d5963fe590): G1CollectForAllocation, mode: safepoint, requested by thread 0x000002b1555a5e30


---------------  P R O C E S S  ---------------

Threads class SMR info:
_java_thread_list=0x000002b158840100, length=48, elements={
0x000002b153203aa0, 0x000002b1532068e0, 0x000002b153c30e10, 0x000002b153c317c0,
0x000002b153c4f490, 0x000002b153c4fd50, 0x000002b153c53b10, 0x000002b153c5c630,
0x000002b153e5bd30, 0x000002b153e62a50, 0x000002b153e682d0, 0x000002b153e64f70,
0x000002b154bf0050, 0x000002b1551cd4f0, 0x000002b15529d320, 0x000002b155411cb0,
0x000002b13e7da3c0, 0x000002b154e78ae0, 0x000002b1554a49e0, 0x000002b1554dede0,
0x000002b1554ebd80, 0x000002b1554d5150, 0x000002b1554ecb90, 0x000002b1555a4af0,
0x000002b1555a4fc0, 0x000002b1555a4150, 0x000002b1555a5960, 0x000002b1555a4620,
0x000002b1555a37b0, 0x000002b1555a5490, 0x000002b1555a67d0, 0x000002b1555a5e30,
0x000002b1555a6300, 0x000002b1555a6ca0, 0x000002b1555a7170, 0x000002b1555a3c80,
0x000002b155634150, 0x000002b15563a660, 0x000002b155637170, 0x000002b155636ca0,
0x000002b155639320, 0x000002b155637640, 0x000002b1556367d0, 0x000002b155634620,
0x000002b15563ab30, 0x000002b155634af0, 0x000002b1556384b0, 0x000002b158a47a80
}

Java Threads: ( => current thread )
  0x000002b153203aa0 JavaThread "Reference Handler" daemon [_thread_blocked, id=20672, stack(0x000000d593900000,0x000000d593a00000)]
  0x000002b1532068e0 JavaThread "Finalizer" daemon [_thread_blocked, id=20360, stack(0x000000d593a00000,0x000000d593b00000)]
  0x000002b153c30e10 JavaThread "Signal Dispatcher" daemon [_thread_blocked, id=15316, stack(0x000000d593b00000,0x000000d593c00000)]
  0x000002b153c317c0 JavaThread "Attach Listener" daemon [_thread_blocked, id=17468, stack(0x000000d593c00000,0x000000d593d00000)]
  0x000002b153c4f490 JavaThread "Service Thread" daemon [_thread_blocked, id=21136, stack(0x000000d593d00000,0x000000d593e00000)]
  0x000002b153c4fd50 JavaThread "Monitor Deflation Thread" daemon [_thread_blocked, id=16700, stack(0x000000d593e00000,0x000000d593f00000)]
  0x000002b153c53b10 JavaThread "C1 CompilerThread0" daemon [_thread_blocked, id=18032, stack(0x000000d593f00000,0x000000d594000000)]
  0x000002b153c5c630 JavaThread "Sweeper thread" daemon [_thread_blocked, id=18156, stack(0x000000d594000000,0x000000d594100000)]
  0x000002b153e5bd30 JavaThread "C1 CompilerThread1" daemon [_thread_blocked, id=13064, stack(0x000000d594100000,0x000000d594200000)]
  0x000002b153e62a50 JavaThread "C1 CompilerThread2" daemon [_thread_blocked, id=18064, stack(0x000000d594200000,0x000000d594300000)]
  0x000002b153e682d0 JavaThread "Notification Thread" daemon [_thread_blocked, id=21580, stack(0x000000d594300000,0x000000d594400000)]
  0x000002b153e64f70 JavaThread "Common-Cleaner" daemon [_thread_blocked, id=21960, stack(0x000000d594500000,0x000000d594600000)]
  0x000002b154bf0050 JavaThread "C1 CompilerThread3" daemon [_thread_blocked, id=20616, stack(0x000000d594c00000,0x000000d594d00000)]
  0x000002b1551cd4f0 JavaThread "boundedElastic-evictor-1" daemon [_thread_blocked, id=22308, stack(0x000000d594d00000,0x000000d594e00000)]
  0x000002b15529d320 JavaThread "pool-11-thread-1" [_thread_blocked, id=21560, stack(0x000000d595300000,0x000000d595400000)]
  0x000002b155411cb0 JavaThread "LanguageServerApp-lifecycle" [_thread_blocked, id=21676, stack(0x000000d595400000,0x000000d595500000)]
  0x000002b13e7da3c0 JavaThread "DestroyJavaVM" [_thread_blocked, id=21648, stack(0x000000d593200000,0x000000d593300000)]
  0x000002b154e78ae0 JavaThread "pool-12-thread-1" [_thread_in_native, id=22376, stack(0x000000d595500000,0x000000d595600000)]
  0x000002b1554a49e0 JavaThread "Simple-Language-Server main thread" daemon [_thread_blocked, id=4020, stack(0x000000d595600000,0x000000d595700000)]
  0x000002b1554dede0 JavaThread "parallel-1" daemon [_thread_blocked, id=21584, stack(0x000000d595700000,0x000000d595800000)]
  0x000002b1554ebd80 JavaThread "ForkJoinPool.commonPool-worker-1" daemon [_thread_blocked, id=3400, stack(0x000000d595800000,0x000000d595900000)]
  0x000002b1554d5150 JavaThread "pool-5-thread-1" [_thread_blocked, id=14908, stack(0x000000d595900000,0x000000d595a00000)]
  0x000002b1554ecb90 JavaThread "ForkJoinPool.commonPool-worker-2" daemon [_thread_blocked, id=12516, stack(0x000000d595a00000,0x000000d595b00000)]
  0x000002b1555a4af0 JavaThread "parallel-2" daemon [_thread_blocked, id=21876, stack(0x000000d595b00000,0x000000d595c00000)]
  0x000002b1555a4fc0 JavaThread "ClassGraph-worker-0" daemon [_thread_blocked, id=21968, stack(0x000000d595c00000,0x000000d595d00000)]
  0x000002b1555a4150 JavaThread "ClassGraph-worker-1" daemon [_thread_blocked, id=22268, stack(0x000000d595d00000,0x000000d595e00000)]
  0x000002b1555a5960 JavaThread "ClassGraph-worker-2" daemon [_thread_blocked, id=21588, stack(0x000000d595e00000,0x000000d595f00000)]
  0x000002b1555a4620 JavaThread "ClassGraph-worker-3" daemon [_thread_blocked, id=22416, stack(0x000000d595f00000,0x000000d596000000)]
  0x000002b1555a37b0 JavaThread "ClassGraph-worker-4" daemon [_thread_blocked, id=22072, stack(0x000000d596000000,0x000000d596100000)]
  0x000002b1555a5490 JavaThread "ClassGraph-worker-5" daemon [_thread_blocked, id=21984, stack(0x000000d596100000,0x000000d596200000)]
  0x000002b1555a67d0 JavaThread "ClassGraph-worker-6" daemon [_thread_blocked, id=9204, stack(0x000000d596200000,0x000000d596300000)]
  0x000002b1555a5e30 JavaThread "ClassGraph-worker-7" daemon [_thread_blocked, id=18284, stack(0x000000d596300000,0x000000d596400000)]
  0x000002b1555a6300 JavaThread "ClassGraph-worker-8" daemon [_thread_blocked, id=22368, stack(0x000000d596400000,0x000000d596500000)]
  0x000002b1555a6ca0 JavaThread "ClassGraph-worker-9" daemon [_thread_blocked, id=7528, stack(0x000000d596500000,0x000000d596600000)]
  0x000002b1555a7170 JavaThread "ClassGraph-worker-10" daemon [_thread_blocked, id=21924, stack(0x000000d596600000,0x000000d596700000)]
  0x000002b1555a3c80 JavaThread "ClassGraph-worker-11" daemon [_thread_blocked, id=19656, stack(0x000000d596700000,0x000000d596800000)]
  0x000002b155634150 JavaThread "ClassGraph-worker-12" daemon [_thread_blocked, id=22064, stack(0x000000d596800000,0x000000d596900000)]
  0x000002b15563a660 JavaThread "ClassGraph-worker-13" daemon [_thread_blocked, id=21904, stack(0x000000d596900000,0x000000d596a00000)]
  0x000002b155637170 JavaThread "ClassGraph-worker-14" daemon [_thread_blocked, id=22444, stack(0x000000d596a00000,0x000000d596b00000)]
  0x000002b155636ca0 JavaThread "ClassGraph-worker-15" daemon [_thread_blocked, id=17456, stack(0x000000d596b00000,0x000000d596c00000)]
  0x000002b155639320 JavaThread "ClassGraph-worker-16" daemon [_thread_blocked, id=9500, stack(0x000000d596c00000,0x000000d596d00000)]
  0x000002b155637640 JavaThread "ClassGraph-worker-17" daemon [_thread_blocked, id=22056, stack(0x000000d596d00000,0x000000d596e00000)]
  0x000002b1556367d0 JavaThread "ClassGraph-worker-18" daemon [_thread_blocked, id=14832, stack(0x000000d596e00000,0x000000d596f00000)]
  0x000002b155634620 JavaThread "Reconciler-1" daemon [_thread_blocked, id=9620, stack(0x000000d596f00000,0x000000d597000000)]
  0x000002b15563ab30 JavaThread "pool-6-thread-1" [_thread_blocked, id=21436, stack(0x000000d597000000,0x000000d597100000)]
  0x000002b155634af0 JavaThread "pool-10-thread-1" [_thread_blocked, id=18836, stack(0x000000d597100000,0x000000d597200000)]
  0x000002b1556384b0 JavaThread "pool-10-thread-2" [_thread_blocked, id=10516, stack(0x000000d597200000,0x000000d597300000)]
  0x000002b158a47a80 JavaThread "Keep-Alive-Timer" daemon [_thread_blocked, id=20892, stack(0x000000d597800000,0x000000d597900000)]

Other Threads:
=>0x000002b1531c36f0 VMThread "VM Thread" [stack: 0x000000d593800000,0x000000d593900000] [id=22440]
  0x000002b13e8728b0 WatcherThread [stack: 0x000000d594400000,0x000000d594500000] [id=22452]
  0x000002b13e8500e0 GCTaskThread "GC Thread#0" [stack: 0x000000d593300000,0x000000d593400000] [id=2876]
  0x000002b1547d0e90 GCTaskThread "GC Thread#1" [stack: 0x000000d594600000,0x000000d594700000] [id=8260]
  0x000002b1547d1140 GCTaskThread "GC Thread#2" [stack: 0x000000d594700000,0x000000d594800000] [id=17604]
  0x000002b1547d13f0 GCTaskThread "GC Thread#3" [stack: 0x000000d594800000,0x000000d594900000] [id=17452]
  0x000002b1547d16a0 GCTaskThread "GC Thread#4" [stack: 0x000000d594900000,0x000000d594a00000] [id=19468]
  0x000002b1547d1950 GCTaskThread "GC Thread#5" [stack: 0x000000d594a00000,0x000000d594b00000] [id=22028]
  0x000002b1547d1c00 GCTaskThread "GC Thread#6" [stack: 0x000000d594b00000,0x000000d594c00000] [id=22388]
  0x000002b154e1be50 GCTaskThread "GC Thread#7" [stack: 0x000000d594e00000,0x000000d594f00000] [id=18364]
  0x000002b154e1c100 GCTaskThread "GC Thread#8" [stack: 0x000000d594f00000,0x000000d595000000] [id=21120]
  0x000002b154d854f0 GCTaskThread "GC Thread#9" [stack: 0x000000d595000000,0x000000d595100000] [id=22024]
  0x000002b13e85be20 ConcurrentGCThread "G1 Main Marker" [stack: 0x000000d593400000,0x000000d593500000] [id=14284]
  0x000002b13e85ce70 ConcurrentGCThread "G1 Conc#0" [stack: 0x000000d593500000,0x000000d593600000] [id=9884]
  0x000002b154d867c0 ConcurrentGCThread "G1 Conc#1" [stack: 0x000000d595100000,0x000000d595200000] [id=17444]
  0x000002b154dfe860 ConcurrentGCThread "G1 Conc#2" [stack: 0x000000d595200000,0x000000d595300000] [id=21784]
  0x000002b1530680f0 ConcurrentGCThread "G1 Refine#0" [stack: 0x000000d593600000,0x000000d593700000] [id=22316]
  0x000002b15863a4f0 ConcurrentGCThread "G1 Refine#1" [stack: 0x000000d597300000,0x000000d597400000] [id=15804]
  0x000002b158876d30 ConcurrentGCThread "G1 Refine#2" [stack: 0x000000d597400000,0x000000d597500000] [id=21700]
  0x000002b158889c70 ConcurrentGCThread "G1 Refine#3" [stack: 0x000000d597500000,0x000000d597600000] [id=22136]
  0x000002b158887f30 ConcurrentGCThread "G1 Refine#4" [stack: 0x000000d597600000,0x000000d597700000] [id=8236]
  0x000002b15861f3d0 ConcurrentGCThread "G1 Refine#5" [stack: 0x000000d597700000,0x000000d597800000] [id=5732]
  0x000002b1530689b0 ConcurrentGCThread "G1 Service" [stack: 0x000000d593700000,0x000000d593800000] [id=21732]

Threads with active compile tasks:

VM state: at safepoint (normal execution)

VM Mutex/Monitor currently owned by a thread:  ([mutex/lock_event])
[0x000002b13c64cc30] Threads_lock - owner thread: 0x000002b1531c36f0
[0x000002b13e7c9bb0] Heap_lock - owner thread: 0x000002b1555a5e30

Heap address: 0x00000006c1400000, size: 5100 MB, Compressed Oops mode: Zero based, Oop shift amount: 3

CDS archive(s) not mapped
Compressed class space mapped at: 0x0000000800000000-0x0000000840000000, reserved size: 1073741824
Narrow klass base: 0x0000000800000000, Narrow klass shift: 0, Narrow klass range: 0x40000000

GC Precious Log:
 CPUs: 12 total, 12 available
 Memory: 20391M
 Large Page Support: Disabled
 NUMA Support: Disabled
 Compressed Oops: Enabled (Zero based)
 Heap Region Size: 4M
 Heap Min Capacity: 8M
 Heap Initial Capacity: 320M
 Heap Max Capacity: 5100M
 Pre-touch: Disabled
 Parallel Workers: 10
 Concurrent Workers: 3
 Concurrent Refinement Workers: 10
 Periodic GC: Disabled

Heap:
 garbage-first heap   total 786432K, used 193728K [0x00000006c1400000, 0x0000000800000000)
  region size 4096K, 10 young (40960K), 10 survivors (40960K)
 Metaspace       used 45839K, committed 46208K, reserved 1089536K
  class space    used 5921K, committed 6080K, reserved 1048576K

Heap Regions: E=young(eden), S=young(survivor), O=old, HS=humongous(starts), HC=humongous(continues), CS=collection set, F=free, OA=open archive, CA=closed archive, TAMS=top-at-mark-start (previous, next)
|   0|0x00000006c1400000, 0x00000006c1800000, 0x00000006c1800000|100%| O|  |TAMS 0x00000006c1800000, 0x00000006c1400000| Untracked 
|   1|0x00000006c1800000, 0x00000006c1c00000, 0x00000006c1c00000|100%| O|  |TAMS 0x00000006c1800000, 0x00000006c1800000| Untracked 
|   2|0x00000006c1c00000, 0x00000006c2000000, 0x00000006c2000000|100%| O|  |TAMS 0x00000006c2000000, 0x00000006c1c00000| Untracked 
|   3|0x00000006c2000000, 0x00000006c2400000, 0x00000006c2400000|100%| O|  |TAMS 0x00000006c2400000, 0x00000006c2000000| Untracked 
|   4|0x00000006c2400000, 0x00000006c2800000, 0x00000006c2800000|100%| O|  |TAMS 0x00000006c2400000, 0x00000006c2400000| Untracked 
|   5|0x00000006c2800000, 0x00000006c2c00000, 0x00000006c2c00000|100%| O|  |TAMS 0x00000006c2800000, 0x00000006c2800000| Untracked 
|   6|0x00000006c2c00000, 0x00000006c3000000, 0x00000006c3000000|100%| O|  |TAMS 0x00000006c2c00000, 0x00000006c2c00000| Untracked 
|   7|0x00000006c3000000, 0x00000006c3400000, 0x00000006c3400000|100%| O|  |TAMS 0x00000006c3000000, 0x00000006c3000000| Untracked 
|   8|0x00000006c3400000, 0x00000006c3800000, 0x00000006c3800000|100%| O|  |TAMS 0x00000006c3400000, 0x00000006c3400000| Untracked 
|   9|0x00000006c3800000, 0x00000006c3c00000, 0x00000006c3c00000|100%| O|  |TAMS 0x00000006c3800000, 0x00000006c3800000| Untracked 
|  10|0x00000006c3c00000, 0x00000006c4000000, 0x00000006c4000000|100%| O|  |TAMS 0x00000006c3c00000, 0x00000006c3c00000| Untracked 
|  11|0x00000006c4000000, 0x00000006c4400000, 0x00000006c4400000|100%| O|  |TAMS 0x00000006c4000000, 0x00000006c4000000| Untracked 
|  12|0x00000006c4400000, 0x00000006c4800000, 0x00000006c4800000|100%| O|  |TAMS 0x00000006c4400000, 0x00000006c4400000| Untracked 
|  13|0x00000006c4800000, 0x00000006c4c00000, 0x00000006c4c00000|100%| O|  |TAMS 0x00000006c4800000, 0x00000006c4800000| Untracked 
|  14|0x00000006c4c00000, 0x00000006c5000000, 0x00000006c5000000|100%| O|  |TAMS 0x00000006c4c00000, 0x00000006c4c00000| Untracked 
|  15|0x00000006c5000000, 0x00000006c5400000, 0x00000006c5400000|100%| O|  |TAMS 0x00000006c5000000, 0x00000006c5000000| Untracked 
|  16|0x00000006c5400000, 0x00000006c5800000, 0x00000006c5800000|100%| O|  |TAMS 0x00000006c5400000, 0x00000006c5400000| Untracked 
|  17|0x00000006c5800000, 0x00000006c5c00000, 0x00000006c5c00000|100%| O|  |TAMS 0x00000006c5800000, 0x00000006c5800000| Untracked 
|  18|0x00000006c5c00000, 0x00000006c6000000, 0x00000006c6000000|100%| O|  |TAMS 0x00000006c5c00000, 0x00000006c5c00000| Untracked 
|  19|0x00000006c6000000, 0x00000006c6400000, 0x00000006c6400000|100%| O|  |TAMS 0x00000006c6000000, 0x00000006c6000000| Untracked 
|  20|0x00000006c6400000, 0x00000006c6800000, 0x00000006c6800000|100%| O|  |TAMS 0x00000006c6400000, 0x00000006c6400000| Untracked 
|  21|0x00000006c6800000, 0x00000006c6c00000, 0x00000006c6c00000|100%| O|  |TAMS 0x00000006c6800000, 0x00000006c6800000| Untracked 
|  22|0x00000006c6c00000, 0x00000006c7000000, 0x00000006c7000000|100%| O|  |TAMS 0x00000006c6c00000, 0x00000006c6c00000| Untracked 
|  23|0x00000006c7000000, 0x00000006c7400000, 0x00000006c7400000|100%| O|  |TAMS 0x00000006c7000000, 0x00000006c7000000| Untracked 
|  24|0x00000006c7400000, 0x00000006c7800000, 0x00000006c7800000|100%| O|  |TAMS 0x00000006c7400000, 0x00000006c7400000| Untracked 
|  25|0x00000006c7800000, 0x00000006c7c00000, 0x00000006c7c00000|100%| O|  |TAMS 0x00000006c7800000, 0x00000006c7800000| Untracked 
|  26|0x00000006c7c00000, 0x00000006c8000000, 0x00000006c8000000|100%| O|  |TAMS 0x00000006c7c00000, 0x00000006c7c00000| Untracked 
|  27|0x00000006c8000000, 0x00000006c8400000, 0x00000006c8400000|100%| O|  |TAMS 0x00000006c8000000, 0x00000006c8000000| Untracked 
|  28|0x00000006c8400000, 0x00000006c8800000, 0x00000006c8800000|100%| O|  |TAMS 0x00000006c8400000, 0x00000006c8400000| Untracked 
|  29|0x00000006c8800000, 0x00000006c8c00000, 0x00000006c8c00000|100%| O|  |TAMS 0x00000006c8800000, 0x00000006c8800000| Untracked 
|  30|0x00000006c8c00000, 0x00000006c9000000, 0x00000006c9000000|100%| O|  |TAMS 0x00000006c8c00000, 0x00000006c8c00000| Untracked 
|  31|0x00000006c9000000, 0x00000006c9400000, 0x00000006c9400000|100%| O|  |TAMS 0x00000006c9000000, 0x00000006c9000000| Untracked 
|  32|0x00000006c9400000, 0x00000006c9800000, 0x00000006c9800000|100%| O|  |TAMS 0x00000006c9400000, 0x00000006c9400000| Untracked 
|  33|0x00000006c9800000, 0x00000006c9c00000, 0x00000006c9c00000|100%| O|  |TAMS 0x00000006c9800000, 0x00000006c9800000| Untracked 
|  34|0x00000006c9c00000, 0x00000006ca000000, 0x00000006ca000000|100%| O|  |TAMS 0x00000006c9c00000, 0x00000006c9c00000| Untracked 
|  35|0x00000006ca000000, 0x00000006ca400000, 0x00000006ca400000|100%| O|  |TAMS 0x00000006ca000000, 0x00000006ca000000| Untracked 
|  36|0x00000006ca400000, 0x00000006ca800000, 0x00000006ca800000|100%| O|  |TAMS 0x00000006ca400000, 0x00000006ca400000| Untracked 
|  37|0x00000006ca800000, 0x00000006ca930000, 0x00000006cac00000| 29%| O|  |TAMS 0x00000006ca800000, 0x00000006ca800000| Untracked 
|  38|0x00000006cac00000, 0x00000006cac00000, 0x00000006cb000000|  0%| F|  |TAMS 0x00000006cac00000, 0x00000006cac00000| Untracked 
|  39|0x00000006cb000000, 0x00000006cb000000, 0x00000006cb400000|  0%| F|  |TAMS 0x00000006cb000000, 0x00000006cb000000| Untracked 
|  40|0x00000006cb400000, 0x00000006cb400000, 0x00000006cb800000|  0%| F|  |TAMS 0x00000006cb400000, 0x00000006cb400000| Untracked 
|  41|0x00000006cb800000, 0x00000006cb800000, 0x00000006cbc00000|  0%| F|  |TAMS 0x00000006cb800000, 0x00000006cb800000| Untracked 
|  42|0x00000006cbc00000, 0x00000006cbc00000, 0x00000006cc000000|  0%| F|  |TAMS 0x00000006cbc00000, 0x00000006cbc00000| Untracked 
|  43|0x00000006cc000000, 0x00000006cc000000, 0x00000006cc400000|  0%| F|  |TAMS 0x00000006cc000000, 0x00000006cc000000| Untracked 
|  44|0x00000006cc400000, 0x00000006cc400000, 0x00000006cc800000|  0%| F|  |TAMS 0x00000006cc400000, 0x00000006cc400000| Untracked 
|  45|0x00000006cc800000, 0x00000006cc800000, 0x00000006ccc00000|  0%| F|  |TAMS 0x00000006cc800000, 0x00000006cc800000| Untracked 
|  46|0x00000006ccc00000, 0x00000006ccc00000, 0x00000006cd000000|  0%| F|  |TAMS 0x00000006ccc00000, 0x00000006ccc00000| Untracked 
|  47|0x00000006cd000000, 0x00000006cd000000, 0x00000006cd400000|  0%| F|  |TAMS 0x00000006cd000000, 0x00000006cd000000| Untracked 
|  48|0x00000006cd400000, 0x00000006cd400000, 0x00000006cd800000|  0%| F|  |TAMS 0x00000006cd400000, 0x00000006cd400000| Untracked 
|  49|0x00000006cd800000, 0x00000006cd800000, 0x00000006cdc00000|  0%| F|  |TAMS 0x00000006cd800000, 0x00000006cd800000| Untracked 
|  50|0x00000006cdc00000, 0x00000006cdc00000, 0x00000006ce000000|  0%| F|  |TAMS 0x00000006cdc00000, 0x00000006cdc00000| Untracked 
|  51|0x00000006ce000000, 0x00000006ce000000, 0x00000006ce400000|  0%| F|  |TAMS 0x00000006ce000000, 0x00000006ce000000| Untracked 
|  52|0x00000006ce400000, 0x00000006ce400000, 0x00000006ce800000|  0%| F|  |TAMS 0x00000006ce400000, 0x00000006ce400000| Untracked 
|  53|0x00000006ce800000, 0x00000006ce800000, 0x00000006cec00000|  0%| F|  |TAMS 0x00000006ce800000, 0x00000006ce800000| Untracked 
|  54|0x00000006cec00000, 0x00000006cec00000, 0x00000006cf000000|  0%| F|  |TAMS 0x00000006cec00000, 0x00000006cec00000| Untracked 
|  55|0x00000006cf000000, 0x00000006cf000000, 0x00000006cf400000|  0%| F|  |TAMS 0x00000006cf000000, 0x00000006cf000000| Untracked 
|  56|0x00000006cf400000, 0x00000006cf400000, 0x00000006cf800000|  0%| F|  |TAMS 0x00000006cf400000, 0x00000006cf400000| Untracked 
|  57|0x00000006cf800000, 0x00000006cf800000, 0x00000006cfc00000|  0%| F|  |TAMS 0x00000006cf800000, 0x00000006cf800000| Untracked 
|  58|0x00000006cfc00000, 0x00000006cfc00000, 0x00000006d0000000|  0%| F|  |TAMS 0x00000006cfc00000, 0x00000006cfc00000| Untracked 
|  59|0x00000006d0000000, 0x00000006d0000000, 0x00000006d0400000|  0%| F|  |TAMS 0x00000006d0000000, 0x00000006d0000000| Untracked 
|  60|0x00000006d0400000, 0x00000006d0400000, 0x00000006d0800000|  0%| F|  |TAMS 0x00000006d0400000, 0x00000006d0400000| Untracked 
|  61|0x00000006d0800000, 0x00000006d0800000, 0x00000006d0c00000|  0%| F|  |TAMS 0x00000006d0800000, 0x00000006d0800000| Untracked 
|  62|0x00000006d0c00000, 0x00000006d0c00000, 0x00000006d1000000|  0%| F|  |TAMS 0x00000006d0c00000, 0x00000006d0c00000| Untracked 
|  63|0x00000006d1000000, 0x00000006d1000000, 0x00000006d1400000|  0%| F|  |TAMS 0x00000006d1000000, 0x00000006d1000000| Untracked 
|  64|0x00000006d1400000, 0x00000006d1400000, 0x00000006d1800000|  0%| F|  |TAMS 0x00000006d1400000, 0x00000006d1400000| Untracked 
|  65|0x00000006d1800000, 0x00000006d1800000, 0x00000006d1c00000|  0%| F|  |TAMS 0x00000006d1800000, 0x00000006d1800000| Untracked 
|  66|0x00000006d1c00000, 0x00000006d1c00000, 0x00000006d2000000|  0%| F|  |TAMS 0x00000006d1c00000, 0x00000006d1c00000| Untracked 
|  67|0x00000006d2000000, 0x00000006d2400000, 0x00000006d2400000|100%| S|CS|TAMS 0x00000006d2000000, 0x00000006d2000000| Complete 
|  68|0x00000006d2400000, 0x00000006d2800000, 0x00000006d2800000|100%| S|CS|TAMS 0x00000006d2400000, 0x00000006d2400000| Complete 
|  69|0x00000006d2800000, 0x00000006d2c00000, 0x00000006d2c00000|100%| S|CS|TAMS 0x00000006d2800000, 0x00000006d2800000| Complete 
|  70|0x00000006d2c00000, 0x00000006d3000000, 0x00000006d3000000|100%| S|CS|TAMS 0x00000006d2c00000, 0x00000006d2c00000| Complete 
|  71|0x00000006d3000000, 0x00000006d3400000, 0x00000006d3400000|100%| S|CS|TAMS 0x00000006d3000000, 0x00000006d3000000| Complete 
|  72|0x00000006d3400000, 0x00000006d3400000, 0x00000006d3800000|  0%| F|  |TAMS 0x00000006d3400000, 0x00000006d3400000| Untracked 
|  73|0x00000006d3800000, 0x00000006d3800000, 0x00000006d3c00000|  0%| F|  |TAMS 0x00000006d3800000, 0x00000006d3800000| Untracked 
|  74|0x00000006d3c00000, 0x00000006d3c00000, 0x00000006d4000000|  0%| F|  |TAMS 0x00000006d3c00000, 0x00000006d3c00000| Untracked 
|  75|0x00000006d4000000, 0x00000006d4000000, 0x00000006d4400000|  0%| F|  |TAMS 0x00000006d4000000, 0x00000006d4000000| Untracked 
|  76|0x00000006d4400000, 0x00000006d4400000, 0x00000006d4800000|  0%| F|  |TAMS 0x00000006d4400000, 0x00000006d4400000| Untracked 
|  77|0x00000006d4800000, 0x00000006d4800000, 0x00000006d4c00000|  0%| F|  |TAMS 0x00000006d4800000, 0x00000006d4800000| Untracked 
|  78|0x00000006d4c00000, 0x00000006d4c00000, 0x00000006d5000000|  0%| F|  |TAMS 0x00000006d4c00000, 0x00000006d4c00000| Untracked 
|  79|0x00000006d5000000, 0x00000006d5000000, 0x00000006d5400000|  0%| F|  |TAMS 0x00000006d5000000, 0x00000006d5000000| Untracked 
|  80|0x00000006d5400000, 0x00000006d5400000, 0x00000006d5800000|  0%| F|  |TAMS 0x00000006d5400000, 0x00000006d5400000| Untracked 
|  81|0x00000006d5800000, 0x00000006d5800000, 0x00000006d5c00000|  0%| F|  |TAMS 0x00000006d5800000, 0x00000006d5800000| Untracked 
|  82|0x00000006d5c00000, 0x00000006d6000000, 0x00000006d6000000|100%| S|CS|TAMS 0x00000006d5c00000, 0x00000006d5c00000| Complete 
|  83|0x00000006d6000000, 0x00000006d6400000, 0x00000006d6400000|100%| S|CS|TAMS 0x00000006d6000000, 0x00000006d6000000| Complete 
|  84|0x00000006d6400000, 0x00000006d6800000, 0x00000006d6800000|100%| S|CS|TAMS 0x00000006d6400000, 0x00000006d6400000| Complete 
|  85|0x00000006d6800000, 0x00000006d6c00000, 0x00000006d6c00000|100%| S|CS|TAMS 0x00000006d6800000, 0x00000006d6800000| Complete 
|  86|0x00000006d6c00000, 0x00000006d7000000, 0x00000006d7000000|100%| S|CS|TAMS 0x00000006d6c00000, 0x00000006d6c00000| Complete 
|  87|0x00000006d7000000, 0x00000006d7000000, 0x00000006d7400000|  0%| F|  |TAMS 0x00000006d7000000, 0x00000006d7000000| Untracked 
|  88|0x00000006d7400000, 0x00000006d7400000, 0x00000006d7800000|  0%| F|  |TAMS 0x00000006d7400000, 0x00000006d7400000| Untracked 
|  89|0x00000006d7800000, 0x00000006d7800000, 0x00000006d7c00000|  0%| F|  |TAMS 0x00000006d7800000, 0x00000006d7800000| Untracked 
|  90|0x00000006d7c00000, 0x00000006d7c00000, 0x00000006d8000000|  0%| F|  |TAMS 0x00000006d7c00000, 0x00000006d7c00000| Untracked 
|  91|0x00000006d8000000, 0x00000006d8000000, 0x00000006d8400000|  0%| F|  |TAMS 0x00000006d8000000, 0x00000006d8000000| Untracked 
|  92|0x00000006d8400000, 0x00000006d8400000, 0x00000006d8800000|  0%| F|  |TAMS 0x00000006d8400000, 0x00000006d8400000| Untracked 
|  93|0x00000006d8800000, 0x00000006d8800000, 0x00000006d8c00000|  0%| F|  |TAMS 0x00000006d8800000, 0x00000006d8800000| Untracked 
|  94|0x00000006d8c00000, 0x00000006d8c00000, 0x00000006d9000000|  0%| F|  |TAMS 0x00000006d8c00000, 0x00000006d8c00000| Untracked 
|  95|0x00000006d9000000, 0x00000006d9000000, 0x00000006d9400000|  0%| F|  |TAMS 0x00000006d9000000, 0x00000006d9000000| Untracked 
|  96|0x00000006d9400000, 0x00000006d9400000, 0x00000006d9800000|  0%| F|  |TAMS 0x00000006d9400000, 0x00000006d9400000| Untracked 
|  97|0x00000006d9800000, 0x00000006d9800000, 0x00000006d9c00000|  0%| F|  |TAMS 0x00000006d9800000, 0x00000006d9800000| Untracked 
|  98|0x00000006d9c00000, 0x00000006d9c00000, 0x00000006da000000|  0%| F|  |TAMS 0x00000006d9c00000, 0x00000006d9c00000| Untracked 
|  99|0x00000006da000000, 0x00000006da000000, 0x00000006da400000|  0%| F|  |TAMS 0x00000006da000000, 0x00000006da000000| Untracked 
| 100|0x00000006da400000, 0x00000006da400000, 0x00000006da800000|  0%| F|  |TAMS 0x00000006da400000, 0x00000006da400000| Untracked 
| 101|0x00000006da800000, 0x00000006da800000, 0x00000006dac00000|  0%| F|  |TAMS 0x00000006da800000, 0x00000006da800000| Untracked 
| 102|0x00000006dac00000, 0x00000006dac00000, 0x00000006db000000|  0%| F|  |TAMS 0x00000006dac00000, 0x00000006dac00000| Untracked 
| 103|0x00000006db000000, 0x00000006db000000, 0x00000006db400000|  0%| F|  |TAMS 0x00000006db000000, 0x00000006db000000| Untracked 
| 104|0x00000006db400000, 0x00000006db400000, 0x00000006db800000|  0%| F|  |TAMS 0x00000006db400000, 0x00000006db400000| Untracked 
| 105|0x00000006db800000, 0x00000006db800000, 0x00000006dbc00000|  0%| F|  |TAMS 0x00000006db800000, 0x00000006db800000| Untracked 
| 106|0x00000006dbc00000, 0x00000006dbc00000, 0x00000006dc000000|  0%| F|  |TAMS 0x00000006dbc00000, 0x00000006dbc00000| Untracked 
| 107|0x00000006dc000000, 0x00000006dc000000, 0x00000006dc400000|  0%| F|  |TAMS 0x00000006dc000000, 0x00000006dc000000| Untracked 
| 108|0x00000006dc400000, 0x00000006dc400000, 0x00000006dc800000|  0%| F|  |TAMS 0x00000006dc400000, 0x00000006dc400000| Untracked 
| 109|0x00000006dc800000, 0x00000006dc800000, 0x00000006dcc00000|  0%| F|  |TAMS 0x00000006dc800000, 0x00000006dc800000| Untracked 
| 110|0x00000006dcc00000, 0x00000006dcc00000, 0x00000006dd000000|  0%| F|  |TAMS 0x00000006dcc00000, 0x00000006dcc00000| Untracked 
| 111|0x00000006dd000000, 0x00000006dd000000, 0x00000006dd400000|  0%| F|  |TAMS 0x00000006dd000000, 0x00000006dd000000| Untracked 
| 112|0x00000006dd400000, 0x00000006dd400000, 0x00000006dd800000|  0%| F|  |TAMS 0x00000006dd400000, 0x00000006dd400000| Untracked 
| 113|0x00000006dd800000, 0x00000006dd800000, 0x00000006ddc00000|  0%| F|  |TAMS 0x00000006dd800000, 0x00000006dd800000| Untracked 
| 114|0x00000006ddc00000, 0x00000006ddc00000, 0x00000006de000000|  0%| F|  |TAMS 0x00000006ddc00000, 0x00000006ddc00000| Untracked 
| 115|0x00000006de000000, 0x00000006de000000, 0x00000006de400000|  0%| F|  |TAMS 0x00000006de000000, 0x00000006de000000| Untracked 
| 116|0x00000006de400000, 0x00000006de400000, 0x00000006de800000|  0%| F|  |TAMS 0x00000006de400000, 0x00000006de400000| Untracked 
| 117|0x00000006de800000, 0x00000006de800000, 0x00000006dec00000|  0%| F|  |TAMS 0x00000006de800000, 0x00000006de800000| Untracked 
| 118|0x00000006dec00000, 0x00000006dec00000, 0x00000006df000000|  0%| F|  |TAMS 0x00000006dec00000, 0x00000006dec00000| Untracked 
| 119|0x00000006df000000, 0x00000006df000000, 0x00000006df400000|  0%| F|  |TAMS 0x00000006df000000, 0x00000006df000000| Untracked 
| 120|0x00000006df400000, 0x00000006df400000, 0x00000006df800000|  0%| F|  |TAMS 0x00000006df400000, 0x00000006df400000| Untracked 
| 121|0x00000006df800000, 0x00000006df800000, 0x00000006dfc00000|  0%| F|  |TAMS 0x00000006df800000, 0x00000006df800000| Untracked 
| 122|0x00000006dfc00000, 0x00000006dfc00000, 0x00000006e0000000|  0%| F|  |TAMS 0x00000006dfc00000, 0x00000006dfc00000| Untracked 
| 123|0x00000006e0000000, 0x00000006e0000000, 0x00000006e0400000|  0%| F|  |TAMS 0x00000006e0000000, 0x00000006e0000000| Untracked 
| 124|0x00000006e0400000, 0x00000006e0400000, 0x00000006e0800000|  0%| F|  |TAMS 0x00000006e0400000, 0x00000006e0400000| Untracked 
| 125|0x00000006e0800000, 0x00000006e0800000, 0x00000006e0c00000|  0%| F|  |TAMS 0x00000006e0800000, 0x00000006e0800000| Untracked 
| 126|0x00000006e0c00000, 0x00000006e0c00000, 0x00000006e1000000|  0%| F|  |TAMS 0x00000006e0c00000, 0x00000006e0c00000| Untracked 
| 127|0x00000006e1000000, 0x00000006e1000000, 0x00000006e1400000|  0%| F|  |TAMS 0x00000006e1000000, 0x00000006e1000000| Untracked 
| 128|0x00000006e1400000, 0x00000006e1400000, 0x00000006e1800000|  0%| F|  |TAMS 0x00000006e1400000, 0x00000006e1400000| Untracked 
| 129|0x00000006e1800000, 0x00000006e1800000, 0x00000006e1c00000|  0%| F|  |TAMS 0x00000006e1800000, 0x00000006e1800000| Untracked 
| 130|0x00000006e1c00000, 0x00000006e1c00000, 0x00000006e2000000|  0%| F|  |TAMS 0x00000006e1c00000, 0x00000006e1c00000| Untracked 
| 131|0x00000006e2000000, 0x00000006e2000000, 0x00000006e2400000|  0%| F|  |TAMS 0x00000006e2000000, 0x00000006e2000000| Untracked 
| 132|0x00000006e2400000, 0x00000006e2400000, 0x00000006e2800000|  0%| F|  |TAMS 0x00000006e2400000, 0x00000006e2400000| Untracked 
| 133|0x00000006e2800000, 0x00000006e2800000, 0x00000006e2c00000|  0%| F|  |TAMS 0x00000006e2800000, 0x00000006e2800000| Untracked 
| 134|0x00000006e2c00000, 0x00000006e2c00000, 0x00000006e3000000|  0%| F|  |TAMS 0x00000006e2c00000, 0x00000006e2c00000| Untracked 
| 135|0x00000006e3000000, 0x00000006e3000000, 0x00000006e3400000|  0%| F|  |TAMS 0x00000006e3000000, 0x00000006e3000000| Untracked 
| 136|0x00000006e3400000, 0x00000006e3400000, 0x00000006e3800000|  0%| F|  |TAMS 0x00000006e3400000, 0x00000006e3400000| Untracked 
| 137|0x00000006e3800000, 0x00000006e3800000, 0x00000006e3c00000|  0%| F|  |TAMS 0x00000006e3800000, 0x00000006e3800000| Untracked 
| 138|0x00000006e3c00000, 0x00000006e3c00000, 0x00000006e4000000|  0%| F|  |TAMS 0x00000006e3c00000, 0x00000006e3c00000| Untracked 
| 139|0x00000006e4000000, 0x00000006e4000000, 0x00000006e4400000|  0%| F|  |TAMS 0x00000006e4000000, 0x00000006e4000000| Untracked 
| 140|0x00000006e4400000, 0x00000006e4400000, 0x00000006e4800000|  0%| F|  |TAMS 0x00000006e4400000, 0x00000006e4400000| Untracked 
| 141|0x00000006e4800000, 0x00000006e4800000, 0x00000006e4c00000|  0%| F|  |TAMS 0x00000006e4800000, 0x00000006e4800000| Untracked 
| 142|0x00000006e4c00000, 0x00000006e4c00000, 0x00000006e5000000|  0%| F|  |TAMS 0x00000006e4c00000, 0x00000006e4c00000| Untracked 
| 143|0x00000006e5000000, 0x00000006e5000000, 0x00000006e5400000|  0%| F|  |TAMS 0x00000006e5000000, 0x00000006e5000000| Untracked 
| 144|0x00000006e5400000, 0x00000006e5400000, 0x00000006e5800000|  0%| F|  |TAMS 0x00000006e5400000, 0x00000006e5400000| Untracked 
| 145|0x00000006e5800000, 0x00000006e5800000, 0x00000006e5c00000|  0%| F|  |TAMS 0x00000006e5800000, 0x00000006e5800000| Untracked 
| 146|0x00000006e5c00000, 0x00000006e5c00000, 0x00000006e6000000|  0%| F|  |TAMS 0x00000006e5c00000, 0x00000006e5c00000| Untracked 
| 147|0x00000006e6000000, 0x00000006e6000000, 0x00000006e6400000|  0%| F|  |TAMS 0x00000006e6000000, 0x00000006e6000000| Untracked 
| 148|0x00000006e6400000, 0x00000006e6400000, 0x00000006e6800000|  0%| F|  |TAMS 0x00000006e6400000, 0x00000006e6400000| Untracked 
| 149|0x00000006e6800000, 0x00000006e6800000, 0x00000006e6c00000|  0%| F|  |TAMS 0x00000006e6800000, 0x00000006e6800000| Untracked 
| 150|0x00000006e6c00000, 0x00000006e6c00000, 0x00000006e7000000|  0%| F|  |TAMS 0x00000006e6c00000, 0x00000006e6c00000| Untracked 
| 151|0x00000006e7000000, 0x00000006e7000000, 0x00000006e7400000|  0%| F|  |TAMS 0x00000006e7000000, 0x00000006e7000000| Untracked 
| 152|0x00000006e7400000, 0x00000006e7400000, 0x00000006e7800000|  0%| F|  |TAMS 0x00000006e7400000, 0x00000006e7400000| Untracked 
| 153|0x00000006e7800000, 0x00000006e7800000, 0x00000006e7c00000|  0%| F|  |TAMS 0x00000006e7800000, 0x00000006e7800000| Untracked 
| 154|0x00000006e7c00000, 0x00000006e7c00000, 0x00000006e8000000|  0%| F|  |TAMS 0x00000006e7c00000, 0x00000006e7c00000| Untracked 
| 155|0x00000006e8000000, 0x00000006e8000000, 0x00000006e8400000|  0%| F|  |TAMS 0x00000006e8000000, 0x00000006e8000000| Untracked 
| 156|0x00000006e8400000, 0x00000006e8400000, 0x00000006e8800000|  0%| F|  |TAMS 0x00000006e8400000, 0x00000006e8400000| Untracked 
| 157|0x00000006e8800000, 0x00000006e8800000, 0x00000006e8c00000|  0%| F|  |TAMS 0x00000006e8800000, 0x00000006e8800000| Untracked 
| 158|0x00000006e8c00000, 0x00000006e8c00000, 0x00000006e9000000|  0%| F|  |TAMS 0x00000006e8c00000, 0x00000006e8c00000| Untracked 
| 159|0x00000006e9000000, 0x00000006e9000000, 0x00000006e9400000|  0%| F|  |TAMS 0x00000006e9000000, 0x00000006e9000000| Untracked 
| 160|0x00000006e9400000, 0x00000006e9400000, 0x00000006e9800000|  0%| F|  |TAMS 0x00000006e9400000, 0x00000006e9400000| Untracked 
| 161|0x00000006e9800000, 0x00000006e9800000, 0x00000006e9c00000|  0%| F|  |TAMS 0x00000006e9800000, 0x00000006e9800000| Untracked 
| 162|0x00000006e9c00000, 0x00000006e9c00000, 0x00000006ea000000|  0%| F|  |TAMS 0x00000006e9c00000, 0x00000006e9c00000| Untracked 
| 163|0x00000006ea000000, 0x00000006ea000000, 0x00000006ea400000|  0%| F|  |TAMS 0x00000006ea000000, 0x00000006ea000000| Untracked 
| 164|0x00000006ea400000, 0x00000006ea400000, 0x00000006ea800000|  0%| F|  |TAMS 0x00000006ea400000, 0x00000006ea400000| Untracked 
| 165|0x00000006ea800000, 0x00000006ea800000, 0x00000006eac00000|  0%| F|  |TAMS 0x00000006ea800000, 0x00000006ea800000| Untracked 
| 166|0x00000006eac00000, 0x00000006eac00000, 0x00000006eb000000|  0%| F|  |TAMS 0x00000006eac00000, 0x00000006eac00000| Untracked 
| 167|0x00000006eb000000, 0x00000006eb000000, 0x00000006eb400000|  0%| F|  |TAMS 0x00000006eb000000, 0x00000006eb000000| Untracked 
| 168|0x00000006eb400000, 0x00000006eb400000, 0x00000006eb800000|  0%| F|  |TAMS 0x00000006eb400000, 0x00000006eb400000| Untracked 
| 169|0x00000006eb800000, 0x00000006eb800000, 0x00000006ebc00000|  0%| F|  |TAMS 0x00000006eb800000, 0x00000006eb800000| Untracked 
| 170|0x00000006ebc00000, 0x00000006ebc00000, 0x00000006ec000000|  0%| F|  |TAMS 0x00000006ebc00000, 0x00000006ebc00000| Untracked 
| 171|0x00000006ec000000, 0x00000006ec000000, 0x00000006ec400000|  0%| F|  |TAMS 0x00000006ec000000, 0x00000006ec000000| Untracked 
| 172|0x00000006ec400000, 0x00000006ec400000, 0x00000006ec800000|  0%| F|  |TAMS 0x00000006ec400000, 0x00000006ec400000| Untracked 
| 173|0x00000006ec800000, 0x00000006ec800000, 0x00000006ecc00000|  0%| F|  |TAMS 0x00000006ec800000, 0x00000006ec800000| Untracked 
| 174|0x00000006ecc00000, 0x00000006ecc00000, 0x00000006ed000000|  0%| F|  |TAMS 0x00000006ecc00000, 0x00000006ecc00000| Untracked 
| 175|0x00000006ed000000, 0x00000006ed000000, 0x00000006ed400000|  0%| F|  |TAMS 0x00000006ed000000, 0x00000006ed000000| Untracked 
| 176|0x00000006ed400000, 0x00000006ed400000, 0x00000006ed800000|  0%| F|  |TAMS 0x00000006ed400000, 0x00000006ed400000| Untracked 
| 177|0x00000006ed800000, 0x00000006ed800000, 0x00000006edc00000|  0%| F|  |TAMS 0x00000006ed800000, 0x00000006ed800000| Untracked 
| 178|0x00000006edc00000, 0x00000006edc00000, 0x00000006ee000000|  0%| F|  |TAMS 0x00000006edc00000, 0x00000006edc00000| Untracked 
| 179|0x00000006ee000000, 0x00000006ee000000, 0x00000006ee400000|  0%| F|  |TAMS 0x00000006ee000000, 0x00000006ee000000| Untracked 
| 180|0x00000006ee400000, 0x00000006ee400000, 0x00000006ee800000|  0%| F|  |TAMS 0x00000006ee400000, 0x00000006ee400000| Untracked 
| 181|0x00000006ee800000, 0x00000006ee800000, 0x00000006eec00000|  0%| F|  |TAMS 0x00000006ee800000, 0x00000006ee800000| Untracked 
| 182|0x00000006eec00000, 0x00000006eec00000, 0x00000006ef000000|  0%| F|  |TAMS 0x00000006eec00000, 0x00000006eec00000| Untracked 
| 183|0x00000006ef000000, 0x00000006ef000000, 0x00000006ef400000|  0%| F|  |TAMS 0x00000006ef000000, 0x00000006ef000000| Untracked 
| 184|0x00000006ef400000, 0x00000006ef400000, 0x00000006ef800000|  0%| F|  |TAMS 0x00000006ef400000, 0x00000006ef400000| Untracked 
| 185|0x00000006ef800000, 0x00000006ef800000, 0x00000006efc00000|  0%| F|  |TAMS 0x00000006ef800000, 0x00000006ef800000| Untracked 
| 186|0x00000006efc00000, 0x00000006efc00000, 0x00000006f0000000|  0%| F|  |TAMS 0x00000006efc00000, 0x00000006efc00000| Untracked 
| 187|0x00000006f0000000, 0x00000006f0000000, 0x00000006f0400000|  0%| F|  |TAMS 0x00000006f0000000, 0x00000006f0000000| Untracked 
| 188|0x00000006f0400000, 0x00000006f0400000, 0x00000006f0800000|  0%| F|  |TAMS 0x00000006f0400000, 0x00000006f0400000| Untracked 
| 189|0x00000006f0800000, 0x00000006f0800000, 0x00000006f0c00000|  0%| F|  |TAMS 0x00000006f0800000, 0x00000006f0800000| Untracked 
| 190|0x00000006f0c00000, 0x00000006f0c00000, 0x00000006f1000000|  0%| F|  |TAMS 0x00000006f0c00000, 0x00000006f0c00000| Untracked 
| 191|0x00000006f1000000, 0x00000006f1000000, 0x00000006f1400000|  0%| F|  |TAMS 0x00000006f1000000, 0x00000006f1000000| Untracked 

Card table byte_map: [0x000002b1451a0000,0x000002b145ba0000] _byte_map_base: 0x000002b141b96000

Marking Bits (Prev, Next): (CMBitMap*) 0x000002b13e850590, (CMBitMap*) 0x000002b13e8505d0
 Prev Bits: [0x000002b1465a0000, 0x000002b14b550000)
 Next Bits: [0x000002b14b550000, 0x000002b150500000)

Polling page: 0x000002b13c600000

Metaspace:

Usage:
  Non-class:     38.98 MB used.
      Class:      5.78 MB used.
       Both:     44.76 MB used.

Virtual space:
  Non-class space:       40.00 MB reserved,      39.19 MB ( 98%) committed,  5 nodes.
      Class space:        1.00 GB reserved,       5.94 MB ( <1%) committed,  1 nodes.
             Both:        1.04 GB reserved,      45.12 MB (  4%) committed. 

Chunk freelists:
   Non-Class:  480.00 KB
       Class:  2.02 MB
        Both:  2.48 MB

MaxMetaspaceSize: unlimited
CompressedClassSpaceSize: 1.00 GB
Initial GC threshold: 21.00 MB
Current GC threshold: 59.19 MB
CDS: off
MetaspaceReclaimPolicy: balanced
 - commit_granule_bytes: 65536.
 - commit_granule_words: 8192.
 - virtual_space_node_default_size: 1048576.
 - enlarge_chunks_in_place: 1.
 - new_chunks_are_fully_committed: 0.
 - uncommit_free_chunks: 1.
 - use_allocation_guard: 0.
 - handle_deallocations: 1.


Internal statistics:

num_allocs_failed_limit: 10.
num_arena_births: 524.
num_arena_deaths: 0.
num_vsnodes_births: 6.
num_vsnodes_deaths: 0.
num_space_committed: 722.
num_space_uncommitted: 0.
num_chunks_returned_to_freelist: 10.
num_chunks_taken_from_freelist: 1845.
num_chunk_merges: 10.
num_chunk_splits: 1272.
num_chunks_enlarged: 931.
num_purges: 0.
num_inconsistent_stats: 0.

CodeCache: size=49152Kb used=11111Kb max_used=11111Kb free=38040Kb
 bounds [0x000002b141460000, 0x000002b141f40000, 0x000002b144460000]
 total_blobs=5408 nmethods=4804 adapters=528
 compilation: enabled
              stopped_count=0, restarted_count=0
 full_count=0

Compilation events (20 events):
Event: 4.711 Thread 0x000002b154bf0050 4795   !   1       java.util.regex.Pattern::<init> (146 bytes)
Event: 4.711 Thread 0x000002b153e62a50 4796       1       org.springframework.ide.vscode.commons.java.Version::compareTo (9 bytes)
Event: 4.711 Thread 0x000002b153e62a50 nmethod 4796 0x000002b141f36510 code [0x000002b141f366a0, 0x000002b141f367a8]
Event: 4.711 Thread 0x000002b153e62a50 4797       1       org.springframework.ide.vscode.commons.java.Version::compareTo (52 bytes)
Event: 4.711 Thread 0x000002b153e62a50 nmethod 4797 0x000002b141f36890 code [0x000002b141f36a20, 0x000002b141f36b78]
Event: 4.712 Thread 0x000002b153e5bd30 4798       1       org.springframework.ide.vscode.commons.java.Version::getMajor (5 bytes)
Event: 4.712 Thread 0x000002b153e62a50 4799       1       org.springframework.ide.vscode.commons.java.Version::getMinor (5 bytes)
Event: 4.712 Thread 0x000002b153e5bd30 nmethod 4798 0x000002b141f36c10 code [0x000002b141f36da0, 0x000002b141f36e78]
Event: 4.712 Thread 0x000002b153e62a50 nmethod 4799 0x000002b141f36f10 code [0x000002b141f370a0, 0x000002b141f37178]
Event: 4.715 Thread 0x000002b154bf0050 nmethod 4795 0x000002b141f37210 code [0x000002b141f37460, 0x000002b141f37d58]
Event: 4.715 Thread 0x000002b153c53b10 4800       1       com.google.gson.internal.bind.ReflectiveTypeAdapterFactory$1::write (93 bytes)
Event: 4.715 Thread 0x000002b154bf0050 4801       1       jdk.internal.reflect.UnsafeObjectFieldAccessorImpl::get (17 bytes)
Event: 4.715 Thread 0x000002b153e62a50 4802       1       com.google.gson.internal.bind.TypeAdapterRuntimeTypeWrapper::write (81 bytes)
Event: 4.715 Thread 0x000002b153e5bd30 4803       1       com.google.gson.internal.bind.TypeAdapterRuntimeTypeWrapper::getRuntimeTypeIfMoreSpecific (31 bytes)
Event: 4.715 Thread 0x000002b154bf0050 nmethod 4801 0x000002b141f38110 code [0x000002b141f382e0, 0x000002b141f385f8]
Event: 4.715 Thread 0x000002b153c53b10 nmethod 4800 0x000002b141f38810 code [0x000002b141f38a20, 0x000002b141f38ea8]
Event: 4.715 Thread 0x000002b153e5bd30 nmethod 4803 0x000002b141f39090 code [0x000002b141f39220, 0x000002b141f393d8]
Event: 4.716 Thread 0x000002b153e62a50 nmethod 4802 0x000002b141f39490 code [0x000002b141f39660, 0x000002b141f39a08]
Event: 4.716 Thread 0x000002b153e5bd30 4804       1       java.math.BigDecimal::<init> (27 bytes)
Event: 4.716 Thread 0x000002b153e5bd30 nmethod 4804 0x000002b141f39b90 code [0x000002b141f39d20, 0x000002b141f39e38]

GC Heap History (20 events):
Event: 3.079 GC heap after
{Heap after GC invocations=15 (full 0):
 garbage-first heap   total 176128K, used 69487K [0x00000006c1400000, 0x0000000800000000)
  region size 4096K, 3 young (12288K), 3 survivors (12288K)
 Metaspace       used 41277K, committed 41728K, reserved 1089536K
  class space    used 5315K, committed 5504K, reserved 1048576K
}
Event: 3.102 GC heap before
{Heap before GC invocations=15 (full 0):
 garbage-first heap   total 176128K, used 114543K [0x00000006c1400000, 0x0000000800000000)
  region size 4096K, 15 young (61440K), 3 survivors (12288K)
 Metaspace       used 41320K, committed 41792K, reserved 1089536K
  class space    used 5322K, committed 5568K, reserved 1048576K
}
Event: 3.112 GC heap after
{Heap after GC invocations=16 (full 0):
 garbage-first heap   total 176128K, used 72364K [0x00000006c1400000, 0x0000000800000000)
  region size 4096K, 1 young (4096K), 1 survivors (4096K)
 Metaspace       used 41320K, committed 41792K, reserved 1089536K
  class space    used 5322K, committed 5568K, reserved 1048576K
}
Event: 3.130 GC heap before
{Heap before GC invocations=16 (full 0):
 garbage-first heap   total 176128K, used 121516K [0x00000006c1400000, 0x0000000800000000)
  region size 4096K, 14 young (57344K), 1 survivors (4096K)
 Metaspace       used 41482K, committed 41920K, reserved 1089536K
  class space    used 5348K, committed 5568K, reserved 1048576K
}
Event: 3.133 GC heap after
{Heap after GC invocations=17 (full 0):
 garbage-first heap   total 393216K, used 73850K [0x00000006c1400000, 0x0000000800000000)
  region size 4096K, 2 young (8192K), 2 survivors (8192K)
 Metaspace       used 41482K, committed 41920K, reserved 1089536K
  class space    used 5348K, committed 5568K, reserved 1048576K
}
Event: 3.199 GC heap before
{Heap before GC invocations=17 (full 0):
 garbage-first heap   total 393216K, used 241786K [0x00000006c1400000, 0x0000000800000000)
  region size 4096K, 44 young (180224K), 2 survivors (8192K)
 Metaspace       used 41779K, committed 42240K, reserved 1089536K
  class space    used 5384K, committed 5568K, reserved 1048576K
}
Event: 3.205 GC heap after
{Heap after GC invocations=18 (full 0):
 garbage-first heap   total 393216K, used 81128K [0x00000006c1400000, 0x0000000800000000)
  region size 4096K, 3 young (12288K), 3 survivors (12288K)
 Metaspace       used 41779K, committed 42240K, reserved 1089536K
  class space    used 5384K, committed 5568K, reserved 1048576K
}
Event: 3.267 GC heap before
{Heap before GC invocations=18 (full 0):
 garbage-first heap   total 393216K, used 294120K [0x00000006c1400000, 0x0000000800000000)
  region size 4096K, 56 young (229376K), 3 survivors (12288K)
 Metaspace       used 41945K, committed 42432K, reserved 1089536K
  class space    used 5402K, committed 5632K, reserved 1048576K
}
Event: 3.274 GC heap after
{Heap after GC invocations=19 (full 0):
 garbage-first heap   total 393216K, used 90177K [0x00000006c1400000, 0x0000000800000000)
  region size 4096K, 6 young (24576K), 6 survivors (24576K)
 Metaspace       used 41945K, committed 42432K, reserved 1089536K
  class space    used 5402K, committed 5632K, reserved 1048576K
}
Event: 3.340 GC heap before
{Heap before GC invocations=19 (full 0):
 garbage-first heap   total 393216K, used 294977K [0x00000006c1400000, 0x0000000800000000)
  region size 4096K, 57 young (233472K), 6 survivors (24576K)
 Metaspace       used 42156K, committed 42688K, reserved 1089536K
  class space    used 5441K, committed 5696K, reserved 1048576K
}
Event: 3.350 GC heap after
{Heap after GC invocations=20 (full 0):
 garbage-first heap   total 393216K, used 99026K [0x00000006c1400000, 0x0000000800000000)
  region size 4096K, 7 young (28672K), 7 survivors (28672K)
 Metaspace       used 42156K, committed 42688K, reserved 1089536K
  class space    used 5441K, committed 5696K, reserved 1048576K
}
Event: 3.417 GC heap before
{Heap before GC invocations=20 (full 0):
 garbage-first heap   total 393216K, used 299730K [0x00000006c1400000, 0x0000000800000000)
  region size 4096K, 57 young (233472K), 7 survivors (28672K)
 Metaspace       used 42971K, committed 43456K, reserved 1089536K
  class space    used 5530K, committed 5760K, reserved 1048576K
}
Event: 3.432 GC heap after
{Heap after GC invocations=21 (full 0):
 garbage-first heap   total 786432K, used 106864K [0x00000006c1400000, 0x0000000800000000)
  region size 4096K, 5 young (20480K), 5 survivors (20480K)
 Metaspace       used 42971K, committed 43456K, reserved 1089536K
  class space    used 5530K, committed 5760K, reserved 1048576K
}
Event: 3.596 GC heap before
{Heap before GC invocations=21 (full 0):
 garbage-first heap   total 786432K, used 553328K [0x00000006c1400000, 0x0000000800000000)
  region size 4096K, 115 young (471040K), 5 survivors (20480K)
 Metaspace       used 43326K, committed 43776K, reserved 1089536K
  class space    used 5584K, committed 5760K, reserved 1048576K
}
Event: 3.610 GC heap after
{Heap after GC invocations=22 (full 0):
 garbage-first heap   total 786432K, used 130447K [0x00000006c1400000, 0x0000000800000000)
  region size 4096K, 11 young (45056K), 11 survivors (45056K)
 Metaspace       used 43326K, committed 43776K, reserved 1089536K
  class space    used 5584K, committed 5760K, reserved 1048576K
}
Event: 3.923 GC heap before
{Heap before GC invocations=22 (full 0):
 garbage-first heap   total 786432K, used 552335K [0x00000006c1400000, 0x0000000800000000)
  region size 4096K, 115 young (471040K), 11 survivors (45056K)
 Metaspace       used 44480K, committed 44864K, reserved 1089536K
  class space    used 5755K, committed 5952K, reserved 1048576K
}
Event: 3.944 GC heap after
{Heap after GC invocations=23 (full 0):
 garbage-first heap   total 786432K, used 152828K [0x00000006c1400000, 0x0000000800000000)
  region size 4096K, 12 young (49152K), 12 survivors (49152K)
 Metaspace       used 44480K, committed 44864K, reserved 1089536K
  class space    used 5755K, committed 5952K, reserved 1048576K
}
Event: 4.349 GC heap before
{Heap before GC invocations=23 (full 0):
 garbage-first heap   total 786432K, used 570620K [0x00000006c1400000, 0x0000000800000000)
  region size 4096K, 115 young (471040K), 12 survivors (49152K)
 Metaspace       used 45208K, committed 45632K, reserved 1089536K
  class space    used 5855K, committed 6016K, reserved 1048576K
}
Event: 4.370 GC heap after
{Heap after GC invocations=24 (full 0):
 garbage-first heap   total 786432K, used 174497K [0x00000006c1400000, 0x0000000800000000)
  region size 4096K, 11 young (45056K), 11 survivors (45056K)
 Metaspace       used 45208K, committed 45632K, reserved 1089536K
  class space    used 5855K, committed 6016K, reserved 1048576K
}
Event: 4.754 GC heap before
{Heap before GC invocations=24 (full 0):
 garbage-first heap   total 786432K, used 596385K [0x00000006c1400000, 0x0000000800000000)
  region size 4096K, 115 young (471040K), 11 survivors (45056K)
 Metaspace       used 45839K, committed 46208K, reserved 1089536K
  class space    used 5921K, committed 6080K, reserved 1048576K
}

Dll operation events (9 events):
Event: 0.006 Loaded shared library c:\Users\losni\.vscode\extensions\redhat.java-1.13.0-win32-x64\jre\17.0.5-win32-x86_64\bin\java.dll
Event: 0.165 Loaded shared library C:\Users\losni\.vscode\extensions\redhat.java-1.13.0-win32-x64\jre\17.0.5-win32-x86_64\bin\net.dll
Event: 0.166 Loaded shared library C:\Users\losni\.vscode\extensions\redhat.java-1.13.0-win32-x64\jre\17.0.5-win32-x86_64\bin\nio.dll
Event: 0.173 Loaded shared library C:\Users\losni\.vscode\extensions\redhat.java-1.13.0-win32-x64\jre\17.0.5-win32-x86_64\bin\zip.dll
Event: 0.297 Loaded shared library C:\Users\losni\.vscode\extensions\redhat.java-1.13.0-win32-x64\jre\17.0.5-win32-x86_64\bin\jimage.dll
Event: 0.391 Loaded shared library c:\Users\losni\.vscode\extensions\redhat.java-1.13.0-win32-x64\jre\17.0.5-win32-x86_64\bin\verify.dll
Event: 2.151 Loaded shared library C:\Users\losni\.vscode\extensions\redhat.java-1.13.0-win32-x64\jre\17.0.5-win32-x86_64\bin\management.dll
Event: 2.153 Loaded shared library C:\Users\losni\.vscode\extensions\redhat.java-1.13.0-win32-x64\jre\17.0.5-win32-x86_64\bin\management_ext.dll
Event: 3.021 Loaded shared library C:\Users\losni\.vscode\extensions\redhat.java-1.13.0-win32-x64\jre\17.0.5-win32-x86_64\bin\sunmscapi.dll

Deoptimization events (12 events):
Event: 1.191 Thread 0x000002b13e7da3c0 DEOPT PACKING pc=0x000002b141a08379 sp=0x000000d5932fd2c0
Event: 1.191 Thread 0x000002b13e7da3c0 DEOPT UNPACKING pc=0x000002b1414b2b43 sp=0x000000d5932fc7a0 mode 3
Event: 2.349 Thread 0x000002b1554a49e0 DEOPT PACKING pc=0x000002b141c2606d sp=0x000000d5956fdc10
Event: 2.349 Thread 0x000002b1554a49e0 DEOPT UNPACKING pc=0x000002b1414b2b43 sp=0x000000d5956fd138 mode 3
Event: 2.451 Thread 0x000002b1554ebd80 DEOPT PACKING pc=0x000002b141c49f93 sp=0x000000d5958fe1f0
Event: 2.451 Thread 0x000002b1554ebd80 DEOPT UNPACKING pc=0x000002b1414b2b43 sp=0x000000d5958fd738 mode 3
Event: 2.469 Thread 0x000002b154e78ae0 DEOPT PACKING pc=0x000002b141a09389 sp=0x000000d5955fd7d0
Event: 2.469 Thread 0x000002b154e78ae0 DEOPT UNPACKING pc=0x000002b1414b2b43 sp=0x000000d5955fcc60 mode 3
Event: 2.926 Thread 0x000002b15563a660 DEOPT PACKING pc=0x000002b141a04a1f sp=0x000000d5969fed40
Event: 2.926 Thread 0x000002b15563a660 DEOPT UNPACKING pc=0x000002b1414b2b43 sp=0x000000d5969fe198 mode 3
Event: 3.016 Thread 0x000002b155634af0 DEOPT PACKING pc=0x000002b1416e24ac sp=0x000000d5971fe340
Event: 3.016 Thread 0x000002b155634af0 DEOPT UNPACKING pc=0x000002b1414b2b43 sp=0x000000d5971fd808 mode 0

Classes unloaded (0 events):
No events

Classes redefined (0 events):
No events

Internal exceptions (20 events):
Event: 4.522 Thread 0x000002b155637640 Exception <a 'sun/nio/fs/WindowsException'{0x00000006e6297980}> (0x00000006e6297980) 
thrown [s\src\hotspot\share\prims\jni.cpp, line 516]
Event: 4.522 Thread 0x000002b155637640 Exception <a 'sun/nio/fs/WindowsException'{0x00000006e6297db8}> (0x00000006e6297db8) 
thrown [s\src\hotspot\share\prims\jni.cpp, line 516]
Event: 4.523 Thread 0x000002b1556367d0 Exception <a 'sun/nio/fs/WindowsException'{0x00000006e6249c18}> (0x00000006e6249c18) 
thrown [s\src\hotspot\share\prims\jni.cpp, line 516]
Event: 4.523 Thread 0x000002b1556367d0 Exception <a 'sun/nio/fs/WindowsException'{0x00000006e624a038}> (0x00000006e624a038) 
thrown [s\src\hotspot\share\prims\jni.cpp, line 516]
Event: 4.526 Thread 0x000002b1555a4150 Exception <a 'sun/nio/fs/WindowsException'{0x00000006e599eed0}> (0x00000006e599eed0) 
thrown [s\src\hotspot\share\prims\jni.cpp, line 516]
Event: 4.526 Thread 0x000002b1555a4150 Exception <a 'sun/nio/fs/WindowsException'{0x00000006e599f320}> (0x00000006e599f320) 
thrown [s\src\hotspot\share\prims\jni.cpp, line 516]
Event: 4.526 Thread 0x000002b155637640 Exception <a 'sun/nio/fs/WindowsException'{0x00000006e58a40d0}> (0x00000006e58a40d0) 
thrown [s\src\hotspot\share\prims\jni.cpp, line 516]
Event: 4.526 Thread 0x000002b155637640 Exception <a 'sun/nio/fs/WindowsException'{0x00000006e58a4520}> (0x00000006e58a4520) 
thrown [s\src\hotspot\share\prims\jni.cpp, line 516]
Event: 4.526 Thread 0x000002b155634150 Exception <a 'sun/nio/fs/WindowsException'{0x00000006e5963218}> (0x00000006e5963218) 
thrown [s\src\hotspot\share\prims\jni.cpp, line 516]
Event: 4.526 Thread 0x000002b1555a5960 Exception <a 'sun/nio/fs/WindowsException'{0x00000006e5c6a6b0}> (0x00000006e5c6a6b0) 
thrown [s\src\hotspot\share\prims\jni.cpp, line 516]
Event: 4.526 Thread 0x000002b155634150 Exception <a 'sun/nio/fs/WindowsException'{0x00000006e5963668}> (0x00000006e5963668) 
thrown [s\src\hotspot\share\prims\jni.cpp, line 516]
Event: 4.526 Thread 0x000002b1555a5960 Exception <a 'sun/nio/fs/WindowsException'{0x00000006e5c6ab18}> (0x00000006e5c6ab18) 
thrown [s\src\hotspot\share\prims\jni.cpp, line 516]
Event: 4.526 Thread 0x000002b1555a5e30 Exception <a 'sun/nio/fs/WindowsException'{0x00000006e5d7a718}> (0x00000006e5d7a718) 
thrown [s\src\hotspot\share\prims\jni.cpp, line 516]
Event: 4.526 Thread 0x000002b1555a5e30 Exception <a 'sun/nio/fs/WindowsException'{0x00000006e5d7abb8}> (0x00000006e5d7abb8) 
thrown [s\src\hotspot\share\prims\jni.cpp, line 516]
Event: 4.527 Thread 0x000002b1555a67d0 Exception <a 'sun/nio/fs/WindowsException'{0x00000006e5dd9eb0}> (0x00000006e5dd9eb0) 
thrown [s\src\hotspot\share\prims\jni.cpp, line 516]
Event: 4.527 Thread 0x000002b1555a67d0 Exception <a 'sun/nio/fs/WindowsException'{0x00000006e5dda350}> (0x00000006e5dda350) 
thrown [s\src\hotspot\share\prims\jni.cpp, line 516]
Event: 4.533 Thread 0x000002b155637640 Exception <a 'sun/nio/fs/WindowsException'{0x00000006e517f8d0}> (0x00000006e517f8d0) 
thrown [s\src\hotspot\share\prims\jni.cpp, line 516]
Event: 4.533 Thread 0x000002b155637640 Exception <a 'sun/nio/fs/WindowsException'{0x00000006e517fd80}> (0x00000006e517fd80) 
thrown [s\src\hotspot\share\prims\jni.cpp, line 516]
Event: 4.569 Thread 0x000002b1555a4150 Exception <a 'sun/nio/fs/WindowsException'{0x00000006e3abf2f8}> (0x00000006e3abf2f8) 
thrown [s\src\hotspot\share\prims\jni.cpp, line 516]
Event: 4.569 Thread 0x000002b1555a4150 Exception <a 'sun/nio/fs/WindowsException'{0x00000006e3abf778}> (0x00000006e3abf778) 
thrown [s\src\hotspot\share\prims\jni.cpp, line 516]

VM Operations (20 events):
Event: 3.350 Executing VM operation: G1CollectForAllocation done
Event: 3.402 Executing VM operation: G1CollectForAllocation
Event: 3.417 Executing VM operation: G1CollectForAllocation done
Event: 3.417 Executing VM operation: G1CollectForAllocation
Event: 3.434 Executing VM operation: G1CollectForAllocation done
Event: 3.579 Executing VM operation: G1CollectForAllocation
Event: 3.596 Executing VM operation: G1CollectForAllocation done
Event: 3.596 Executing VM operation: G1CollectForAllocation
Event: 3.610 Executing VM operation: G1CollectForAllocation done
Event: 3.788 Executing VM operation: HandshakeAllThreads
Event: 3.788 Executing VM operation: HandshakeAllThreads done
Event: 3.923 Executing VM operation: G1CollectForAllocation
Event: 3.947 Executing VM operation: G1CollectForAllocation done
Event: 4.349 Executing VM operation: G1CollectForAllocation
Event: 4.370 Executing VM operation: G1CollectForAllocation done
Event: 4.580 Executing VM operation: HandshakeAllThreads
Event: 4.580 Executing VM operation: HandshakeAllThreads done
Event: 4.754 Executing VM operation: G1CollectForAllocation
Event: 4.754 Executing VM operation: G1CollectForAllocation done
Event: 4.754 Executing VM operation: G1CollectForAllocation

Events (20 events):
Event: 4.208 loading class sun/net/www/protocol/http/AuthCache
Event: 4.208 loading class sun/net/www/protocol/http/AuthCache done
Event: 4.208 loading class sun/net/www/protocol/http/AuthCacheImpl done
Event: 4.545 loading class sun/net/www/HeaderParser
Event: 4.545 loading class sun/net/www/HeaderParser done
Event: 4.545 loading class sun/net/www/http/ChunkedInputStream
Event: 4.545 loading class sun/net/www/http/Hurryable
Event: 4.545 loading class sun/net/www/http/Hurryable done
Event: 4.545 loading class sun/net/www/http/ChunkedInputStream done
Event: 4.545 loading class sun/net/www/protocol/http/HttpURLConnection$HttpInputStream
Event: 4.545 loading class sun/net/www/protocol/http/HttpURLConnection$HttpInputStream done
Event: 4.703 loading class java/io/OutputStream$1
Event: 4.703 loading class java/io/OutputStream$1 done
Event: 4.704 loading class sun/net/www/http/KeepAliveCache$1
Event: 4.704 loading class sun/net/www/http/KeepAliveCache$1 done
Event: 4.704 Thread 0x000002b158a47a80 Thread added: 0x000002b158a47a80
Event: 4.704 loading class sun/net/www/http/ClientVector
Event: 4.704 loading class sun/net/www/http/ClientVector done
Event: 4.704 loading class sun/net/www/http/KeepAliveEntry
Event: 4.704 loading class sun/net/www/http/KeepAliveEntry done


Dynamic libraries:
0x00007ff6a9ce0000 - 0x00007ff6a9cee000 	c:\Users\losni\.vscode\extensions\redhat.java-1.13.0-win32-x64\jre\17.0.5-win32-x86_64\bin\java.exe
0x00007ff8a0570000 - 0x00007ff8a0768000 	C:\Windows\SYSTEM32\ntdll.dll
0x00007ff8a0470000 - 0x00007ff8a052f000 	C:\Windows\System32\KERNEL32.DLL
0x00007ff89de90000 - 0x00007ff89e162000 	C:\Windows\System32\KERNELBASE.dll
0x00007ff89dd00000 - 0x00007ff89de00000 	C:\Windows\System32\ucrtbase.dll
0x00007fffdcfb0000 - 0x00007fffdcfc9000 	c:\Users\losni\.vscode\extensions\redhat.java-1.13.0-win32-x64\jre\17.0.5-win32-x86_64\bin\VCRUNTIME140.dll
0x00007fffe3ed0000 - 0x00007fffe3ee7000 	c:\Users\losni\.vscode\extensions\redhat.java-1.13.0-win32-x64\jre\17.0.5-win32-x86_64\bin\jli.dll
0x00007ff89fc00000 - 0x00007ff89fda1000 	C:\Windows\System32\USER32.dll
0x00007ff887a40000 - 0x00007ff887cda000 	C:\Windows\WinSxS\amd64_microsoft.windows.common-controls_6595b64144ccf1df_6.0.19041.1110_none_60b5254171f9507e\COMCTL32.dll
0x00007ff89e580000 - 0x00007ff89e5a2000 	C:\Windows\System32\win32u.dll
0x00007ff89f000000 - 0x00007ff89f09e000 	C:\Windows\System32\msvcrt.dll
0x00007ff89fdb0000 - 0x00007ff89fddb000 	C:\Windows\System32\GDI32.dll
0x00007ff89e220000 - 0x00007ff89e32f000 	C:\Windows\System32\gdi32full.dll
0x00007ff89dc60000 - 0x00007ff89dcfd000 	C:\Windows\System32\msvcp_win.dll
0x00007ff89f0a0000 - 0x00007ff89f0d2000 	C:\Windows\System32\IMM32.DLL
0x00007ff8734e0000 - 0x00007ff8734ec000 	c:\Users\losni\.vscode\extensions\redhat.java-1.13.0-win32-x64\jre\17.0.5-win32-x86_64\bin\vcruntime140_1.dll
0x00007fffdcf10000 - 0x00007fffdcfa1000 	c:\Users\losni\.vscode\extensions\redhat.java-1.13.0-win32-x64\jre\17.0.5-win32-x86_64\bin\msvcp140.dll
0x00007fffdc2c0000 - 0x00007fffdcf04000 	c:\Users\losni\.vscode\extensions\redhat.java-1.13.0-win32-x64\jre\17.0.5-win32-x86_64\bin\server\jvm.dll
0x00007ff89f5b0000 - 0x00007ff89f65e000 	C:\Windows\System32\ADVAPI32.dll
0x00007ff89f510000 - 0x00007ff89f5ac000 	C:\Windows\System32\sechost.dll
0x00007ff89e5b0000 - 0x00007ff89e6d5000 	C:\Windows\System32\RPCRT4.dll
0x00007ff888d10000 - 0x00007ff888d19000 	C:\Windows\SYSTEM32\WSOCK32.dll
0x00007ff8935f0000 - 0x00007ff893617000 	C:\Windows\SYSTEM32\WINMM.dll
0x00007ff896200000 - 0x00007ff89620a000 	C:\Windows\SYSTEM32\VERSION.dll
0x00007ff89fb90000 - 0x00007ff89fbfb000 	C:\Windows\System32\WS2_32.dll
0x00007ff89c4d0000 - 0x00007ff89c4e2000 	C:\Windows\SYSTEM32\kernel.appcore.dll
0x00007ff869320000 - 0x00007ff86932a000 	c:\Users\losni\.vscode\extensions\redhat.java-1.13.0-win32-x64\jre\17.0.5-win32-x86_64\bin\jimage.dll
0x00007ff89b9a0000 - 0x00007ff89bb84000 	C:\Windows\SYSTEM32\DBGHELP.DLL
0x00007ff8875b0000 - 0x00007ff8875e5000 	C:\Windows\SYSTEM32\dbgcore.DLL
0x00007ff89de00000 - 0x00007ff89de82000 	C:\Windows\System32\bcryptPrimitives.dll
0x00007fffdc290000 - 0x00007fffdc2b5000 	c:\Users\losni\.vscode\extensions\redhat.java-1.13.0-win32-x64\jre\17.0.5-win32-x86_64\bin\java.dll
0x00007fffdc270000 - 0x00007fffdc288000 	c:\Users\losni\.vscode\extensions\redhat.java-1.13.0-win32-x64\jre\17.0.5-win32-x86_64\bin\zip.dll
0x00007ff89e880000 - 0x00007ff89efc4000 	C:\Windows\System32\SHELL32.dll
0x00007ff89bb90000 - 0x00007ff89c322000 	C:\Windows\SYSTEM32\windows.storage.dll
0x00007ff89f660000 - 0x00007ff89f9b5000 	C:\Windows\System32\combase.dll
0x00007ff89d5e0000 - 0x00007ff89d610000 	C:\Windows\SYSTEM32\Wldp.dll
0x00007ff89fae0000 - 0x00007ff89fb8d000 	C:\Windows\System32\SHCORE.dll
0x00007ff89e760000 - 0x00007ff89e7b5000 	C:\Windows\System32\shlwapi.dll
0x00007ff89dba0000 - 0x00007ff89dbbf000 	C:\Windows\SYSTEM32\profapi.dll
0x00007fffdc250000 - 0x00007fffdc269000 	C:\Users\losni\.vscode\extensions\redhat.java-1.13.0-win32-x64\jre\17.0.5-win32-x86_64\bin\net.dll
0x00007ff8960c0000 - 0x00007ff8961cc000 	C:\Windows\SYSTEM32\WINHTTP.dll
0x00007ff89d340000 - 0x00007ff89d3aa000 	C:\Windows\system32\mswsock.dll
0x00007fffdc230000 - 0x00007fffdc245000 	C:\Users\losni\.vscode\extensions\redhat.java-1.13.0-win32-x64\jre\17.0.5-win32-x86_64\bin\nio.dll
0x00007ff846030000 - 0x00007ff846040000 	c:\Users\losni\.vscode\extensions\redhat.java-1.13.0-win32-x64\jre\17.0.5-win32-x86_64\bin\verify.dll
0x00007ff89d530000 - 0x00007ff89d548000 	C:\Windows\SYSTEM32\CRYPTSP.dll
0x00007ff89cc60000 - 0x00007ff89cc94000 	C:\Windows\system32\rsaenh.dll
0x00007ff89e380000 - 0x00007ff89e3a7000 	C:\Windows\System32\bcrypt.dll
0x00007ff89db20000 - 0x00007ff89db4e000 	C:\Windows\SYSTEM32\USERENV.dll
0x00007ff89d550000 - 0x00007ff89d55c000 	C:\Windows\SYSTEM32\CRYPTBASE.dll
0x00007ff89d030000 - 0x00007ff89d06b000 	C:\Windows\SYSTEM32\IPHLPAPI.DLL
0x00007ff89efd0000 - 0x00007ff89efd8000 	C:\Windows\System32\NSI.dll
0x00007ff8975d0000 - 0x00007ff8975e7000 	C:\Windows\SYSTEM32\dhcpcsvc6.DLL
0x00007ff8975b0000 - 0x00007ff8975cd000 	C:\Windows\SYSTEM32\dhcpcsvc.DLL
0x00007ff89d070000 - 0x00007ff89d13a000 	C:\Windows\SYSTEM32\DNSAPI.dll
0x00007ff887150000 - 0x00007ff887159000 	C:\Users\losni\.vscode\extensions\redhat.java-1.13.0-win32-x64\jre\17.0.5-win32-x86_64\bin\management.dll
0x00007ff8870f0000 - 0x00007ff8870fb000 	C:\Users\losni\.vscode\extensions\redhat.java-1.13.0-win32-x64\jre\17.0.5-win32-x86_64\bin\management_ext.dll
0x00007ff89f210000 - 0x00007ff89f218000 	C:\Windows\System32\PSAPI.DLL
0x00007ff873540000 - 0x00007ff87354e000 	C:\Users\losni\.vscode\extensions\redhat.java-1.13.0-win32-x64\jre\17.0.5-win32-x86_64\bin\sunmscapi.dll
0x00007ff89e3b0000 - 0x00007ff89e506000 	C:\Windows\System32\CRYPT32.dll
0x00007ff89d650000 - 0x00007ff89d677000 	C:\Windows\SYSTEM32\ncrypt.dll
0x00007ff89d610000 - 0x00007ff89d64b000 	C:\Windows\SYSTEM32\NTASN1.dll
0x00007ff894f80000 - 0x00007ff894f8a000 	C:\Windows\System32\rasadhlp.dll
0x00007ff894b90000 - 0x00007ff894c10000 	C:\Windows\System32\fwpuclnt.dll

dbghelp: loaded successfully - version: 4.0.5 - missing functions: none
symbol engine: initialized successfully - sym options: 0x614 - pdb path: .;c:\Users\losni\.vscode\extensions\redhat.java-1.13.0-win32-x64\jre\17.0.5-win32-x86_64\bin;C:\Windows\SYSTEM32;C:\Windows\WinSxS\amd64_microsoft.windows.common-controls_6595b64144ccf1df_6.0.19041.1110_none_60b5254171f9507e;c:\Users\losni\.vscode\extensions\redhat.java-1.13.0-win32-x64\jre\17.0.5-win32-x86_64\bin\server

VM Arguments:
jvm_args: -Dsts.lsp.client=vscode -Dsts.log.file=/dev/null -XX:TieredStopAtLevel=1 -Xlog:jni+resolve=off -Dspring.config.location=file:c:\Users\losni\.vscode\extensions\pivotal.vscode-spring-boot-1.43.0\language-server\BOOT-INF\classes\application.properties 
java_command: org.springframework.ide.vscode.boot.app.BootLanguageServerBootApp
java_class_path (initial): c:\Users\losni\.vscode\extensions\pivotal.vscode-spring-boot-1.43.0\language-server\BOOT-INF\classes;c:\Users\losni\.vscode\extensions\pivotal.vscode-spring-boot-1.43.0\language-server\BOOT-INF\lib\annotations-23.1.0.jar;c:\Users\losni\.vscode\extensions\pivotal.vscode-spring-boot-1.43.0\language-server\BOOT-INF\lib\ant-1.10.12.jar;c:\Users\losni\.vscode\extensions\pivotal.vscode-spring-boot-1.43.0\language-server\BOOT-INF\lib\ant-launcher-1.10.12.jar;c:\Users\losni\.vscode\extensions\pivotal.vscode-spring-boot-1.43.0\language-server\BOOT-INF\lib\antlr-runtime-3.5.2.jar;c:\Users\losni\.vscode\extensions\pivotal.vscode-spring-boot-1.43.0\language-server\BOOT-INF\lib\antlr4-4.9.3.jar;c:\Users\losni\.vscode\extensions\pivotal.vscode-spring-boot-1.43.0\language-server\BOOT-INF\lib\antlr4-runtime-4.9.3.jar;c:\Users\losni\.vscode\extensions\pivotal.vscode-spring-boot-1.43.0\language-server\BOOT-INF\lib\apiguardian-api-1.1.2.jar;c:\Users\losni\.vscode\extensions\pivotal.vscode-spring-boot-1.43.0\language-server\BOOT-INF\lib\asm-9.4.jar;c:\Users\losni\.vscode\extensions\pivotal.vscode-spring-boot-1.43.0\language-server\BOOT-INF\lib\asm-analysis-9.4.jar;c:\Users\losni\.vscode\extensions\pivotal.vscode-spring-boot-1.43.0\language-server\BOOT-INF\lib\asm-tree-9.4.jar;c:\Users\losni\.vscode\extensions\pivotal.vscode-spring-boot-1.43.0\language-server\BOOT-INF\lib\asm-util-9.4.jar;c:\Users\losni\.vscode\extensions\pivotal.vscode-spring-boot-1.43.0\language-server\BOOT-INF\lib\caffeine-3.1.2.jar;c:\Users\losni\.vscode\extensions\pivotal.vscode-spring-boot-1.43.0\language-server\BOOT-INF\lib\checker-qual-3.12.0.jar;c:\Users\losni\.vscode\extensions\pivotal.vscode-spring-boot-1.43.0\language-server\BOOT-INF\lib\ci-environment-9.1.0.jar;c:\Users\losni\.vscode\extensions\pivotal.vscode-spring-boot-1.43.0\language-server\BOOT-INF\lib\classgraph-4.8.149.jar;c:\Users\losni\.vscode\extensions\pivotal.vscode-spring-boot-1.43.0\language-server\BOOT-INF\lib\comm
Launcher Type: SUN_STANDARD

[Global flags]
     intx CICompilerCount                          = 4                                         {product} {ergonomic}
     uint ConcGCThreads                            = 3                                         {product} {ergonomic}
     uint G1ConcRefinementThreads                  = 10                                        {product} {ergonomic}
   size_t G1HeapRegionSize                         = 4194304                                   {product} {ergonomic}
    uintx GCDrainStackTargetSize                   = 64                                        {product} {ergonomic}
   size_t InitialHeapSize                          = 335544320                                 {product} {ergonomic}
   size_t MarkStackSize                            = 4194304                                   {product} {ergonomic}
   size_t MaxHeapSize                              = 5347737600                                {product} {ergonomic}
   size_t MaxNewSize                               = 3208642560                                {product} {ergonomic}
   size_t MinHeapDeltaBytes                        = 4194304                                   {product} {ergonomic}
   size_t MinHeapSize                              = 8388608                                   {product} {ergonomic}
    uintx NonProfiledCodeHeapSize                  = 0                                      {pd product} {ergonomic}
     bool ProfileInterpreter                       = false                                  {pd product} {command line}
    uintx ProfiledCodeHeapSize                     = 0                                      {pd product} {ergonomic}
   size_t SoftMaxHeapSize                          = 5347737600                             {manageable} {ergonomic}
     intx TieredStopAtLevel                        = 1                                         {product} {command line}
     bool UseCompressedClassPointers               = true                           {product lp64_product} {ergonomic}
     bool UseCompressedOops                        = true                           {product lp64_product} {ergonomic}
     bool UseG1GC                                  = true                                      {product} {ergonomic}
     bool UseLargePagesIndividualAllocation        = false                                  {pd product} {ergonomic}

Logging:
Log output configuration:
 #0: stdout all=warning,jni+resolve=off uptime,level,tags
 #1: stderr all=off uptime,level,tags

Environment Variables:
JAVA_HOME=C:\Program Files\Java\jdk-17.0.1
PATH=C:\Program Files\Eclipse Adoptium\jdk-17.0.5.8-hotspot\bin;C:\Python310\Scripts\;C:\Python310\;C:\Program Files (x86)\NVIDIA Corporation\PhysX\Common;C:\Program Files\Common Files\Oracle\Java\javapath;C:\Program Files (x86)\Common Files\Oracle\Java\javapath;C:\Windows\system32;C:\Windows;C:\Windows\System32\Wbem;C:\Windows\System32\WindowsPowerShell\v1.0\;C:\Windows\System32\OpenSSH\;C:\Program Files\Git\cmd;C:\Program Files\Microsoft SQL Server\150\Tools\Binn\;C:\Users\losni\Documents\Cosas programacion\apache-ant-1.9.16\bin;C:\Users\losni\Documents\Cosas programacion\gradle-7.4\bin;C:\Program Files\Java\jdk-17.0.1\bin;C:\apache-maven-3.8.5\bin;C:\Program Files\nodejs\;C:\ProgramData\chocolatey\bin;C:\Program Files\dotnet\;C:\Python310\Scripts\;C:\Python310\;C:\Program Files (x86)\NVIDIA Corporation\PhysX\Common;C:\Program Files\Common Files\Oracle\Java\javapath;C:\Program Files (x86)\Common Files\Oracle\Java\javapath;C:\Windows\system32;C:\Windows;C:\Windows\System32\Wbem;C:\Windows\System32\WindowsPowerShell\v1.0\;C:\Windows\System32\OpenSSH\;C:\Program Files\Git\cmd;C:\Program Files\Microsoft SQL Server\150\Tools\Binn\;C:\Program Files\Microsoft SQL Server\Client SDK\ODBC\170\Tools\Binn\;C:\Users\losni\Documents\Cosas programacion\apache-ant-1.9.16\bin;C:\Users\losni\Documents\Cosas programacion\gradle-7.4\bin;C:\Program Files\Java\jdk-17.0.1\bin;C:\apache-maven-3.8.5\bin;C:\Program Files\nodejs\;C:\ProgramData\chocolatey\bin;C:\Program Files\Go\bin;C:\Program Files\dotnet\;C:\Program Files\MySQL\MySQL Shell 8.0\bin\;C:\Users\losni\AppData\Local\Microsoft\WindowsApps;D:\IntelliJ IDEA Community Edition 2021.3.2\bin;C:\Users\losni\AppData\Roaming\npm;C:\Program Files\heroku\bin;C:\Users\losni\go\bin;C:\Users\losni\AppData\Loc;;C:\Users\losni\AppData\Local\Programs\Microsoft VS Code\bin
USERNAME=losni
OS=Windows_NT
PROCESSOR_IDENTIFIER=AMD64 Family 25 Model 33 Stepping 0, AuthenticAMD
TMP=C:\Users\losni\AppData\Local\Temp
TEMP=C:\Users\losni\AppData\Local\Temp



---------------  S Y S T E M  ---------------

OS:
 Windows 10 , 64 bit Build 19041 (10.0.19041.2364)
OS uptime: 0 days 9:06 hours

CPU: total 12 (initial active 12) (12 cores per cpu, 2 threads per core) family 25 model 33 stepping 0 microcode 0x0, cx8, cmov, fxsr, ht, mmx, 3dnowpref, sse, sse2, sse3, ssse3, sse4a, sse4.1, sse4.2, popcnt, lzcnt, tsc, tscinvbit, avx, avx2, aes, erms, clmul, bmi1, bmi2, adx, sha, fma, vzeroupper, clflush, clflushopt

Memory: 4k page, system-wide physical 20391M (6602M free)
TotalPageFile size 26423M (AvailPageFile size 213M)
current process WorkingSet (physical memory assigned to process): 929M, peak: 929M
current process commit charge ("private bytes"): 956M, peak: 1628M

vm_info: OpenJDK 64-Bit Server VM (17.0.5+8) for windows-amd64 JRE (17.0.5+8), built on Oct 19 2022 04:48:13 by "temurin" with MS VC++ 16.7 (VS2019)

END.
